#
# There is insufficient memory for the Java Runtime Environment to continue.
# Native memory allocation (malloc) failed to allocate 1144016 bytes for Chunk::new
# Possible reasons:
#   The system is out of physical RAM or swap space
#   The process is running with CompressedOops enabled, and the Java Heap may be blocking the growth of the native heap
# Possible solutions:
#   Reduce memory load on the system
#   Increase physical memory or swap space
#   Check if swap backing store is full
#   Decrease Java heap size (-Xmx/-Xms)
#   Decrease number of Java threads
#   Decrease Java thread stack sizes (-Xss)
#   Set larger code cache with -XX:ReservedCodeCacheSize=
#   JVM is running with Unscaled Compressed Oops mode in which the Java heap is
#     placed in the first 4GB address space. The Java Heap base address is the
#     maximum limit for the native heap growth. Please use -XX:HeapBaseMinAddress
#     to set the Java Heap base and to place the Java Heap above 4GB virtual address.
# This output file may be truncated or incomplete.
#
#  Out of Memory Error (./src/hotspot/share/memory/arena.cpp:197), pid=3064, tid=2132
#
# JRE version: OpenJDK Runtime Environment (11.0.11+9) (build 11.0.11+9-b60-7590822)
# Java VM: OpenJDK 64-Bit Server VM (11.0.11+9-b60-7590822, mixed mode, tiered, compressed oops, g1 gc, windows-amd64)
# No core dump will be written. Minidumps are not enabled by default on client versions of Windows
#

---------------  S U M M A R Y ------------

Command Line: --add-opens=java.base/java.util=ALL-UNNAMED --add-opens=java.base/java.lang=ALL-UNNAMED --add-opens=java.base/java.lang.invoke=ALL-UNNAMED --add-opens=java.base/java.util=ALL-UNNAMED --add-opens=java.prefs/java.util.prefs=ALL-UNNAMED --add-opens=java.prefs/java.util.prefs=ALL-UNNAMED --add-opens=java.base/java.nio.charset=ALL-UNNAMED --add-opens=java.base/java.net=ALL-UNNAMED --add-opens=java.base/java.util.concurrent.atomic=ALL-UNNAMED -Xmx2048m -Dfile.encoding=UTF-8 -Duser.country=US -Duser.language=en -Duser.variant org.gradle.launcher.daemon.bootstrap.GradleDaemon 7.2

Host: AMD Ryzen 5 3550H with Radeon Vega Mobile Gfx  , 8 cores, 7G,  Windows 10 , 64 bit Build 22000 (10.0.22000.434)
Time: Fri Feb 11 10:23:00 2022 SE Asia Standard Time elapsed time: 41.371978 seconds (0d 0h 0m 41s)

---------------  T H R E A D  ---------------

Current thread (0x0000026d29317000):  JavaThread "C2 CompilerThread1" daemon [_thread_in_native, id=2132, stack(0x0000009832300000,0x0000009832400000)]


Current CompileTask:
C2:  41372 18476       4       com.android.tools.r8.internal.pe1::a (455 bytes)

Stack: [0x0000009832300000,0x0000009832400000]
Native frames: (J=compiled Java code, j=interpreted, Vv=VM code, C=native code)
V  [jvm.dll+0x5f214a]
V  [jvm.dll+0x726fb5]
V  [jvm.dll+0x7285cd]
V  [jvm.dll+0x728c83]
V  [jvm.dll+0x243278]
V  [jvm.dll+0xbc53c]
V  [jvm.dll+0xbca3c]
V  [jvm.dll+0x2b5c34]
V  [jvm.dll+0x508488]
V  [jvm.dll+0x203d53]
V  [jvm.dll+0x1fdbac]
V  [jvm.dll+0x1fb35f]
V  [jvm.dll+0x183d6c]
V  [jvm.dll+0x209a57]
V  [jvm.dll+0x2082a1]
V  [jvm.dll+0x6ef58f]
V  [jvm.dll+0x6e80b5]
V  [jvm.dll+0x5f1036]
C  [ucrtbase.dll+0x26c0c]
C  [KERNEL32.DLL+0x154e0]
C  [ntdll.dll+0x485b]


---------------  P R O C E S S  ---------------

Threads class SMR info:
_java_thread_list=0x0000026d218a5cd0, length=144, elements={
0x0000026d0586e000, 0x0000026d1fcf9800, 0x0000026d1fd02800, 0x0000026d1fd0f800,
0x0000026d1fd10800, 0x0000026d1fd11800, 0x0000026d2069f800, 0x0000026d206a0800,
0x0000026d206a1800, 0x0000026d20800000, 0x0000026d220b8800, 0x0000026d21388800,
0x0000026d22960800, 0x0000026d22e1a800, 0x0000026d228e1000, 0x0000026d227e7800,
0x0000026d21d4b800, 0x0000026d233e9000, 0x0000026d21bf1000, 0x0000026d22802000,
0x0000026d22803000, 0x0000026d22803800, 0x0000026d22804800, 0x0000026d227ff800,
0x0000026d227fe800, 0x0000026d22805000, 0x0000026d22800800, 0x0000026d22801000,
0x0000026d25558800, 0x0000026d25556800, 0x0000026d25557800, 0x0000026d2555a000,
0x0000026d2555b000, 0x0000026d25556000, 0x0000026d25555000, 0x0000026d2555f000,
0x0000026d2555c800, 0x0000026d2555d800, 0x0000026d2555e000, 0x0000026d2555f800,
0x0000026d25560800, 0x0000026d25561800, 0x0000026d2555b800, 0x0000026d25562000,
0x0000026d25563000, 0x0000026d26294800, 0x0000026d26298800, 0x0000026d26295800,
0x0000026d26299800, 0x0000026d26297000, 0x0000026d26296000, 0x0000026d26298000,
0x0000026d26293800, 0x0000026d2629e800, 0x0000026d2629a000, 0x0000026d2629d800,
0x0000026d262a1000, 0x0000026d2629f000, 0x0000026d2629b000, 0x0000026d262a1800,
0x0000026d262a0000, 0x0000026d2629c800, 0x0000026d2629c000, 0x0000026d262a2800,
0x0000026d24588000, 0x0000026d24586800, 0x0000026d24589800, 0x0000026d2458b000,
0x0000026d2458a800, 0x0000026d2458c000, 0x0000026d24587000, 0x0000026d2458d000,
0x0000026d2458d800, 0x0000026d2458e800, 0x0000026d24588800, 0x0000026d24594000,
0x0000026d24591000, 0x0000026d2458f800, 0x0000026d24591800, 0x0000026d24595000,
0x0000026d24590000, 0x0000026d24592800, 0x0000026d24593800, 0x0000026d25a69000,
0x0000026d25a69800, 0x0000026d25a67800, 0x0000026d25a6a800, 0x0000026d25a6b800,
0x0000026d25a66800, 0x0000026d25a65800, 0x0000026d25a68000, 0x0000026d25a71000,
0x0000026d25a70000, 0x0000026d25a6f800, 0x0000026d25a6e000, 0x0000026d25a6d000,
0x0000026d25a72000, 0x0000026d25a6c000, 0x0000026d25a72800, 0x0000026d25a6e800,
0x0000026d25a73800, 0x0000026d25a74800, 0x0000026d27b39000, 0x0000026d27b3a000,
0x0000026d27b3a800, 0x0000026d27b3c800, 0x0000026d27b3b800, 0x0000026d27b3d000,
0x0000026d27b37800, 0x0000026d27b3e000, 0x0000026d27b38800, 0x0000026d27b3f800,
0x0000026d27b41000, 0x0000026d27b40800, 0x0000026d27b42000, 0x0000026d27b44800,
0x0000026d27b3f000, 0x0000026d27b43800, 0x0000026d27b43000, 0x0000026d27b45800,
0x0000026d27b46000, 0x0000026d24263000, 0x0000026d24260800, 0x0000026d24262000,
0x0000026d2425f800, 0x0000026d24264000, 0x0000026d24264800, 0x0000026d2425f000,
0x0000026d2426a800, 0x0000026d24269800, 0x0000026d24267000, 0x0000026d2426b000,
0x0000026d24265800, 0x0000026d24266800, 0x0000026d2426d000, 0x0000026d2426d800,
0x0000026d24268800, 0x0000026d263ef000, 0x0000026d263f6800, 0x0000026d263f4800,
0x0000026d263f1800, 0x0000026d263ef800, 0x0000026d29317000, 0x0000026d263f2000
}

Java Threads: ( => current thread )
  0x0000026d0586e000 JavaThread "main" [_thread_blocked, id=4056, stack(0x0000009828100000,0x0000009828200000)]
  0x0000026d1fcf9800 JavaThread "Reference Handler" daemon [_thread_blocked, id=1116, stack(0x0000009828800000,0x0000009828900000)]
  0x0000026d1fd02800 JavaThread "Finalizer" daemon [_thread_blocked, id=1556, stack(0x0000009828900000,0x0000009828a00000)]
  0x0000026d1fd0f800 JavaThread "Signal Dispatcher" daemon [_thread_blocked, id=3252, stack(0x0000009828a00000,0x0000009828b00000)]
  0x0000026d1fd10800 JavaThread "Attach Listener" daemon [_thread_blocked, id=15128, stack(0x0000009828b00000,0x0000009828c00000)]
  0x0000026d1fd11800 JavaThread "Service Thread" daemon [_thread_blocked, id=10356, stack(0x0000009828c00000,0x0000009828d00000)]
  0x0000026d2069f800 JavaThread "C2 CompilerThread0" daemon [_thread_in_native, id=5540, stack(0x0000009828d00000,0x0000009828e00000)]
  0x0000026d206a0800 JavaThread "C1 CompilerThread0" daemon [_thread_in_native, id=10632, stack(0x0000009828e00000,0x0000009828f00000)]
  0x0000026d206a1800 JavaThread "Sweeper thread" daemon [_thread_blocked, id=4176, stack(0x0000009828f00000,0x0000009829000000)]
  0x0000026d20800000 JavaThread "Common-Cleaner" daemon [_thread_blocked, id=10516, stack(0x0000009829000000,0x0000009829100000)]
  0x0000026d220b8800 JavaThread "Daemon health stats" [_thread_blocked, id=4552, stack(0x0000009829400000,0x0000009829500000)]
  0x0000026d21388800 JavaThread "Incoming local TCP Connector on port 53879" [_thread_in_native, id=12844, stack(0x0000009829200000,0x0000009829300000)]
  0x0000026d22960800 JavaThread "Daemon periodic checks" [_thread_blocked, id=1560, stack(0x0000009829500000,0x0000009829600000)]
  0x0000026d22e1a800 JavaThread "Daemon" [_thread_blocked, id=752, stack(0x0000009829600000,0x0000009829700000)]
  0x0000026d228e1000 JavaThread "Handler for socket connection from /127.0.0.1:53879 to /127.0.0.1:53880" [_thread_in_native, id=10324, stack(0x0000009829700000,0x0000009829800000)]
  0x0000026d227e7800 JavaThread "Cancel handler" [_thread_blocked, id=8564, stack(0x0000009829800000,0x0000009829900000)]
  0x0000026d21d4b800 JavaThread "Daemon worker" [_thread_blocked, id=11820, stack(0x0000009829900000,0x0000009829a00000)]
  0x0000026d233e9000 JavaThread "Asynchronous log dispatcher for DefaultDaemonConnection: socket connection from /127.0.0.1:53879 to /127.0.0.1:53880" [_thread_blocked, id=14312, stack(0x0000009829a00000,0x0000009829b00000)]
  0x0000026d21bf1000 JavaThread "Stdin handler" [_thread_blocked, id=1712, stack(0x0000009829b00000,0x0000009829c00000)]
  0x0000026d22802000 JavaThread "Daemon client event forwarder" [_thread_blocked, id=9752, stack(0x0000009829c00000,0x0000009829d00000)]
  0x0000026d22803000 JavaThread "Cache worker for journal cache (C:\Users\ADMIN\.gradle\caches\journal-1)" [_thread_blocked, id=14588, stack(0x000000982a400000,0x000000982a500000)]
  0x0000026d22803800 JavaThread "File lock request listener" [_thread_in_native, id=6852, stack(0x000000982a500000,0x000000982a600000)]
  0x0000026d22804800 JavaThread "Cache worker for file hash cache (C:\Users\ADMIN\.gradle\caches\7.2\fileHashes)" [_thread_blocked, id=14364, stack(0x000000982a600000,0x000000982a700000)]
  0x0000026d227ff800 JavaThread "Cache worker for file hash cache (D:\COSMOS\Document\Android Studio\HelloWorld19.11\.gradle\7.2\fileHashes)" [_thread_blocked, id=9000, stack(0x000000982a900000,0x000000982aa00000)]
  0x0000026d227fe800 JavaThread "File watcher server" daemon [_thread_in_native, id=11388, stack(0x000000982aa00000,0x000000982ab00000)]
  0x0000026d22805000 JavaThread "File watcher consumer" daemon [_thread_blocked, id=15332, stack(0x000000982ab00000,0x000000982ac00000)]
  0x0000026d22800800 JavaThread "Cache worker for checksums cache (D:\COSMOS\Document\Android Studio\HelloWorld19.11\.gradle\checksums)" [_thread_blocked, id=12900, stack(0x000000982ac00000,0x000000982ad00000)]
  0x0000026d22801000 JavaThread "Cache worker for cache directory md-supplier (C:\Users\ADMIN\.gradle\caches\7.2\md-supplier)" [_thread_blocked, id=14540, stack(0x000000982ad00000,0x000000982ae00000)]
  0x0000026d25558800 JavaThread "Cache worker for cache directory md-rule (C:\Users\ADMIN\.gradle\caches\7.2\md-rule)" [_thread_blocked, id=10300, stack(0x000000982ae00000,0x000000982af00000)]
  0x0000026d25556800 JavaThread "Cache worker for execution history cache (C:\Users\ADMIN\.gradle\caches\7.2\executionHistory)" [_thread_blocked, id=8552, stack(0x000000982af00000,0x000000982b000000)]
  0x0000026d25557800 JavaThread "jar transforms" [_thread_blocked, id=6220, stack(0x000000982b100000,0x000000982b200000)]
  0x0000026d2555a000 JavaThread "Cache worker for file content cache (C:\Users\ADMIN\.gradle\caches\7.2\fileContent)" [_thread_blocked, id=9512, stack(0x000000982b200000,0x000000982b300000)]
  0x0000026d2555b000 JavaThread "jar transforms Thread 2" [_thread_blocked, id=3312, stack(0x000000982b300000,0x000000982b400000)]
  0x0000026d25556000 JavaThread "Cache worker for dependencies-accessors (D:\COSMOS\Document\Android Studio\HelloWorld19.11\.gradle\7.2\dependencies-accessors)" [_thread_blocked, id=12352, stack(0x000000982b400000,0x000000982b500000)]
  0x0000026d25555000 JavaThread "jar transforms Thread 3" [_thread_blocked, id=4732, stack(0x000000982b500000,0x000000982b600000)]
  0x0000026d2555f000 JavaThread "Cache worker for Build Output Cleanup Cache (D:\COSMOS\Document\Android Studio\HelloWorld19.11\.gradle\buildOutputCleanup)" [_thread_blocked, id=5736, stack(0x000000982b600000,0x000000982b700000)]
  0x0000026d2555c800 JavaThread "Unconstrained build operations" [_thread_blocked, id=6644, stack(0x000000982a800000,0x000000982a900000)]
  0x0000026d2555d800 JavaThread "Unconstrained build operations Thread 2" [_thread_in_Java, id=5820, stack(0x000000982b000000,0x000000982b100000)]
  0x0000026d2555e000 JavaThread "Unconstrained build operations Thread 3" [_thread_blocked, id=12096, stack(0x000000982b700000,0x000000982b800000)]
  0x0000026d2555f800 JavaThread "Unconstrained build operations Thread 4" [_thread_blocked, id=4336, stack(0x000000982b800000,0x000000982b900000)]
  0x0000026d25560800 JavaThread "Unconstrained build operations Thread 5" [_thread_blocked, id=11012, stack(0x000000982b900000,0x000000982ba00000)]
  0x0000026d25561800 JavaThread "Unconstrained build operations Thread 6" [_thread_blocked, id=1600, stack(0x000000982ba00000,0x000000982bb00000)]
  0x0000026d2555b800 JavaThread "Unconstrained build operations Thread 7" [_thread_blocked, id=12220, stack(0x000000982bb00000,0x000000982bc00000)]
  0x0000026d25562000 JavaThread "Unconstrained build operations Thread 8" [_thread_in_Java, id=7132, stack(0x000000982bc00000,0x000000982bd00000)]
  0x0000026d25563000 JavaThread "Unconstrained build operations Thread 9" [_thread_blocked, id=2768, stack(0x000000982bd00000,0x000000982be00000)]
  0x0000026d26294800 JavaThread "Unconstrained build operations Thread 10" [_thread_blocked, id=12640, stack(0x000000982be00000,0x000000982bf00000)]
  0x0000026d26298800 JavaThread "Unconstrained build operations Thread 11" [_thread_blocked, id=10416, stack(0x000000982bf00000,0x000000982c000000)]
  0x0000026d26295800 JavaThread "Unconstrained build operations Thread 12" [_thread_in_Java, id=7616, stack(0x000000982c000000,0x000000982c100000)]
  0x0000026d26299800 JavaThread "Unconstrained build operations Thread 13" [_thread_blocked, id=4720, stack(0x000000982c100000,0x000000982c200000)]
  0x0000026d26297000 JavaThread "Unconstrained build operations Thread 14" [_thread_blocked, id=7368, stack(0x000000982c200000,0x000000982c300000)]
  0x0000026d26296000 JavaThread "Unconstrained build operations Thread 15" [_thread_blocked, id=6032, stack(0x000000982c300000,0x000000982c400000)]
  0x0000026d26298000 JavaThread "Unconstrained build operations Thread 16" [_thread_blocked, id=6280, stack(0x000000982c400000,0x000000982c500000)]
  0x0000026d26293800 JavaThread "Unconstrained build operations Thread 17" [_thread_blocked, id=3920, stack(0x000000982c500000,0x000000982c600000)]
  0x0000026d2629e800 JavaThread "Unconstrained build operations Thread 18" [_thread_blocked, id=14996, stack(0x000000982c600000,0x000000982c700000)]
  0x0000026d2629a000 JavaThread "Unconstrained build operations Thread 19" [_thread_blocked, id=1976, stack(0x000000982c700000,0x000000982c800000)]
  0x0000026d2629d800 JavaThread "Unconstrained build operations Thread 20" [_thread_blocked, id=7620, stack(0x000000982c800000,0x000000982c900000)]
  0x0000026d262a1000 JavaThread "Unconstrained build operations Thread 21" [_thread_blocked, id=6528, stack(0x000000982c900000,0x000000982ca00000)]
  0x0000026d2629f000 JavaThread "Unconstrained build operations Thread 22" [_thread_blocked, id=4532, stack(0x000000982ca00000,0x000000982cb00000)]
  0x0000026d2629b000 JavaThread "Unconstrained build operations Thread 23" [_thread_in_Java, id=9200, stack(0x000000982cb00000,0x000000982cc00000)]
  0x0000026d262a1800 JavaThread "Unconstrained build operations Thread 24" [_thread_blocked, id=14708, stack(0x000000982cc00000,0x000000982cd00000)]
  0x0000026d262a0000 JavaThread "Unconstrained build operations Thread 25" [_thread_blocked, id=12732, stack(0x000000982cd00000,0x000000982ce00000)]
  0x0000026d2629c800 JavaThread "Unconstrained build operations Thread 26" [_thread_blocked, id=14356, stack(0x000000982ce00000,0x000000982cf00000)]
  0x0000026d2629c000 JavaThread "Unconstrained build operations Thread 27" [_thread_blocked, id=5660, stack(0x000000982cf00000,0x000000982d000000)]
  0x0000026d262a2800 JavaThread "Unconstrained build operations Thread 28" [_thread_blocked, id=7896, stack(0x000000982d000000,0x000000982d100000)]
  0x0000026d24588000 JavaThread "Unconstrained build operations Thread 29" [_thread_blocked, id=9520, stack(0x000000982d100000,0x000000982d200000)]
  0x0000026d24586800 JavaThread "Unconstrained build operations Thread 30" [_thread_blocked, id=3404, stack(0x000000982d200000,0x000000982d300000)]
  0x0000026d24589800 JavaThread "Unconstrained build operations Thread 31" [_thread_blocked, id=14436, stack(0x000000982d300000,0x000000982d400000)]
  0x0000026d2458b000 JavaThread "Unconstrained build operations Thread 32" [_thread_blocked, id=11760, stack(0x000000982d400000,0x000000982d500000)]
  0x0000026d2458a800 JavaThread "Unconstrained build operations Thread 33" [_thread_blocked, id=9380, stack(0x000000982d500000,0x000000982d600000)]
  0x0000026d2458c000 JavaThread "Unconstrained build operations Thread 34" [_thread_blocked, id=9368, stack(0x000000982d600000,0x000000982d700000)]
  0x0000026d24587000 JavaThread "Unconstrained build operations Thread 35" [_thread_blocked, id=15028, stack(0x000000982d700000,0x000000982d800000)]
  0x0000026d2458d000 JavaThread "Unconstrained build operations Thread 36" [_thread_blocked, id=14200, stack(0x000000982d800000,0x000000982d900000)]
  0x0000026d2458d800 JavaThread "Unconstrained build operations Thread 37" [_thread_blocked, id=13220, stack(0x000000982d900000,0x000000982da00000)]
  0x0000026d2458e800 JavaThread "Unconstrained build operations Thread 38" [_thread_blocked, id=13460, stack(0x000000982da00000,0x000000982db00000)]
  0x0000026d24588800 JavaThread "Unconstrained build operations Thread 39" [_thread_blocked, id=10604, stack(0x000000982db00000,0x000000982dc00000)]
  0x0000026d24594000 JavaThread "Unconstrained build operations Thread 40" [_thread_blocked, id=10052, stack(0x000000982dc00000,0x000000982dd00000)]
  0x0000026d24591000 JavaThread "Unconstrained build operations Thread 41" [_thread_blocked, id=1932, stack(0x000000982dd00000,0x000000982de00000)]
  0x0000026d2458f800 JavaThread "Unconstrained build operations Thread 42" [_thread_blocked, id=6692, stack(0x000000982de00000,0x000000982df00000)]
  0x0000026d24591800 JavaThread "Unconstrained build operations Thread 43" [_thread_blocked, id=14792, stack(0x000000982df00000,0x000000982e000000)]
  0x0000026d24595000 JavaThread "Unconstrained build operations Thread 44" [_thread_blocked, id=10244, stack(0x000000982e000000,0x000000982e100000)]
  0x0000026d24590000 JavaThread "Unconstrained build operations Thread 45" [_thread_blocked, id=13112, stack(0x000000982e100000,0x000000982e200000)]
  0x0000026d24592800 JavaThread "Unconstrained build operations Thread 46" [_thread_blocked, id=1640, stack(0x000000982e200000,0x000000982e300000)]
  0x0000026d24593800 JavaThread "Unconstrained build operations Thread 47" [_thread_blocked, id=14900, stack(0x000000982e300000,0x000000982e400000)]
  0x0000026d25a69000 JavaThread "Unconstrained build operations Thread 48" [_thread_in_Java, id=2616, stack(0x000000982e400000,0x000000982e500000)]
  0x0000026d25a69800 JavaThread "Unconstrained build operations Thread 49" [_thread_blocked, id=9284, stack(0x000000982e500000,0x000000982e600000)]
  0x0000026d25a67800 JavaThread "Unconstrained build operations Thread 50" [_thread_blocked, id=8512, stack(0x000000982e600000,0x000000982e700000)]
  0x0000026d25a6a800 JavaThread "Unconstrained build operations Thread 51" [_thread_blocked, id=4468, stack(0x000000982e700000,0x000000982e800000)]
  0x0000026d25a6b800 JavaThread "Unconstrained build operations Thread 52" [_thread_blocked, id=1220, stack(0x000000982e800000,0x000000982e900000)]
  0x0000026d25a66800 JavaThread "Unconstrained build operations Thread 53" [_thread_blocked, id=5764, stack(0x000000982e900000,0x000000982ea00000)]
  0x0000026d25a65800 JavaThread "Unconstrained build operations Thread 54" [_thread_blocked, id=12236, stack(0x000000982ea00000,0x000000982eb00000)]
  0x0000026d25a68000 JavaThread "Unconstrained build operations Thread 55" [_thread_blocked, id=14992, stack(0x000000982eb00000,0x000000982ec00000)]
  0x0000026d25a71000 JavaThread "Unconstrained build operations Thread 56" [_thread_blocked, id=11452, stack(0x000000982ec00000,0x000000982ed00000)]
  0x0000026d25a70000 JavaThread "Unconstrained build operations Thread 57" [_thread_blocked, id=13884, stack(0x000000982ed00000,0x000000982ee00000)]
  0x0000026d25a6f800 JavaThread "Unconstrained build operations Thread 58" [_thread_blocked, id=10536, stack(0x000000982ee00000,0x000000982ef00000)]
  0x0000026d25a6e000 JavaThread "Unconstrained build operations Thread 59" [_thread_blocked, id=15296, stack(0x000000982ef00000,0x000000982f000000)]
  0x0000026d25a6d000 JavaThread "Unconstrained build operations Thread 60" [_thread_blocked, id=9476, stack(0x000000982f000000,0x000000982f100000)]
  0x0000026d25a72000 JavaThread "Unconstrained build operations Thread 61" [_thread_blocked, id=12956, stack(0x000000982f100000,0x000000982f200000)]
  0x0000026d25a6c000 JavaThread "Unconstrained build operations Thread 62" [_thread_blocked, id=13456, stack(0x000000982f200000,0x000000982f300000)]
  0x0000026d25a72800 JavaThread "Unconstrained build operations Thread 63" [_thread_blocked, id=9864, stack(0x000000982f300000,0x000000982f400000)]
  0x0000026d25a6e800 JavaThread "Unconstrained build operations Thread 64" [_thread_blocked, id=14188, stack(0x000000982f400000,0x000000982f500000)]
  0x0000026d25a73800 JavaThread "Unconstrained build operations Thread 65" [_thread_in_Java, id=1232, stack(0x000000982f500000,0x000000982f600000)]
  0x0000026d25a74800 JavaThread "Unconstrained build operations Thread 66" [_thread_blocked, id=7960, stack(0x000000982f600000,0x000000982f700000)]
  0x0000026d27b39000 JavaThread "Unconstrained build operations Thread 67" [_thread_blocked, id=4568, stack(0x000000982f700000,0x000000982f800000)]
  0x0000026d27b3a000 JavaThread "Unconstrained build operations Thread 68" [_thread_blocked, id=12544, stack(0x000000982f800000,0x000000982f900000)]
  0x0000026d27b3a800 JavaThread "Unconstrained build operations Thread 69" [_thread_blocked, id=12044, stack(0x000000982f900000,0x000000982fa00000)]
  0x0000026d27b3c800 JavaThread "Unconstrained build operations Thread 70" [_thread_blocked, id=14560, stack(0x000000982fa00000,0x000000982fb00000)]
  0x0000026d27b3b800 JavaThread "Unconstrained build operations Thread 71" [_thread_blocked, id=872, stack(0x000000982fb00000,0x000000982fc00000)]
  0x0000026d27b3d000 JavaThread "Unconstrained build operations Thread 72" [_thread_blocked, id=14704, stack(0x000000982fc00000,0x000000982fd00000)]
  0x0000026d27b37800 JavaThread "Unconstrained build operations Thread 73" [_thread_blocked, id=1304, stack(0x000000982fd00000,0x000000982fe00000)]
  0x0000026d27b3e000 JavaThread "Unconstrained build operations Thread 74" [_thread_in_Java, id=8692, stack(0x000000982fe00000,0x000000982ff00000)]
  0x0000026d27b38800 JavaThread "Unconstrained build operations Thread 75" [_thread_blocked, id=4084, stack(0x000000982ff00000,0x0000009830000000)]
  0x0000026d27b3f800 JavaThread "Unconstrained build operations Thread 76" [_thread_blocked, id=9136, stack(0x0000009830000000,0x0000009830100000)]
  0x0000026d27b41000 JavaThread "Unconstrained build operations Thread 77" [_thread_blocked, id=12880, stack(0x0000009830100000,0x0000009830200000)]
  0x0000026d27b40800 JavaThread "Unconstrained build operations Thread 78" [_thread_blocked, id=9088, stack(0x0000009830200000,0x0000009830300000)]
  0x0000026d27b42000 JavaThread "Unconstrained build operations Thread 79" [_thread_blocked, id=14204, stack(0x0000009830300000,0x0000009830400000)]
  0x0000026d27b44800 JavaThread "Unconstrained build operations Thread 80" [_thread_blocked, id=10624, stack(0x0000009830400000,0x0000009830500000)]
  0x0000026d27b3f000 JavaThread "jar transforms Thread 4" [_thread_blocked, id=1496, stack(0x0000009830600000,0x0000009830700000)]
  0x0000026d27b43800 JavaThread "jar transforms Thread 5" [_thread_blocked, id=6112, stack(0x0000009830700000,0x0000009830800000)]
  0x0000026d27b43000 JavaThread "jar transforms Thread 6" [_thread_blocked, id=2492, stack(0x0000009830800000,0x0000009830900000)]
  0x0000026d27b45800 JavaThread "jar transforms Thread 7" [_thread_blocked, id=6560, stack(0x0000009830900000,0x0000009830a00000)]
  0x0000026d27b46000 JavaThread "jar transforms Thread 8" [_thread_blocked, id=2528, stack(0x0000009830a00000,0x0000009830b00000)]
  0x0000026d24263000 JavaThread "Memory manager" [_thread_blocked, id=8372, stack(0x0000009830b00000,0x0000009830c00000)]
  0x0000026d24260800 JavaThread "build event listener" [_thread_blocked, id=14812, stack(0x0000009830d00000,0x0000009830e00000)]
  0x0000026d24262000 JavaThread "pool-3-thread-1" [_thread_blocked, id=5496, stack(0x0000009830e00000,0x0000009830f00000)]
  0x0000026d2425f800 JavaThread "build event listener" [_thread_blocked, id=10384, stack(0x0000009830f00000,0x0000009831000000)]
  0x0000026d24264000 JavaThread "Execution worker for ':'" [_thread_blocked, id=1392, stack(0x0000009831000000,0x0000009831100000)]
  0x0000026d24264800 JavaThread "Execution worker for ':' Thread 2" [_thread_blocked, id=14352, stack(0x0000009831100000,0x0000009831200000)]
  0x0000026d2425f000 JavaThread "Execution worker for ':' Thread 3" [_thread_blocked, id=12724, stack(0x0000009831200000,0x0000009831300000)]
  0x0000026d2426a800 JavaThread "Execution worker for ':' Thread 4" [_thread_blocked, id=5524, stack(0x0000009831300000,0x0000009831400000)]
  0x0000026d24269800 JavaThread "Execution worker for ':' Thread 5" [_thread_blocked, id=5596, stack(0x0000009831400000,0x0000009831500000)]
  0x0000026d24267000 JavaThread "Execution worker for ':' Thread 6" [_thread_blocked, id=2124, stack(0x0000009831500000,0x0000009831600000)]
  0x0000026d2426b000 JavaThread "Execution worker for ':' Thread 7" [_thread_blocked, id=13900, stack(0x0000009831600000,0x0000009831700000)]
  0x0000026d24265800 JavaThread "Cache worker for execution history cache (D:\COSMOS\Document\Android Studio\HelloWorld19.11\.gradle\7.2\executionHistory)" [_thread_blocked, id=4840, stack(0x0000009831700000,0x0000009831800000)]
  0x0000026d24266800 JavaThread "WorkerExecutor Queue" [_thread_blocked, id=9400, stack(0x0000009830c00000,0x0000009830d00000)]
  0x0000026d2426d000 JavaThread "WorkerExecutor Queue Thread 2" [_thread_blocked, id=11444, stack(0x0000009831800000,0x0000009831900000)]
  0x0000026d2426d800 JavaThread "WorkerExecutor Queue Thread 4" [_thread_blocked, id=15356, stack(0x0000009831a00000,0x0000009831b00000)]
  0x0000026d24268800 JavaThread "WorkerExecutor Queue Thread 5" [_thread_blocked, id=8752, stack(0x0000009831b00000,0x0000009831c00000)]
  0x0000026d263ef000 JavaThread "WorkerExecutor Queue Thread 6" [_thread_blocked, id=8976, stack(0x0000009831c00000,0x0000009831d00000)]
  0x0000026d263f6800 JavaThread "WorkerExecutor Queue Thread 8" [_thread_blocked, id=11052, stack(0x0000009831e00000,0x0000009831f00000)]
  0x0000026d263f4800 JavaThread "pool-4-thread-1" [_thread_blocked, id=6084, stack(0x0000009831d00000,0x0000009831e00000)]
  0x0000026d263f1800 JavaThread "stderr" [_thread_in_native, id=2436, stack(0x0000009832100000,0x0000009832200000)]
  0x0000026d263ef800 JavaThread "stdout" [_thread_in_native, id=14664, stack(0x0000009832200000,0x0000009832300000)]
=>0x0000026d29317000 JavaThread "C2 CompilerThread1" daemon [_thread_in_native, id=2132, stack(0x0000009832300000,0x0000009832400000)]
  0x0000026d263f2000 JavaThread "WorkerExecutor Queue Thread 9" [_thread_blocked, id=9036, stack(0x0000009832400000,0x0000009832500000)]

Other Threads:
  0x0000026d1fcf2800 VMThread "VM Thread" [stack: 0x0000009828700000,0x0000009828800000] [id=2720]
  0x0000026d20807800 WatcherThread [stack: 0x0000009829100000,0x0000009829200000] [id=2884]
  0x0000026d05886800 GCTaskThread "GC Thread#0" [stack: 0x0000009828200000,0x0000009828300000] [id=1900]
  0x0000026d214af800 GCTaskThread "GC Thread#1" [stack: 0x0000009829300000,0x0000009829400000] [id=15212]
  0x0000026d23158000 GCTaskThread "GC Thread#2" [stack: 0x0000009829d00000,0x0000009829e00000] [id=4032]
  0x0000026d2196a000 GCTaskThread "GC Thread#3" [stack: 0x0000009829e00000,0x0000009829f00000] [id=9168]
  0x0000026d21303000 GCTaskThread "GC Thread#4" [stack: 0x0000009829f00000,0x000000982a000000] [id=3928]
  0x0000026d21304000 GCTaskThread "GC Thread#5" [stack: 0x000000982a000000,0x000000982a100000] [id=1300]
  0x0000026d212f5800 GCTaskThread "GC Thread#6" [stack: 0x000000982a100000,0x000000982a200000] [id=1584]
  0x0000026d212f6800 GCTaskThread "GC Thread#7" [stack: 0x000000982a200000,0x000000982a300000] [id=8532]
  0x0000026d058b9800 ConcurrentGCThread "G1 Main Marker" [stack: 0x0000009828300000,0x0000009828400000] [id=300]
  0x0000026d058bb000 ConcurrentGCThread "G1 Conc#0" [stack: 0x0000009828400000,0x0000009828500000] [id=5200]
  0x0000026d23042800 ConcurrentGCThread "G1 Conc#1" [stack: 0x000000982a700000,0x000000982a800000] [id=14320]
  0x0000026d0593d800 ConcurrentGCThread "G1 Refine#0" [stack: 0x0000009828500000,0x0000009828600000] [id=5240]
  0x0000026d2122c800 ConcurrentGCThread "G1 Refine#1" [stack: 0x000000982a300000,0x000000982a400000] [id=6872]
  0x0000026d1fb40800 ConcurrentGCThread "G1 Young RemSet Sampling" [stack: 0x0000009828600000,0x0000009828700000] [id=6476]

Threads with active compile tasks:
C2 CompilerThread0  41427 18100       4       com.android.tools.r8.ir.regalloc.b::i (620 bytes)
C1 CompilerThread0  41428 18652 %     3       com.android.tools.r8.internal.SR0::a @ 1600 (3200 bytes)
C2 CompilerThread1  41428 18476       4       com.android.tools.r8.internal.pe1::a (455 bytes)

VM state:not at safepoint (normal execution)

VM Mutex/Monitor currently owned by a thread: None

Heap address: 0x0000000080000000, size: 2048 MB, Compressed Oops mode: 32-bit
Narrow klass base: 0x0000000000000000, Narrow klass shift: 3
Compressed class space size: 1073741824 Address: 0x0000000100000000

Heap:
 garbage-first heap   total 264192K, used 209909K [0x0000000080000000, 0x0000000100000000)
  region size 1024K, 70 young (71680K), 7 survivors (7168K)
 Metaspace       used 118895K, capacity 121775K, committed 122572K, reserved 1155072K
  class space    used 14938K, capacity 16032K, committed 16332K, reserved 1048576K
Heap Regions: E=young(eden), S=young(survivor), O=old, HS=humongous(starts), HC=humongous(continues), CS=collection set, F=free, A=archive, TAMS=top-at-mark-start (previous, next)
|   0|0x0000000080000000, 0x0000000080100000, 0x0000000080100000|100%| O|  |TAMS 0x0000000080100000, 0x0000000080000000| Untracked 
|   1|0x0000000080100000, 0x0000000080200000, 0x0000000080200000|100%| O|  |TAMS 0x0000000080200000, 0x0000000080100000| Untracked 
|   2|0x0000000080200000, 0x0000000080300000, 0x0000000080300000|100%| O|  |TAMS 0x0000000080300000, 0x0000000080200000| Untracked 
|   3|0x0000000080300000, 0x0000000080400000, 0x0000000080400000|100%|HS|  |TAMS 0x0000000080400000, 0x0000000080300000| Complete 
|   4|0x0000000080400000, 0x0000000080500000, 0x0000000080500000|100%|HC|  |TAMS 0x0000000080500000, 0x0000000080400000| Complete 
|   5|0x0000000080500000, 0x0000000080600000, 0x0000000080600000|100%|HC|  |TAMS 0x0000000080600000, 0x0000000080500000| Complete 
|   6|0x0000000080600000, 0x0000000080700000, 0x0000000080700000|100%| O|  |TAMS 0x0000000080700000, 0x0000000080600000| Untracked 
|   7|0x0000000080700000, 0x0000000080800000, 0x0000000080800000|100%| O|  |TAMS 0x0000000080800000, 0x0000000080700000| Untracked 
|   8|0x0000000080800000, 0x0000000080900000, 0x0000000080900000|100%| O|  |TAMS 0x0000000080900000, 0x0000000080800000| Untracked 
|   9|0x0000000080900000, 0x0000000080a00000, 0x0000000080a00000|100%| O|  |TAMS 0x0000000080a00000, 0x0000000080900000| Untracked 
|  10|0x0000000080a00000, 0x0000000080b00000, 0x0000000080b00000|100%| O|  |TAMS 0x0000000080b00000, 0x0000000080a00000| Untracked 
|  11|0x0000000080b00000, 0x0000000080c00000, 0x0000000080c00000|100%| O|  |TAMS 0x0000000080c00000, 0x0000000080b00000| Untracked 
|  12|0x0000000080c00000, 0x0000000080d00000, 0x0000000080d00000|100%| O|  |TAMS 0x0000000080d00000, 0x0000000080c00000| Untracked 
|  13|0x0000000080d00000, 0x0000000080e00000, 0x0000000080e00000|100%| O|  |TAMS 0x0000000080e00000, 0x0000000080d00000| Untracked 
|  14|0x0000000080e00000, 0x0000000080f00000, 0x0000000080f00000|100%| O|  |TAMS 0x0000000080f00000, 0x0000000080e00000| Untracked 
|  15|0x0000000080f00000, 0x0000000081000000, 0x0000000081000000|100%| O|  |TAMS 0x0000000081000000, 0x0000000080f00000| Untracked 
|  16|0x0000000081000000, 0x0000000081100000, 0x0000000081100000|100%| O|  |TAMS 0x0000000081100000, 0x0000000081000000| Untracked 
|  17|0x0000000081100000, 0x0000000081200000, 0x0000000081200000|100%| O|  |TAMS 0x0000000081200000, 0x0000000081100000| Untracked 
|  18|0x0000000081200000, 0x0000000081300000, 0x0000000081300000|100%| O|  |TAMS 0x0000000081300000, 0x0000000081200000| Untracked 
|  19|0x0000000081300000, 0x0000000081400000, 0x0000000081400000|100%|HS|  |TAMS 0x0000000081400000, 0x0000000081300000| Complete 
|  20|0x0000000081400000, 0x0000000081500000, 0x0000000081500000|100%| O|  |TAMS 0x0000000081500000, 0x0000000081400000| Untracked 
|  21|0x0000000081500000, 0x0000000081600000, 0x0000000081600000|100%| O|  |TAMS 0x0000000081600000, 0x0000000081500000| Untracked 
|  22|0x0000000081600000, 0x0000000081700000, 0x0000000081700000|100%| O|  |TAMS 0x0000000081700000, 0x0000000081600000| Untracked 
|  23|0x0000000081700000, 0x0000000081800000, 0x0000000081800000|100%| O|  |TAMS 0x0000000081800000, 0x0000000081700000| Untracked 
|  24|0x0000000081800000, 0x0000000081900000, 0x0000000081900000|100%|HS|  |TAMS 0x0000000081900000, 0x0000000081800000| Complete 
|  25|0x0000000081900000, 0x0000000081a00000, 0x0000000081a00000|100%|HS|  |TAMS 0x0000000081a00000, 0x0000000081900000| Complete 
|  26|0x0000000081a00000, 0x0000000081b00000, 0x0000000081b00000|100%|HS|  |TAMS 0x0000000081b00000, 0x0000000081a00000| Complete 
|  27|0x0000000081b00000, 0x0000000081c00000, 0x0000000081c00000|100%|HC|  |TAMS 0x0000000081c00000, 0x0000000081b00000| Complete 
|  28|0x0000000081c00000, 0x0000000081d00000, 0x0000000081d00000|100%| O|  |TAMS 0x0000000081d00000, 0x0000000081c00000| Untracked 
|  29|0x0000000081d00000, 0x0000000081e00000, 0x0000000081e00000|100%| O|  |TAMS 0x0000000081e00000, 0x0000000081d00000| Untracked 
|  30|0x0000000081e00000, 0x0000000081f00000, 0x0000000081f00000|100%| O|  |TAMS 0x0000000081f00000, 0x0000000081e00000| Untracked 
|  31|0x0000000081f00000, 0x0000000082000000, 0x0000000082000000|100%| O|  |TAMS 0x0000000082000000, 0x0000000081f00000| Untracked 
|  32|0x0000000082000000, 0x0000000082100000, 0x0000000082100000|100%| O|  |TAMS 0x0000000082100000, 0x0000000082000000| Untracked 
|  33|0x0000000082100000, 0x0000000082200000, 0x0000000082200000|100%| O|  |TAMS 0x0000000082200000, 0x0000000082100000| Untracked 
|  34|0x0000000082200000, 0x0000000082300000, 0x0000000082300000|100%| O|  |TAMS 0x0000000082300000, 0x0000000082200000| Untracked 
|  35|0x0000000082300000, 0x0000000082400000, 0x0000000082400000|100%| O|  |TAMS 0x0000000082400000, 0x0000000082300000| Untracked 
|  36|0x0000000082400000, 0x0000000082500000, 0x0000000082500000|100%| O|  |TAMS 0x0000000082500000, 0x0000000082400000| Untracked 
|  37|0x0000000082500000, 0x0000000082600000, 0x0000000082600000|100%| O|  |TAMS 0x0000000082600000, 0x0000000082500000| Untracked 
|  38|0x0000000082600000, 0x0000000082700000, 0x0000000082700000|100%| O|  |TAMS 0x0000000082700000, 0x0000000082600000| Untracked 
|  39|0x0000000082700000, 0x0000000082800000, 0x0000000082800000|100%| O|  |TAMS 0x0000000082800000, 0x0000000082700000| Untracked 
|  40|0x0000000082800000, 0x0000000082900000, 0x0000000082900000|100%| O|  |TAMS 0x0000000082900000, 0x0000000082800000| Untracked 
|  41|0x0000000082900000, 0x0000000082a00000, 0x0000000082a00000|100%| O|  |TAMS 0x0000000082a00000, 0x0000000082900000| Untracked 
|  42|0x0000000082a00000, 0x0000000082b00000, 0x0000000082b00000|100%| O|  |TAMS 0x0000000082b00000, 0x0000000082a00000| Untracked 
|  43|0x0000000082b00000, 0x0000000082c00000, 0x0000000082c00000|100%| O|  |TAMS 0x0000000082c00000, 0x0000000082b00000| Untracked 
|  44|0x0000000082c00000, 0x0000000082d00000, 0x0000000082d00000|100%| O|  |TAMS 0x0000000082d00000, 0x0000000082c00000| Untracked 
|  45|0x0000000082d00000, 0x0000000082e00000, 0x0000000082e00000|100%| O|  |TAMS 0x0000000082e00000, 0x0000000082d00000| Untracked 
|  46|0x0000000082e00000, 0x0000000082f00000, 0x0000000082f00000|100%| O|  |TAMS 0x0000000082f00000, 0x0000000082e00000| Untracked 
|  47|0x0000000082f00000, 0x0000000083000000, 0x0000000083000000|100%| O|  |TAMS 0x0000000083000000, 0x0000000082f00000| Untracked 
|  48|0x0000000083000000, 0x0000000083100000, 0x0000000083100000|100%| O|  |TAMS 0x0000000083100000, 0x0000000083000000| Untracked 
|  49|0x0000000083100000, 0x0000000083200000, 0x0000000083200000|100%| O|  |TAMS 0x0000000083200000, 0x0000000083100000| Untracked 
|  50|0x0000000083200000, 0x0000000083300000, 0x0000000083300000|100%| O|  |TAMS 0x0000000083300000, 0x0000000083200000| Untracked 
|  51|0x0000000083300000, 0x0000000083400000, 0x0000000083400000|100%| O|  |TAMS 0x0000000083400000, 0x0000000083300000| Untracked 
|  52|0x0000000083400000, 0x0000000083500000, 0x0000000083500000|100%| O|  |TAMS 0x0000000083500000, 0x0000000083400000| Untracked 
|  53|0x0000000083500000, 0x0000000083600000, 0x0000000083600000|100%| O|  |TAMS 0x0000000083600000, 0x0000000083500000| Untracked 
|  54|0x0000000083600000, 0x0000000083700000, 0x0000000083700000|100%| O|  |TAMS 0x0000000083700000, 0x0000000083600000| Untracked 
|  55|0x0000000083700000, 0x0000000083800000, 0x0000000083800000|100%| O|  |TAMS 0x0000000083800000, 0x0000000083700000| Untracked 
|  56|0x0000000083800000, 0x0000000083900000, 0x0000000083900000|100%| O|  |TAMS 0x0000000083900000, 0x0000000083800000| Untracked 
|  57|0x0000000083900000, 0x0000000083a00000, 0x0000000083a00000|100%| O|  |TAMS 0x0000000083a00000, 0x0000000083900000| Untracked 
|  58|0x0000000083a00000, 0x0000000083b00000, 0x0000000083b00000|100%| O|  |TAMS 0x0000000083b00000, 0x0000000083a00000| Untracked 
|  59|0x0000000083b00000, 0x0000000083c00000, 0x0000000083c00000|100%| O|  |TAMS 0x0000000083c00000, 0x0000000083b00000| Untracked 
|  60|0x0000000083c00000, 0x0000000083d00000, 0x0000000083d00000|100%| O|  |TAMS 0x0000000083d00000, 0x0000000083c00000| Untracked 
|  61|0x0000000083d00000, 0x0000000083e00000, 0x0000000083e00000|100%| O|  |TAMS 0x0000000083e00000, 0x0000000083d00000| Untracked 
|  62|0x0000000083e00000, 0x0000000083f00000, 0x0000000083f00000|100%| O|  |TAMS 0x0000000083f00000, 0x0000000083e00000| Untracked 
|  63|0x0000000083f00000, 0x0000000084000000, 0x0000000084000000|100%| O|  |TAMS 0x0000000084000000, 0x0000000083f00000| Untracked 
|  64|0x0000000084000000, 0x0000000084100000, 0x0000000084100000|100%| O|  |TAMS 0x0000000084100000, 0x0000000084000000| Untracked 
|  65|0x0000000084100000, 0x0000000084200000, 0x0000000084200000|100%| O|  |TAMS 0x0000000084200000, 0x0000000084100000| Untracked 
|  66|0x0000000084200000, 0x0000000084300000, 0x0000000084300000|100%| O|  |TAMS 0x0000000084300000, 0x0000000084200000| Untracked 
|  67|0x0000000084300000, 0x0000000084400000, 0x0000000084400000|100%| O|  |TAMS 0x0000000084400000, 0x0000000084300000| Untracked 
|  68|0x0000000084400000, 0x00000000844b3e00, 0x0000000084500000| 70%| O|  |TAMS 0x00000000844b3e00, 0x0000000084400000| Untracked 
|  69|0x0000000084500000, 0x0000000084600000, 0x0000000084600000|100%| O|  |TAMS 0x0000000084600000, 0x0000000084500000| Untracked 
|  70|0x0000000084600000, 0x0000000084700000, 0x0000000084700000|100%| O|  |TAMS 0x0000000084700000, 0x0000000084600000| Untracked 
|  71|0x0000000084700000, 0x0000000084800000, 0x0000000084800000|100%| O|  |TAMS 0x0000000084800000, 0x0000000084700000| Untracked 
|  72|0x0000000084800000, 0x0000000084900000, 0x0000000084900000|100%| O|  |TAMS 0x0000000084900000, 0x0000000084800000| Untracked 
|  73|0x0000000084900000, 0x0000000084a00000, 0x0000000084a00000|100%| O|  |TAMS 0x0000000084a00000, 0x0000000084900000| Untracked 
|  74|0x0000000084a00000, 0x0000000084b00000, 0x0000000084b00000|100%| O|  |TAMS 0x0000000084b00000, 0x0000000084a00000| Untracked 
|  75|0x0000000084b00000, 0x0000000084c00000, 0x0000000084c00000|100%| O|  |TAMS 0x0000000084c00000, 0x0000000084b00000| Untracked 
|  76|0x0000000084c00000, 0x0000000084d00000, 0x0000000084d00000|100%| O|  |TAMS 0x0000000084d00000, 0x0000000084c00000| Untracked 
|  77|0x0000000084d00000, 0x0000000084e00000, 0x0000000084e00000|100%| O|  |TAMS 0x0000000084e00000, 0x0000000084d00000| Untracked 
|  78|0x0000000084e00000, 0x0000000084f00000, 0x0000000084f00000|100%| O|  |TAMS 0x0000000084f00000, 0x0000000084e00000| Untracked 
|  79|0x0000000084f00000, 0x0000000085000000, 0x0000000085000000|100%| O|  |TAMS 0x0000000085000000, 0x0000000084f00000| Untracked 
|  80|0x0000000085000000, 0x0000000085100000, 0x0000000085100000|100%| O|  |TAMS 0x0000000085100000, 0x0000000085000000| Untracked 
|  81|0x0000000085100000, 0x0000000085200000, 0x0000000085200000|100%| O|  |TAMS 0x0000000085200000, 0x0000000085100000| Untracked 
|  82|0x0000000085200000, 0x0000000085200000, 0x0000000085300000|  0%| F|  |TAMS 0x0000000085200000, 0x0000000085200000| Untracked 
|  83|0x0000000085300000, 0x0000000085400000, 0x0000000085400000|100%| O|  |TAMS 0x0000000085400000, 0x0000000085300000| Untracked 
|  84|0x0000000085400000, 0x0000000085500000, 0x0000000085500000|100%| O|  |TAMS 0x0000000085500000, 0x0000000085400000| Untracked 
|  85|0x0000000085500000, 0x0000000085600000, 0x0000000085600000|100%| O|  |TAMS 0x0000000085600000, 0x0000000085500000| Untracked 
|  86|0x0000000085600000, 0x0000000085700000, 0x0000000085700000|100%| O|  |TAMS 0x0000000085700000, 0x0000000085600000| Untracked 
|  87|0x0000000085700000, 0x0000000085800000, 0x0000000085800000|100%| O|  |TAMS 0x0000000085800000, 0x0000000085700000| Untracked 
|  88|0x0000000085800000, 0x0000000085900000, 0x0000000085900000|100%| O|  |TAMS 0x0000000085900000, 0x0000000085800000| Untracked 
|  89|0x0000000085900000, 0x0000000085a00000, 0x0000000085a00000|100%| O|  |TAMS 0x0000000085a00000, 0x0000000085900000| Untracked 
|  90|0x0000000085a00000, 0x0000000085b00000, 0x0000000085b00000|100%| O|  |TAMS 0x0000000085b00000, 0x0000000085a00000| Untracked 
|  91|0x0000000085b00000, 0x0000000085c00000, 0x0000000085c00000|100%| O|  |TAMS 0x0000000085c00000, 0x0000000085b00000| Untracked 
|  92|0x0000000085c00000, 0x0000000085d00000, 0x0000000085d00000|100%| O|  |TAMS 0x0000000085d00000, 0x0000000085c00000| Untracked 
|  93|0x0000000085d00000, 0x0000000085e00000, 0x0000000085e00000|100%| O|  |TAMS 0x0000000085e00000, 0x0000000085d00000| Untracked 
|  94|0x0000000085e00000, 0x0000000085f00000, 0x0000000085f00000|100%| O|  |TAMS 0x0000000085f00000, 0x0000000085e00000| Untracked 
|  95|0x0000000085f00000, 0x0000000086000000, 0x0000000086000000|100%| O|  |TAMS 0x0000000086000000, 0x0000000085f00000| Untracked 
|  96|0x0000000086000000, 0x0000000086100000, 0x0000000086100000|100%| O|  |TAMS 0x0000000086100000, 0x0000000086000000| Untracked 
|  97|0x0000000086100000, 0x0000000086200000, 0x0000000086200000|100%| O|  |TAMS 0x0000000086200000, 0x0000000086100000| Untracked 
|  98|0x0000000086200000, 0x0000000086300000, 0x0000000086300000|100%| O|  |TAMS 0x0000000086300000, 0x0000000086200000| Untracked 
|  99|0x0000000086300000, 0x0000000086400000, 0x0000000086400000|100%| O|  |TAMS 0x0000000086400000, 0x0000000086300000| Untracked 
| 100|0x0000000086400000, 0x0000000086500000, 0x0000000086500000|100%| O|  |TAMS 0x0000000086500000, 0x0000000086400000| Untracked 
| 101|0x0000000086500000, 0x0000000086600000, 0x0000000086600000|100%| O|  |TAMS 0x0000000086600000, 0x0000000086500000| Untracked 
| 102|0x0000000086600000, 0x0000000086700000, 0x0000000086700000|100%| O|  |TAMS 0x0000000086700000, 0x0000000086600000| Untracked 
| 103|0x0000000086700000, 0x0000000086800000, 0x0000000086800000|100%| O|  |TAMS 0x0000000086800000, 0x0000000086700000| Untracked 
| 104|0x0000000086800000, 0x0000000086900000, 0x0000000086900000|100%| O|  |TAMS 0x0000000086900000, 0x0000000086800000| Untracked 
| 105|0x0000000086900000, 0x0000000086a00000, 0x0000000086a00000|100%| O|  |TAMS 0x0000000086a00000, 0x0000000086900000| Untracked 
| 106|0x0000000086a00000, 0x0000000086b00000, 0x0000000086b00000|100%| O|  |TAMS 0x0000000086b00000, 0x0000000086a00000| Untracked 
| 107|0x0000000086b00000, 0x0000000086c00000, 0x0000000086c00000|100%| O|  |TAMS 0x0000000086c00000, 0x0000000086b00000| Untracked 
| 108|0x0000000086c00000, 0x0000000086d00000, 0x0000000086d00000|100%| O|  |TAMS 0x0000000086d00000, 0x0000000086c00000| Untracked 
| 109|0x0000000086d00000, 0x0000000086e00000, 0x0000000086e00000|100%| O|  |TAMS 0x0000000086e00000, 0x0000000086d00000| Untracked 
| 110|0x0000000086e00000, 0x0000000086f00000, 0x0000000086f00000|100%| O|  |TAMS 0x0000000086f00000, 0x0000000086e00000| Untracked 
| 111|0x0000000086f00000, 0x0000000087000000, 0x0000000087000000|100%| O|  |TAMS 0x0000000087000000, 0x0000000086f00000| Untracked 
| 112|0x0000000087000000, 0x0000000087100000, 0x0000000087100000|100%| O|  |TAMS 0x0000000087100000, 0x0000000087000000| Untracked 
| 113|0x0000000087100000, 0x0000000087200000, 0x0000000087200000|100%| O|  |TAMS 0x0000000087200000, 0x0000000087100000| Untracked 
| 114|0x0000000087200000, 0x0000000087300000, 0x0000000087300000|100%| O|  |TAMS 0x0000000087300000, 0x0000000087200000| Untracked 
| 115|0x0000000087300000, 0x0000000087400000, 0x0000000087400000|100%| O|  |TAMS 0x0000000087400000, 0x0000000087300000| Untracked 
| 116|0x0000000087400000, 0x0000000087500000, 0x0000000087500000|100%| O|  |TAMS 0x0000000087500000, 0x0000000087400000| Untracked 
| 117|0x0000000087500000, 0x0000000087600000, 0x0000000087600000|100%| O|  |TAMS 0x0000000087600000, 0x0000000087500000| Untracked 
| 118|0x0000000087600000, 0x0000000087700000, 0x0000000087700000|100%| O|  |TAMS 0x0000000087700000, 0x0000000087600000| Untracked 
| 119|0x0000000087700000, 0x0000000087800000, 0x0000000087800000|100%| O|  |TAMS 0x0000000087800000, 0x0000000087700000| Untracked 
| 120|0x0000000087800000, 0x0000000087800000, 0x0000000087900000|  0%| F|  |TAMS 0x0000000087800000, 0x0000000087800000| Untracked 
| 121|0x0000000087900000, 0x0000000087a00000, 0x0000000087a00000|100%| O|  |TAMS 0x0000000087a00000, 0x0000000087900000| Untracked 
| 122|0x0000000087a00000, 0x0000000087b00000, 0x0000000087b00000|100%| O|  |TAMS 0x0000000087b00000, 0x0000000087a00000| Untracked 
| 123|0x0000000087b00000, 0x0000000087c00000, 0x0000000087c00000|100%| O|  |TAMS 0x0000000087c00000, 0x0000000087b00000| Untracked 
| 124|0x0000000087c00000, 0x0000000087d00000, 0x0000000087d00000|100%| O|  |TAMS 0x0000000087d00000, 0x0000000087c00000| Untracked 
| 125|0x0000000087d00000, 0x0000000087e00000, 0x0000000087e00000|100%| O|  |TAMS 0x0000000087e00000, 0x0000000087d00000| Untracked 
| 126|0x0000000087e00000, 0x0000000087f00000, 0x0000000087f00000|100%| O|  |TAMS 0x0000000087f00000, 0x0000000087e00000| Untracked 
| 127|0x0000000087f00000, 0x0000000088000000, 0x0000000088000000|100%| O|  |TAMS 0x0000000088000000, 0x0000000087f00000| Untracked 
| 128|0x0000000088000000, 0x0000000088100000, 0x0000000088100000|100%| O|  |TAMS 0x0000000088100000, 0x0000000088000000| Untracked 
| 129|0x0000000088100000, 0x0000000088200000, 0x0000000088200000|100%| O|  |TAMS 0x0000000088200000, 0x0000000088100000| Untracked 
| 130|0x0000000088200000, 0x0000000088300000, 0x0000000088300000|100%| O|  |TAMS 0x0000000088300000, 0x0000000088200000| Untracked 
| 131|0x0000000088300000, 0x0000000088400000, 0x0000000088400000|100%| O|  |TAMS 0x0000000088400000, 0x0000000088300000| Untracked 
| 132|0x0000000088400000, 0x0000000088500000, 0x0000000088500000|100%| O|  |TAMS 0x0000000088500000, 0x0000000088400000| Untracked 
| 133|0x0000000088500000, 0x0000000088600000, 0x0000000088600000|100%| O|  |TAMS 0x0000000088600000, 0x0000000088500000| Untracked 
| 134|0x0000000088600000, 0x0000000088700000, 0x0000000088700000|100%| O|  |TAMS 0x0000000088700000, 0x0000000088600000| Untracked 
| 135|0x0000000088700000, 0x0000000088800000, 0x0000000088800000|100%| O|  |TAMS 0x0000000088800000, 0x0000000088700000| Untracked 
| 136|0x0000000088800000, 0x0000000088900000, 0x0000000088900000|100%| O|  |TAMS 0x0000000088900000, 0x0000000088800000| Untracked 
| 137|0x0000000088900000, 0x0000000088a00000, 0x0000000088a00000|100%| O|  |TAMS 0x0000000088a00000, 0x0000000088900000| Untracked 
| 138|0x0000000088a00000, 0x0000000088b00000, 0x0000000088b00000|100%| O|  |TAMS 0x0000000088b00000, 0x0000000088a00000| Untracked 
| 139|0x0000000088b00000, 0x0000000088c00000, 0x0000000088c00000|100%| O|  |TAMS 0x0000000088b00000, 0x0000000088b00000| Untracked 
| 140|0x0000000088c00000, 0x0000000088d00000, 0x0000000088d00000|100%| O|  |TAMS 0x0000000088d00000, 0x0000000088c00000| Untracked 
| 141|0x0000000088d00000, 0x0000000088d12658, 0x0000000088e00000|  7%| O|  |TAMS 0x0000000088d00000, 0x0000000088d00000| Untracked 
| 142|0x0000000088e00000, 0x0000000088e00000, 0x0000000088f00000|  0%| F|  |TAMS 0x0000000088e00000, 0x0000000088e00000| Untracked 
| 143|0x0000000088f00000, 0x0000000088f00000, 0x0000000089000000|  0%| F|  |TAMS 0x0000000088f00000, 0x0000000088f00000| Untracked 
| 144|0x0000000089000000, 0x0000000089000000, 0x0000000089100000|  0%| F|  |TAMS 0x0000000089000000, 0x0000000089000000| Untracked 
| 145|0x0000000089100000, 0x0000000089100000, 0x0000000089200000|  0%| F|  |TAMS 0x0000000089100000, 0x0000000089100000| Untracked 
| 146|0x0000000089200000, 0x0000000089200000, 0x0000000089300000|  0%| F|  |TAMS 0x0000000089200000, 0x0000000089200000| Untracked 
| 147|0x0000000089300000, 0x0000000089300000, 0x0000000089400000|  0%| F|  |TAMS 0x0000000089300000, 0x0000000089300000| Untracked 
| 148|0x0000000089400000, 0x0000000089400000, 0x0000000089500000|  0%| F|  |TAMS 0x0000000089400000, 0x0000000089400000| Untracked 
| 149|0x0000000089500000, 0x0000000089500000, 0x0000000089600000|  0%| F|  |TAMS 0x0000000089500000, 0x0000000089500000| Untracked 
| 150|0x0000000089600000, 0x0000000089600000, 0x0000000089700000|  0%| F|  |TAMS 0x0000000089600000, 0x0000000089600000| Untracked 
| 151|0x0000000089700000, 0x0000000089700000, 0x0000000089800000|  0%| F|  |TAMS 0x0000000089700000, 0x0000000089700000| Untracked 
| 152|0x0000000089800000, 0x0000000089800000, 0x0000000089900000|  0%| F|  |TAMS 0x0000000089800000, 0x0000000089800000| Untracked 
| 153|0x0000000089900000, 0x0000000089900000, 0x0000000089a00000|  0%| F|  |TAMS 0x0000000089900000, 0x0000000089900000| Untracked 
| 154|0x0000000089a00000, 0x0000000089a00000, 0x0000000089b00000|  0%| F|  |TAMS 0x0000000089a00000, 0x0000000089a00000| Untracked 
| 155|0x0000000089b00000, 0x0000000089b00000, 0x0000000089c00000|  0%| F|  |TAMS 0x0000000089b00000, 0x0000000089b00000| Untracked 
| 156|0x0000000089c00000, 0x0000000089c00000, 0x0000000089d00000|  0%| F|  |TAMS 0x0000000089c00000, 0x0000000089c00000| Untracked 
| 157|0x0000000089d00000, 0x0000000089d00000, 0x0000000089e00000|  0%| F|  |TAMS 0x0000000089d00000, 0x0000000089d00000| Untracked 
| 158|0x0000000089e00000, 0x0000000089e00000, 0x0000000089f00000|  0%| F|  |TAMS 0x0000000089e00000, 0x0000000089e00000| Untracked 
| 159|0x0000000089f00000, 0x0000000089f00000, 0x000000008a000000|  0%| F|  |TAMS 0x0000000089f00000, 0x0000000089f00000| Untracked 
| 160|0x000000008a000000, 0x000000008a000000, 0x000000008a100000|  0%| F|  |TAMS 0x000000008a000000, 0x000000008a000000| Untracked 
| 161|0x000000008a100000, 0x000000008a100000, 0x000000008a200000|  0%| F|  |TAMS 0x000000008a100000, 0x000000008a100000| Untracked 
| 162|0x000000008a200000, 0x000000008a200000, 0x000000008a300000|  0%| F|  |TAMS 0x000000008a200000, 0x000000008a200000| Untracked 
| 163|0x000000008a300000, 0x000000008a300000, 0x000000008a400000|  0%| F|  |TAMS 0x000000008a300000, 0x000000008a300000| Untracked 
| 164|0x000000008a400000, 0x000000008a400000, 0x000000008a500000|  0%| F|  |TAMS 0x000000008a400000, 0x000000008a400000| Untracked 
| 165|0x000000008a500000, 0x000000008a500000, 0x000000008a600000|  0%| F|  |TAMS 0x000000008a500000, 0x000000008a500000| Untracked 
| 166|0x000000008a600000, 0x000000008a600000, 0x000000008a700000|  0%| F|  |TAMS 0x000000008a600000, 0x000000008a600000| Untracked 
| 167|0x000000008a700000, 0x000000008a700000, 0x000000008a800000|  0%| F|  |TAMS 0x000000008a700000, 0x000000008a700000| Untracked 
| 168|0x000000008a800000, 0x000000008a800000, 0x000000008a900000|  0%| F|  |TAMS 0x000000008a800000, 0x000000008a800000| Untracked 
| 169|0x000000008a900000, 0x000000008a900000, 0x000000008aa00000|  0%| F|  |TAMS 0x000000008a900000, 0x000000008a900000| Untracked 
| 170|0x000000008aa00000, 0x000000008aa00000, 0x000000008ab00000|  0%| F|  |TAMS 0x000000008aa00000, 0x000000008aa00000| Untracked 
| 171|0x000000008ab00000, 0x000000008ab00000, 0x000000008ac00000|  0%| F|  |TAMS 0x000000008ab00000, 0x000000008ab00000| Untracked 
| 172|0x000000008ac00000, 0x000000008ac00000, 0x000000008ad00000|  0%| F|  |TAMS 0x000000008ac00000, 0x000000008ac00000| Untracked 
| 173|0x000000008ad00000, 0x000000008ad00000, 0x000000008ae00000|  0%| F|  |TAMS 0x000000008ad00000, 0x000000008ad00000| Untracked 
| 174|0x000000008ae00000, 0x000000008ae00000, 0x000000008af00000|  0%| F|  |TAMS 0x000000008ae00000, 0x000000008ae00000| Untracked 
| 175|0x000000008af00000, 0x000000008af00000, 0x000000008b000000|  0%| F|  |TAMS 0x000000008af00000, 0x000000008af00000| Untracked 
| 176|0x000000008b000000, 0x000000008b000000, 0x000000008b100000|  0%| F|  |TAMS 0x000000008b000000, 0x000000008b000000| Untracked 
| 177|0x000000008b100000, 0x000000008b100000, 0x000000008b200000|  0%| F|  |TAMS 0x000000008b100000, 0x000000008b100000| Untracked 
| 178|0x000000008b200000, 0x000000008b200000, 0x000000008b300000|  0%| F|  |TAMS 0x000000008b200000, 0x000000008b200000| Untracked 
| 179|0x000000008b300000, 0x000000008b300000, 0x000000008b400000|  0%| F|  |TAMS 0x000000008b300000, 0x000000008b300000| Untracked 
| 180|0x000000008b400000, 0x000000008b400000, 0x000000008b500000|  0%| F|  |TAMS 0x000000008b400000, 0x000000008b400000| Untracked 
| 181|0x000000008b500000, 0x000000008b5fa380, 0x000000008b600000| 97%| S|  |TAMS 0x000000008b500000, 0x000000008b500000| Complete 
| 182|0x000000008b600000, 0x000000008b649750, 0x000000008b700000| 28%| E|CS|TAMS 0x000000008b600000, 0x000000008b600000| Complete 
| 183|0x000000008b700000, 0x000000008b800000, 0x000000008b800000|100%| E|CS|TAMS 0x000000008b700000, 0x000000008b700000| Complete 
| 184|0x000000008b800000, 0x000000008b900000, 0x000000008b900000|100%| E|CS|TAMS 0x000000008b800000, 0x000000008b800000| Complete 
| 185|0x000000008b900000, 0x000000008ba00000, 0x000000008ba00000|100%| E|CS|TAMS 0x000000008b900000, 0x000000008b900000| Complete 
| 186|0x000000008ba00000, 0x000000008bb00000, 0x000000008bb00000|100%| E|CS|TAMS 0x000000008ba00000, 0x000000008ba00000| Complete 
| 187|0x000000008bb00000, 0x000000008bc00000, 0x000000008bc00000|100%| E|CS|TAMS 0x000000008bb00000, 0x000000008bb00000| Complete 
| 188|0x000000008bc00000, 0x000000008bd00000, 0x000000008bd00000|100%| E|CS|TAMS 0x000000008bc00000, 0x000000008bc00000| Complete 
| 189|0x000000008bd00000, 0x000000008be00000, 0x000000008be00000|100%| S|  |TAMS 0x000000008bd00000, 0x000000008bd00000| Complete 
| 190|0x000000008be00000, 0x000000008bf00000, 0x000000008bf00000|100%| S|  |TAMS 0x000000008be00000, 0x000000008be00000| Complete 
| 191|0x000000008bf00000, 0x000000008c000000, 0x000000008c000000|100%| S|  |TAMS 0x000000008bf00000, 0x000000008bf00000| Complete 
| 192|0x000000008c000000, 0x000000008c100000, 0x000000008c100000|100%| S|  |TAMS 0x000000008c000000, 0x000000008c000000| Complete 
| 193|0x000000008c100000, 0x000000008c200000, 0x000000008c200000|100%| E|CS|TAMS 0x000000008c100000, 0x000000008c100000| Complete 
| 194|0x000000008c200000, 0x000000008c300000, 0x000000008c300000|100%| E|CS|TAMS 0x000000008c200000, 0x000000008c200000| Complete 
| 195|0x000000008c300000, 0x000000008c400000, 0x000000008c400000|100%| E|CS|TAMS 0x000000008c300000, 0x000000008c300000| Complete 
| 196|0x000000008c400000, 0x000000008c500000, 0x000000008c500000|100%| E|CS|TAMS 0x000000008c400000, 0x000000008c400000| Complete 
| 197|0x000000008c500000, 0x000000008c600000, 0x000000008c600000|100%| E|CS|TAMS 0x000000008c500000, 0x000000008c500000| Complete 
| 198|0x000000008c600000, 0x000000008c700000, 0x000000008c700000|100%| E|CS|TAMS 0x000000008c600000, 0x000000008c600000| Complete 
| 199|0x000000008c700000, 0x000000008c800000, 0x000000008c800000|100%| E|CS|TAMS 0x000000008c700000, 0x000000008c700000| Complete 
| 200|0x000000008c800000, 0x000000008c900000, 0x000000008c900000|100%| E|CS|TAMS 0x000000008c800000, 0x000000008c800000| Complete 
| 201|0x000000008c900000, 0x000000008ca00000, 0x000000008ca00000|100%| E|CS|TAMS 0x000000008c900000, 0x000000008c900000| Complete 
| 202|0x000000008ca00000, 0x000000008cb00000, 0x000000008cb00000|100%| E|CS|TAMS 0x000000008ca00000, 0x000000008ca00000| Complete 
| 203|0x000000008cb00000, 0x000000008cc00000, 0x000000008cc00000|100%| E|CS|TAMS 0x000000008cb00000, 0x000000008cb00000| Complete 
| 204|0x000000008cc00000, 0x000000008cd00000, 0x000000008cd00000|100%| E|CS|TAMS 0x000000008cc00000, 0x000000008cc00000| Complete 
| 205|0x000000008cd00000, 0x000000008ce00000, 0x000000008ce00000|100%| E|CS|TAMS 0x000000008cd00000, 0x000000008cd00000| Complete 
| 206|0x000000008ce00000, 0x000000008cf00000, 0x000000008cf00000|100%| E|CS|TAMS 0x000000008ce00000, 0x000000008ce00000| Complete 
| 207|0x000000008cf00000, 0x000000008d000000, 0x000000008d000000|100%| E|CS|TAMS 0x000000008cf00000, 0x000000008cf00000| Complete 
| 208|0x000000008d000000, 0x000000008d100000, 0x000000008d100000|100%| E|CS|TAMS 0x000000008d000000, 0x000000008d000000| Complete 
| 209|0x000000008d100000, 0x000000008d200000, 0x000000008d200000|100%| E|CS|TAMS 0x000000008d100000, 0x000000008d100000| Complete 
| 210|0x000000008d200000, 0x000000008d300000, 0x000000008d300000|100%| E|CS|TAMS 0x000000008d200000, 0x000000008d200000| Complete 
| 211|0x000000008d300000, 0x000000008d400000, 0x000000008d400000|100%| E|CS|TAMS 0x000000008d300000, 0x000000008d300000| Complete 
| 212|0x000000008d400000, 0x000000008d500000, 0x000000008d500000|100%| E|CS|TAMS 0x000000008d400000, 0x000000008d400000| Complete 
| 213|0x000000008d500000, 0x000000008d600000, 0x000000008d600000|100%| E|CS|TAMS 0x000000008d500000, 0x000000008d500000| Complete 
| 214|0x000000008d600000, 0x000000008d700000, 0x000000008d700000|100%| E|CS|TAMS 0x000000008d600000, 0x000000008d600000| Complete 
| 215|0x000000008d700000, 0x000000008d800000, 0x000000008d800000|100%| E|CS|TAMS 0x000000008d700000, 0x000000008d700000| Complete 
| 216|0x000000008d800000, 0x000000008d900000, 0x000000008d900000|100%| E|CS|TAMS 0x000000008d800000, 0x000000008d800000| Complete 
| 217|0x000000008d900000, 0x000000008da00000, 0x000000008da00000|100%| E|CS|TAMS 0x000000008d900000, 0x000000008d900000| Complete 
| 218|0x000000008da00000, 0x000000008db00000, 0x000000008db00000|100%| E|CS|TAMS 0x000000008da00000, 0x000000008da00000| Complete 
| 219|0x000000008db00000, 0x000000008dc00000, 0x000000008dc00000|100%| E|CS|TAMS 0x000000008db00000, 0x000000008db00000| Complete 
| 220|0x000000008dc00000, 0x000000008dd00000, 0x000000008dd00000|100%| E|CS|TAMS 0x000000008dc00000, 0x000000008dc00000| Complete 
| 221|0x000000008dd00000, 0x000000008de00000, 0x000000008de00000|100%| E|CS|TAMS 0x000000008dd00000, 0x000000008dd00000| Complete 
| 222|0x000000008de00000, 0x000000008df00000, 0x000000008df00000|100%| E|CS|TAMS 0x000000008de00000, 0x000000008de00000| Complete 
| 223|0x000000008df00000, 0x000000008e000000, 0x000000008e000000|100%| E|CS|TAMS 0x000000008df00000, 0x000000008df00000| Complete 
| 224|0x000000008e000000, 0x000000008e100000, 0x000000008e100000|100%| E|CS|TAMS 0x000000008e000000, 0x000000008e000000| Complete 
| 225|0x000000008e100000, 0x000000008e200000, 0x000000008e200000|100%| E|CS|TAMS 0x000000008e100000, 0x000000008e100000| Complete 
| 226|0x000000008e200000, 0x000000008e300000, 0x000000008e300000|100%| E|CS|TAMS 0x000000008e200000, 0x000000008e200000| Complete 
| 227|0x000000008e300000, 0x000000008e400000, 0x000000008e400000|100%| E|CS|TAMS 0x000000008e300000, 0x000000008e300000| Complete 
| 228|0x000000008e400000, 0x000000008e500000, 0x000000008e500000|100%| E|CS|TAMS 0x000000008e400000, 0x000000008e400000| Complete 
| 229|0x000000008e500000, 0x000000008e600000, 0x000000008e600000|100%| E|CS|TAMS 0x000000008e500000, 0x000000008e500000| Complete 
| 230|0x000000008e600000, 0x000000008e700000, 0x000000008e700000|100%| E|CS|TAMS 0x000000008e600000, 0x000000008e600000| Complete 
| 231|0x000000008e700000, 0x000000008e800000, 0x000000008e800000|100%| E|CS|TAMS 0x000000008e700000, 0x000000008e700000| Complete 
| 232|0x000000008e800000, 0x000000008e900000, 0x000000008e900000|100%| E|CS|TAMS 0x000000008e800000, 0x000000008e800000| Complete 
| 233|0x000000008e900000, 0x000000008ea00000, 0x000000008ea00000|100%| E|CS|TAMS 0x000000008e900000, 0x000000008e900000| Complete 
| 234|0x000000008ea00000, 0x000000008eb00000, 0x000000008eb00000|100%| E|CS|TAMS 0x000000008ea00000, 0x000000008ea00000| Complete 
| 235|0x000000008eb00000, 0x000000008ec00000, 0x000000008ec00000|100%| E|CS|TAMS 0x000000008eb00000, 0x000000008eb00000| Complete 
| 236|0x000000008ec00000, 0x000000008ed00000, 0x000000008ed00000|100%| E|CS|TAMS 0x000000008ec00000, 0x000000008ec00000| Complete 
| 237|0x000000008ed00000, 0x000000008ee00000, 0x000000008ee00000|100%| E|CS|TAMS 0x000000008ed00000, 0x000000008ed00000| Complete 
| 238|0x000000008ee00000, 0x000000008ef00000, 0x000000008ef00000|100%| E|CS|TAMS 0x000000008ee00000, 0x000000008ee00000| Complete 
| 239|0x000000008ef00000, 0x000000008f000000, 0x000000008f000000|100%| E|CS|TAMS 0x000000008ef00000, 0x000000008ef00000| Complete 
| 240|0x000000008f000000, 0x000000008f100000, 0x000000008f100000|100%| E|CS|TAMS 0x000000008f000000, 0x000000008f000000| Complete 
| 241|0x000000008f100000, 0x000000008f200000, 0x000000008f200000|100%| E|CS|TAMS 0x000000008f100000, 0x000000008f100000| Complete 
| 242|0x000000008f200000, 0x000000008f300000, 0x000000008f300000|100%| E|CS|TAMS 0x000000008f200000, 0x000000008f200000| Complete 
| 243|0x000000008f300000, 0x000000008f300000, 0x000000008f400000|  0%| F|  |TAMS 0x000000008f300000, 0x000000008f300000| Untracked 
| 244|0x000000008f400000, 0x000000008f400000, 0x000000008f500000|  0%| F|  |TAMS 0x000000008f400000, 0x000000008f400000| Untracked 
| 245|0x000000008f500000, 0x000000008f500000, 0x000000008f600000|  0%| F|  |TAMS 0x000000008f500000, 0x000000008f500000| Untracked 
| 246|0x000000008f600000, 0x000000008f600000, 0x000000008f700000|  0%| F|  |TAMS 0x000000008f600000, 0x000000008f600000| Untracked 
| 247|0x000000008f700000, 0x000000008f700000, 0x000000008f800000|  0%| F|  |TAMS 0x000000008f700000, 0x000000008f700000| Untracked 
| 248|0x000000008f800000, 0x000000008f800000, 0x000000008f900000|  0%| F|  |TAMS 0x000000008f800000, 0x000000008f800000| Untracked 
| 249|0x000000008f900000, 0x000000008f900000, 0x000000008fa00000|  0%| F|  |TAMS 0x000000008f900000, 0x000000008f900000| Untracked 
| 250|0x000000008fa00000, 0x000000008fa00000, 0x000000008fb00000|  0%| F|  |TAMS 0x000000008fa00000, 0x000000008fa00000| Untracked 
| 251|0x000000008fb00000, 0x000000008fb00000, 0x000000008fc00000|  0%| F|  |TAMS 0x000000008fb00000, 0x000000008fb00000| Untracked 
| 252|0x000000008fc00000, 0x000000008fc00000, 0x000000008fd00000|  0%| F|  |TAMS 0x000000008fc00000, 0x000000008fc00000| Untracked 
| 253|0x000000008fd00000, 0x000000008fd00000, 0x000000008fe00000|  0%| F|  |TAMS 0x000000008fd00000, 0x000000008fd00000| Untracked 
| 254|0x000000008fe00000, 0x000000008fe00000, 0x000000008ff00000|  0%| F|  |TAMS 0x000000008fe00000, 0x000000008fe00000| Untracked 
| 255|0x000000008ff00000, 0x000000008ff00000, 0x0000000090000000|  0%| F|  |TAMS 0x000000008ff00000, 0x000000008ff00000| Untracked 
| 256|0x0000000090000000, 0x0000000090000000, 0x0000000090100000|  0%| F|  |TAMS 0x0000000090000000, 0x0000000090000000| Untracked 
| 257|0x0000000090100000, 0x00000000901b19b8, 0x0000000090200000| 69%| E|  |TAMS 0x0000000090100000, 0x0000000090100000| Complete 

Card table byte_map: [0x0000026d18a90000,0x0000026d18e90000] _byte_map_base: 0x0000026d18690000

Marking Bits (Prev, Next): (CMBitMap*) 0x0000026d058b0ae0, (CMBitMap*) 0x0000026d058b0aa8
 Prev Bits: [0x0000026d1b290000, 0x0000026d1d290000)
 Next Bits: [0x0000026d19290000, 0x0000026d1b290000)

Polling page: 0x0000026d03880000

Metaspace:

Usage:
  Non-class:    103.26 MB capacity,   101.52 MB ( 98%) used,     1.39 MB (  1%) free+waste,   363.38 KB ( <1%) overhead. 
      Class:     15.66 MB capacity,    14.59 MB ( 93%) used,   931.81 KB (  6%) free+waste,   161.25 KB (  1%) overhead. 
       Both:    118.92 MB capacity,   116.11 MB ( 98%) used,     2.30 MB (  2%) free+waste,   524.63 KB ( <1%) overhead. 

Virtual space:
  Non-class space:      104.00 MB reserved,     103.75 MB (>99%) committed 
      Class space:        1.00 GB reserved,      15.95 MB (  2%) committed 
             Both:        1.10 GB reserved,     119.70 MB ( 11%) committed 

Chunk freelists:
   Non-Class:  305.00 KB
       Class:  256.00 KB
        Both:  561.00 KB

MaxMetaspaceSize: 17179869184.00 GB
CompressedClassSpaceSize: 1.00 GB

CodeHeap 'non-profiled nmethods': size=120000Kb used=10262Kb max_used=10526Kb free=109737Kb
 bounds [0x0000026d10e30000, 0x0000026d11880000, 0x0000026d18360000]
CodeHeap 'profiled nmethods': size=120000Kb used=41744Kb max_used=41744Kb free=78255Kb
 bounds [0x0000026d09900000, 0x0000026d0c1d0000, 0x0000026d10e30000]
CodeHeap 'non-nmethods': size=5760Kb used=2346Kb max_used=2408Kb free=3413Kb
 bounds [0x0000026d09360000, 0x0000026d095d0000, 0x0000026d09900000]
 total_blobs=18194 nmethods=17222 adapters=881
 compilation: enabled
              stopped_count=0, restarted_count=0
 full_count=0

Compilation events (20 events):
Event: 41.267 Thread 0x0000026d206a0800 nmethod 18594 0x0000026d0c136210 code [0x0000026d0c136460, 0x0000026d0c137098]
Event: 41.268 Thread 0x0000026d206a0800 18527       3       com.android.tools.r8.internal.AU0::b (58 bytes)
Event: 41.268 Thread 0x0000026d206a0800 nmethod 18527 0x0000026d0c137390 code [0x0000026d0c1375c0, 0x0000026d0c137d68]
Event: 41.268 Thread 0x0000026d206a0800 18578       3       java.util.HashMap::containsValue (89 bytes)
Event: 41.269 Thread 0x0000026d206a0800 nmethod 18578 0x0000026d0c138090 code [0x0000026d0c138280, 0x0000026d0c138728]
Event: 41.269 Thread 0x0000026d206a0800 18552 %     3       com.android.tools.r8.internal.gI0::q @ 31 (464 bytes)
Event: 41.277 Thread 0x0000026d206a0800 nmethod 18552% 0x0000026d0c138910 code [0x0000026d0c1390e0, 0x0000026d0c13f288]
Event: 41.277 Thread 0x0000026d206a0800 18561       3       com.android.tools.r8.internal.SR0::a (709 bytes)
Event: 41.280 Thread 0x0000026d206a0800 nmethod 18561 0x0000026d0c140e10 code [0x0000026d0c1412c0, 0x0000026d0c1437b8]
Event: 41.280 Thread 0x0000026d206a0800 18563 %     3       com.android.tools.r8.internal.gI0::s @ 31 (281 bytes)
Event: 41.284 Thread 0x0000026d206a0800 nmethod 18563% 0x0000026d0c144590 code [0x0000026d0c144b40, 0x0000026d0c148848]
Event: 41.284 Thread 0x0000026d206a0800 18598       3       com.android.tools.r8.internal.SX0::a (207 bytes)
Event: 41.286 Thread 0x0000026d206a0800 nmethod 18598 0x0000026d0c149a90 code [0x0000026d0c149d60, 0x0000026d0c14ae48]
Event: 41.286 Thread 0x0000026d206a0800 18539       3       com.android.tools.r8.internal.fK0::b (108 bytes)
Event: 41.287 Thread 0x0000026d206a0800 nmethod 18539 0x0000026d0c14b510 code [0x0000026d0c14b7a0, 0x0000026d0c14c488]
Event: 41.287 Thread 0x0000026d206a0800 18554 % !   3       com.android.tools.r8.internal.fS0::a @ 65 (835 bytes)
Event: 41.297 Thread 0x0000026d206a0800 nmethod 18554% 0x0000026d0c14c790 code [0x0000026d0c14d220, 0x0000026d0c155198]
Event: 41.297 Thread 0x0000026d206a0800 18566 %     3       com.android.tools.r8.internal.gI0::o @ 66 (1050 bytes)
Event: 41.310 Thread 0x0000026d206a0800 nmethod 18566% 0x0000026d0c157610 code [0x0000026d0c158240, 0x0000026d0c1617c8]
Event: 41.311 Thread 0x0000026d206a0800 18607 %     3       com.android.tools.r8.internal.SR0::a @ 795 (3200 bytes)

GC Heap History (20 events):
Event: 39.526 GC heap before
{Heap before GC invocations=61 (full 0):
 garbage-first heap   total 220160K, used 179989K [0x0000000080000000, 0x0000000100000000)
  region size 1024K, 44 young (45056K), 6 survivors (6144K)
 Metaspace       used 116739K, capacity 119779K, committed 120012K, reserved 1153024K
  class space    used 14858K, capacity 16056K, committed 16076K, reserved 1048576K
}
Event: 39.531 GC heap after
{Heap after GC invocations=62 (full 0):
 garbage-first heap   total 220160K, used 141891K [0x0000000080000000, 0x0000000100000000)
  region size 1024K, 1 young (1024K), 1 survivors (1024K)
 Metaspace       used 116739K, capacity 119779K, committed 120012K, reserved 1153024K
  class space    used 14858K, capacity 16056K, committed 16076K, reserved 1048576K
}
Event: 39.750 GC heap before
{Heap before GC invocations=62 (full 0):
 garbage-first heap   total 220160K, used 182851K [0x0000000080000000, 0x0000000100000000)
  region size 1024K, 41 young (41984K), 1 survivors (1024K)
 Metaspace       used 117213K, capacity 120248K, committed 120396K, reserved 1153024K
  class space    used 14900K, capacity 16098K, committed 16204K, reserved 1048576K
}
Event: 39.754 GC heap after
{Heap after GC invocations=63 (full 0):
 garbage-first heap   total 220160K, used 141786K [0x0000000080000000, 0x0000000100000000)
  region size 1024K, 1 young (1024K), 1 survivors (1024K)
 Metaspace       used 117213K, capacity 120248K, committed 120396K, reserved 1153024K
  class space    used 14900K, capacity 16098K, committed 16204K, reserved 1048576K
}
Event: 40.065 GC heap before
{Heap before GC invocations=63 (full 0):
 garbage-first heap   total 220160K, used 184794K [0x0000000080000000, 0x0000000100000000)
  region size 1024K, 43 young (44032K), 1 survivors (1024K)
 Metaspace       used 116797K, capacity 119483K, committed 120652K, reserved 1153024K
  class space    used 14689K, capacity 15717K, committed 16204K, reserved 1048576K
}
Event: 40.070 GC heap after
{Heap after GC invocations=64 (full 0):
 garbage-first heap   total 220160K, used 142655K [0x0000000080000000, 0x0000000100000000)
  region size 1024K, 2 young (2048K), 2 survivors (2048K)
 Metaspace       used 116797K, capacity 119483K, committed 120652K, reserved 1153024K
  class space    used 14689K, capacity 15717K, committed 16204K, reserved 1048576K
}
Event: 40.221 GC heap before
{Heap before GC invocations=65 (full 0):
 garbage-first heap   total 220160K, used 185663K [0x0000000080000000, 0x0000000100000000)
  region size 1024K, 44 young (45056K), 2 survivors (2048K)
 Metaspace       used 116812K, capacity 119484K, committed 120652K, reserved 1153024K
  class space    used 14690K, capacity 15717K, committed 16204K, reserved 1048576K
}
Event: 40.226 GC heap after
{Heap after GC invocations=66 (full 0):
 garbage-first heap   total 220160K, used 144126K [0x0000000080000000, 0x0000000100000000)
  region size 1024K, 4 young (4096K), 4 survivors (4096K)
 Metaspace       used 116812K, capacity 119484K, committed 120652K, reserved 1153024K
  class space    used 14690K, capacity 15717K, committed 16204K, reserved 1048576K
}
Event: 40.244 GC heap before
{Heap before GC invocations=66 (full 0):
 garbage-first heap   total 220160K, used 150270K [0x0000000080000000, 0x0000000100000000)
  region size 1024K, 10 young (10240K), 4 survivors (4096K)
 Metaspace       used 116830K, capacity 119501K, committed 120652K, reserved 1153024K
  class space    used 14694K, capacity 15723K, committed 16204K, reserved 1048576K
}
Event: 40.250 GC heap after
{Heap after GC invocations=67 (full 0):
 garbage-first heap   total 220160K, used 140197K [0x0000000080000000, 0x0000000100000000)
  region size 1024K, 1 young (1024K), 1 survivors (1024K)
 Metaspace       used 116830K, capacity 119501K, committed 120652K, reserved 1153024K
  class space    used 14694K, capacity 15723K, committed 16204K, reserved 1048576K
}
Event: 40.390 GC heap before
{Heap before GC invocations=67 (full 0):
 garbage-first heap   total 220160K, used 184229K [0x0000000080000000, 0x0000000100000000)
  region size 1024K, 45 young (46080K), 1 survivors (1024K)
 Metaspace       used 116951K, capacity 119600K, committed 120908K, reserved 1155072K
  class space    used 14717K, capacity 15735K, committed 16204K, reserved 1048576K
}
Event: 40.395 GC heap after
{Heap after GC invocations=68 (full 0):
 garbage-first heap   total 220160K, used 141844K [0x0000000080000000, 0x0000000100000000)
  region size 1024K, 3 young (3072K), 3 survivors (3072K)
 Metaspace       used 116951K, capacity 119600K, committed 120908K, reserved 1155072K
  class space    used 14717K, capacity 15735K, committed 16204K, reserved 1048576K
}
Event: 40.528 GC heap before
{Heap before GC invocations=68 (full 0):
 garbage-first heap   total 220160K, used 185876K [0x0000000080000000, 0x0000000100000000)
  region size 1024K, 47 young (48128K), 3 survivors (3072K)
 Metaspace       used 117432K, capacity 120148K, committed 121164K, reserved 1155072K
  class space    used 14779K, capacity 15813K, committed 16204K, reserved 1048576K
}
Event: 40.534 GC heap after
{Heap after GC invocations=69 (full 0):
 garbage-first heap   total 220160K, used 143375K [0x0000000080000000, 0x0000000100000000)
  region size 1024K, 4 young (4096K), 4 survivors (4096K)
 Metaspace       used 117432K, capacity 120148K, committed 121164K, reserved 1155072K
  class space    used 14779K, capacity 15813K, committed 16204K, reserved 1048576K
}
Event: 40.671 GC heap before
{Heap before GC invocations=69 (full 0):
 garbage-first heap   total 220160K, used 187407K [0x0000000080000000, 0x0000000100000000)
  region size 1024K, 47 young (48128K), 4 survivors (4096K)
 Metaspace       used 117838K, capacity 120569K, committed 121548K, reserved 1155072K
  class space    used 14837K, capacity 15911K, committed 16332K, reserved 1048576K
}
Event: 40.680 GC heap after
{Heap after GC invocations=70 (full 0):
 garbage-first heap   total 264192K, used 144626K [0x0000000080000000, 0x0000000100000000)
  region size 1024K, 4 young (4096K), 4 survivors (4096K)
 Metaspace       used 117838K, capacity 120569K, committed 121548K, reserved 1155072K
  class space    used 14837K, capacity 15911K, committed 16332K, reserved 1048576K
}
Event: 41.130 GC heap before
{Heap before GC invocations=71 (full 0):
 garbage-first heap   total 264192K, used 207090K [0x0000000080000000, 0x0000000100000000)
  region size 1024K, 66 young (67584K), 4 survivors (4096K)
 Metaspace       used 118856K, capacity 121752K, committed 122572K, reserved 1155072K
  class space    used 14930K, capacity 16024K, committed 16332K, reserved 1048576K
}
Event: 41.136 GC heap after
{Heap after GC invocations=72 (full 0):
 garbage-first heap   total 264192K, used 143991K [0x0000000080000000, 0x0000000100000000)
  region size 1024K, 3 young (3072K), 3 survivors (3072K)
 Metaspace       used 118856K, capacity 121752K, committed 122572K, reserved 1155072K
  class space    used 14930K, capacity 16024K, committed 16332K, reserved 1048576K
}
Event: 41.336 GC heap before
{Heap before GC invocations=72 (full 0):
 garbage-first heap   total 264192K, used 211575K [0x0000000080000000, 0x0000000100000000)
  region size 1024K, 69 young (70656K), 3 survivors (3072K)
 Metaspace       used 118895K, capacity 121775K, committed 122572K, reserved 1155072K
  class space    used 14938K, capacity 16032K, committed 16332K, reserved 1048576K
}
Event: 41.343 GC heap after
{Heap after GC invocations=73 (full 0):
 garbage-first heap   total 264192K, used 147445K [0x0000000080000000, 0x0000000100000000)
  region size 1024K, 7 young (7168K), 7 survivors (7168K)
 Metaspace       used 118895K, capacity 121775K, committed 122572K, reserved 1155072K
  class space    used 14938K, capacity 16032K, committed 16332K, reserved 1048576K
}

Deoptimization events (20 events):
Event: 41.265 Thread 0x0000026d2629b000 DEOPT PACKING pc=0x0000026d10ee28c4 sp=0x000000982cbfa610
Event: 41.265 Thread 0x0000026d2629b000 DEOPT UNPACKING pc=0x0000026d0938662f sp=0x000000982cbfa5d0 mode 2
Event: 41.280 Thread 0x0000026d27b3e000 DEOPT PACKING pc=0x0000026d0c04d058 sp=0x000000982fef94d0
Event: 41.281 Thread 0x0000026d27b3e000 DEOPT UNPACKING pc=0x0000026d09386dde sp=0x000000982fef89b0 mode 0
Event: 41.290 Thread 0x0000026d2629b000 DEOPT PACKING pc=0x0000026d0bb37753 sp=0x000000982cbfaaf0
Event: 41.290 Thread 0x0000026d2629b000 DEOPT UNPACKING pc=0x0000026d09386dde sp=0x000000982cbfa020 mode 0
Event: 41.301 Thread 0x0000026d2629b000 DEOPT PACKING pc=0x0000026d0bb37753 sp=0x000000982cbfa540
Event: 41.301 Thread 0x0000026d2629b000 DEOPT UNPACKING pc=0x0000026d09386dde sp=0x000000982cbf9a70 mode 0
Event: 41.326 Thread 0x0000026d26294800 DEOPT PACKING pc=0x0000026d0b9e0284 sp=0x000000982befce10
Event: 41.326 Thread 0x0000026d26294800 DEOPT UNPACKING pc=0x0000026d09386dde sp=0x000000982befc2f8 mode 0
Event: 41.326 Thread 0x0000026d26294800 DEOPT PACKING pc=0x0000026d0b9e32ac sp=0x000000982befcf40
Event: 41.326 Thread 0x0000026d26294800 DEOPT UNPACKING pc=0x0000026d09386dde sp=0x000000982befc408 mode 0
Event: 41.326 Thread 0x0000026d26294800 DEOPT PACKING pc=0x0000026d0b9cf2fc sp=0x000000982befd370
Event: 41.326 Thread 0x0000026d26294800 DEOPT UNPACKING pc=0x0000026d09386dde sp=0x000000982befc910 mode 0
Event: 41.326 Thread 0x0000026d26294800 DEOPT PACKING pc=0x0000026d0a2d08dc sp=0x000000982beff020
Event: 41.326 Thread 0x0000026d26294800 DEOPT UNPACKING pc=0x0000026d09386dde sp=0x000000982befe5f0 mode 0
Event: 41.328 Thread 0x0000026d2555d800 Uncommon trap: trap_request=0xffffffde fr.pc=0x0000026d10ee28c4 relative=0x0000000000000864
Event: 41.328 Thread 0x0000026d2555d800 Uncommon trap: reason=class_check action=maybe_recompile pc=0x0000026d10ee28c4 method=com.android.tools.r8.internal.Kk1.a(Ljava/lang/Object;[Lcom/android/tools/r8/internal/RS0;I)Ljava/lang/Object; @ 13 c2
Event: 41.328 Thread 0x0000026d2555d800 DEOPT PACKING pc=0x0000026d10ee28c4 sp=0x000000982b0fa2f0
Event: 41.328 Thread 0x0000026d2555d800 DEOPT UNPACKING pc=0x0000026d0938662f sp=0x000000982b0fa2b0 mode 2

Classes redefined (0 events):
No events

Internal exceptions (20 events):
Event: 39.113 Thread 0x0000026d26294800 Exception <a 'java/lang/IncompatibleClassChangeError'{0x000000008d04fe20}: Found class java.lang.Object, but interface was expected> (0x000000008d04fe20) thrown at [./src/hotspot/share/interpreter/linkResolver.cpp, line 839]
Event: 39.132 Thread 0x0000026d25562000 Exception <a 'java/lang/NoSuchMethodError'{0x000000008ce48fa0}: 'void java.lang.invoke.DirectMethodHandle$Holder.invokeVirtual(java.lang.Object, java.lang.Object, int, java.lang.Object)'> (0x000000008ce48fa0) thrown at [./src/hotspot/share/interpreter/linkResolver.cpp, line 773]
Event: 39.132 Thread 0x0000026d24586800 Exception <a 'java/lang/NoSuchMethodError'{0x000000008cb11f40}: 'void java.lang.invoke.DirectMethodHandle$Holder.invokeVirtual(java.lang.Object, java.lang.Object, int, java.lang.Object)'> (0x000000008cb11f40) thrown at [./src/hotspot/share/interpreter/linkResolver.cpp, line 773]
Event: 39.132 Thread 0x0000026d26294800 Exception <a 'java/lang/NoSuchMethodError'{0x000000008cbc71f0}: 'void java.lang.invoke.DirectMethodHandle$Holder.invokeVirtual(java.lang.Object, java.lang.Object, int, java.lang.Object)'> (0x000000008cbc71f0) thrown at [./src/hotspot/share/interpreter/linkResolver.cpp, line 773]
Event: 39.215 Thread 0x0000026d26294800 Exception <a 'java/lang/NoSuchMethodError'{0x000000008b8f9b00}: 'java.lang.Object java.lang.invoke.DirectMethodHandle$Holder.newInvokeSpecial(java.lang.Object, int)'> (0x000000008b8f9b00) thrown at [./src/hotspot/share/interpreter/linkResolver.cpp, line 773]
Event: 39.215 Thread 0x0000026d27b3e000 Exception <a 'java/lang/NoSuchMethodError'{0x000000008b705540}: 'java.lang.Object java.lang.invoke.DirectMethodHandle$Holder.newInvokeSpecial(java.lang.Object, int)'> (0x000000008b705540) thrown at [./src/hotspot/share/interpreter/linkResolver.cpp, line 773]
Event: 39.215 Thread 0x0000026d24586800 Exception <a 'java/lang/NoSuchMethodError'{0x000000008b8ab368}: 'java.lang.Object java.lang.invoke.DirectMethodHandle$Holder.newInvokeSpecial(java.lang.Object, int)'> (0x000000008b8ab368) thrown at [./src/hotspot/share/interpreter/linkResolver.cpp, line 773]
Event: 39.834 Thread 0x0000026d25562000 Exception <a 'java/lang/NoSuchMethodError'{0x000000008cb17928}: 'int java.lang.invoke.DirectMethodHandle$Holder.invokeInterface(java.lang.Object, java.lang.Object, int)'> (0x000000008cb17928) thrown at [./src/hotspot/share/interpreter/linkResolver.cpp, line 773]
Event: 40.520 Thread 0x0000026d26294800 Exception <a 'java/lang/NoSuchMethodError'{0x000000008aedaf80}: 'java.lang.Object java.lang.invoke.Invokers$Holder.linkToTargetMethod(java.lang.Object, int, java.lang.Object, java.lang.Object, java.lang.Object, java.lang.Object)'> (0x000000008aedaf80) thrown at [./src/hotspot/share/interpreter/linkResolver.cpp, line 773]
Event: 40.522 Thread 0x0000026d26294800 Exception <a 'java/lang/NoSuchMethodError'{0x000000008ac4d268}: 'java.lang.Object java.lang.invoke.Invokers$Holder.linkToTargetMethod(java.lang.Object, java.lang.Object, java.lang.Object, int, java.lang.Object, java.lang.Object, java.lang.Object)'> (0x000000008ac4d268) thrown at [./src/hotspot/share/interpreter/linkResolver.cpp, line 773]
Event: 40.526 Thread 0x0000026d26294800 Exception <a 'java/lang/NoSuchMethodError'{0x000000008ab73b30}: 'void java.lang.invoke.DirectMethodHandle$Holder.invokeStatic(java.lang.Object, java.lang.Object, java.lang.Object, java.lang.Object, java.lang.Object, java.lang.Object, java.lang.Object, java.lang.Object)'> (0x000000008ab73b30) thrown at [./src/hotspot/share/interpreter/linkResolver.cpp, line 773]
Event: 40.543 Thread 0x0000026d24266800 Exception <a 'sun/nio/fs/WindowsException'{0x000000008d5bbf40}> (0x000000008d5bbf40) thrown at [./src/hotspot/share/prims/jni.cpp, line 615]
Event: 40.548 Thread 0x0000026d24266800 Exception <a 'sun/nio/fs/WindowsException'{0x000000008d376668}> (0x000000008d376668) thrown at [./src/hotspot/share/prims/jni.cpp, line 615]
Event: 40.548 Thread 0x0000026d24266800 Exception <a 'sun/nio/fs/WindowsException'{0x000000008d376750}> (0x000000008d376750) thrown at [./src/hotspot/share/prims/jni.cpp, line 615]
Event: 40.876 Thread 0x0000026d26294800 Exception <a 'java/lang/IncompatibleClassChangeError'{0x000000008eab2ca0}: Found class java.lang.Object, but interface was expected> (0x000000008eab2ca0) thrown at [./src/hotspot/share/interpreter/linkResolver.cpp, line 839]
Event: 41.068 Thread 0x0000026d26294800 Exception <a 'java/lang/NoSuchMethodError'{0x000000008d4ad748}: 'void java.lang.invoke.DirectMethodHandle$Holder.invokeVirtual(java.lang.Object, java.lang.Object, int)'> (0x000000008d4ad748) thrown at [./src/hotspot/share/interpreter/linkResolver.cpp, line 773]
Event: 41.163 Thread 0x0000026d24586800 Exception <a 'sun/nio/fs/WindowsException'{0x0000000090156b60}> (0x0000000090156b60) thrown at [./src/hotspot/share/prims/jni.cpp, line 615]
Event: 41.166 Thread 0x0000026d26294800 Exception <a 'sun/nio/fs/WindowsException'{0x00000000901e1fb8}> (0x00000000901e1fb8) thrown at [./src/hotspot/share/prims/jni.cpp, line 615]
Event: 41.264 Thread 0x0000026d2629b000 Exception <a 'sun/nio/fs/WindowsException'{0x000000008e02c630}> (0x000000008e02c630) thrown at [./src/hotspot/share/prims/jni.cpp, line 615]
Event: 41.328 Thread 0x0000026d2555d800 Exception <a 'sun/nio/fs/WindowsException'{0x000000008c45b988}> (0x000000008c45b988) thrown at [./src/hotspot/share/prims/jni.cpp, line 615]

Events (20 events):
Event: 41.144 loading class com/android/tools/r8/dex/y
Event: 41.144 loading class com/android/tools/r8/dex/y done
Event: 41.145 loading class java/util/zip/Adler32
Event: 41.158 loading class java/util/zip/Adler32 done
Event: 41.159 loading class com/android/tools/r8/dex/u
Event: 41.159 loading class com/android/tools/r8/dex/u done
Event: 41.160 loading class com/android/tools/r8/ByteDataView
Event: 41.160 loading class com/android/tools/r8/ByteDataView done
Event: 41.162 loading class com/android/tools/r8/internal/wM0
Event: 41.162 loading class com/android/tools/r8/internal/wM0 done
Event: 41.163 loading class com/android/tools/r8/internal/VH0
Event: 41.164 loading class com/android/tools/r8/internal/VH0 done
Event: 41.164 loading class com/android/tools/r8/internal/UH0
Event: 41.164 loading class com/android/tools/r8/internal/UH0 done
Event: 41.165 loading class com/android/tools/r8/internal/TH0
Event: 41.165 loading class com/android/tools/r8/internal/TH0 done
Event: 41.195 loading class com/android/tools/r8/internal/pe1
Event: 41.195 loading class com/android/tools/r8/internal/pe1 done
Event: 41.336 Executing VM operation: G1CollectForAllocation
Event: 41.343 Executing VM operation: G1CollectForAllocation done


Dynamic libraries:
0x00007ff78ed40000 - 0x00007ff78ed4a000 	D:\COSMOS\PROGRAM\Android Studio\jre\bin\java.exe
0x00007ffae84a0000 - 0x00007ffae86a9000 	C:\WINDOWS\SYSTEM32\ntdll.dll
0x00007ffae74b0000 - 0x00007ffae756d000 	C:\WINDOWS\System32\KERNEL32.DLL
0x00007ffae5990000 - 0x00007ffae5d04000 	C:\WINDOWS\System32\KERNELBASE.dll
0x00007ffae2f30000 - 0x00007ffae2fc1000 	C:\WINDOWS\SYSTEM32\apphelp.dll
0x00007ffae5fc0000 - 0x00007ffae60d1000 	C:\WINDOWS\System32\ucrtbase.dll
0x00007fface680000 - 0x00007fface699000 	D:\COSMOS\PROGRAM\Android Studio\jre\bin\jli.dll
0x00007fface660000 - 0x00007fface677000 	D:\COSMOS\PROGRAM\Android Studio\jre\bin\VCRUNTIME140.dll
0x00007ffae6490000 - 0x00007ffae663c000 	C:\WINDOWS\System32\USER32.dll
0x00007ffad52a0000 - 0x00007ffad5545000 	C:\WINDOWS\WinSxS\amd64_microsoft.windows.common-controls_6595b64144ccf1df_6.0.22000.120_none_9d947278b86cc467\COMCTL32.dll
0x00007ffae5e30000 - 0x00007ffae5e56000 	C:\WINDOWS\System32\win32u.dll
0x00007ffae73f0000 - 0x00007ffae7493000 	C:\WINDOWS\System32\msvcrt.dll
0x00007ffae8430000 - 0x00007ffae8459000 	C:\WINDOWS\System32\GDI32.dll
0x00007ffae5d10000 - 0x00007ffae5e22000 	C:\WINDOWS\System32\gdi32full.dll
0x00007ffae5f20000 - 0x00007ffae5fbd000 	C:\WINDOWS\System32\msvcp_win.dll
0x00007ffae75e0000 - 0x00007ffae7611000 	C:\WINDOWS\System32\IMM32.DLL
0x00007ffab6960000 - 0x00007ffab69fd000 	D:\COSMOS\PROGRAM\Android Studio\jre\bin\msvcp140.dll
0x00007ffa96b10000 - 0x00007ffa975e5000 	D:\COSMOS\PROGRAM\Android Studio\jre\bin\server\jvm.dll
0x00007ffae7620000 - 0x00007ffae76ce000 	C:\WINDOWS\System32\ADVAPI32.dll
0x00007ffae7790000 - 0x00007ffae782e000 	C:\WINDOWS\System32\sechost.dll
0x00007ffae6370000 - 0x00007ffae6490000 	C:\WINDOWS\System32\RPCRT4.dll
0x00007ffae74a0000 - 0x00007ffae74a8000 	C:\WINDOWS\System32\PSAPI.DLL
0x00007ffad6a40000 - 0x00007ffad6a49000 	C:\WINDOWS\SYSTEM32\WSOCK32.dll
0x00007ffae04d0000 - 0x00007ffae0503000 	C:\WINDOWS\SYSTEM32\WINMM.dll
0x00007ffadd640000 - 0x00007ffadd64a000 	C:\WINDOWS\SYSTEM32\VERSION.dll
0x00007ffae7570000 - 0x00007ffae75df000 	C:\WINDOWS\System32\WS2_32.dll
0x00007ffae4a90000 - 0x00007ffae4aa8000 	C:\WINDOWS\SYSTEM32\kernel.appcore.dll
0x00007ffaced80000 - 0x00007ffaced91000 	D:\COSMOS\PROGRAM\Android Studio\jre\bin\verify.dll
0x00007ffade310000 - 0x00007ffade531000 	C:\WINDOWS\SYSTEM32\DBGHELP.DLL
0x00007ffad6940000 - 0x00007ffad6971000 	C:\WINDOWS\SYSTEM32\dbgcore.DLL
0x00007ffae62c0000 - 0x00007ffae633f000 	C:\WINDOWS\System32\bcryptPrimitives.dll
0x00007ffacc9c0000 - 0x00007ffacc9e9000 	D:\COSMOS\PROGRAM\Android Studio\jre\bin\java.dll
0x00007ffae25a0000 - 0x00007ffae25ab000 	D:\COSMOS\PROGRAM\Android Studio\jre\bin\jimage.dll
0x00007fface770000 - 0x00007fface788000 	D:\COSMOS\PROGRAM\Android Studio\jre\bin\zip.dll
0x00007ffae6640000 - 0x00007ffae6dee000 	C:\WINDOWS\System32\SHELL32.dll
0x00007ffae3b00000 - 0x00007ffae4367000 	C:\WINDOWS\SYSTEM32\windows.storage.dll
0x00007ffae7070000 - 0x00007ffae73e8000 	C:\WINDOWS\System32\combase.dll
0x00007ffae3990000 - 0x00007ffae3af6000 	C:\WINDOWS\SYSTEM32\wintypes.dll
0x00007ffae8340000 - 0x00007ffae842a000 	C:\WINDOWS\System32\SHCORE.dll
0x00007ffae76d0000 - 0x00007ffae772d000 	C:\WINDOWS\System32\shlwapi.dll
0x00007ffae58c0000 - 0x00007ffae58e1000 	C:\WINDOWS\SYSTEM32\profapi.dll
0x00007ffacc9a0000 - 0x00007ffacc9ba000 	D:\COSMOS\PROGRAM\Android Studio\jre\bin\net.dll
0x00007ffae0940000 - 0x00007ffae0a4c000 	C:\WINDOWS\SYSTEM32\WINHTTP.dll
0x00007ffae4f30000 - 0x00007ffae4f97000 	C:\WINDOWS\system32\mswsock.dll
0x00007ffacc980000 - 0x00007ffacc994000 	D:\COSMOS\PROGRAM\Android Studio\jre\bin\nio.dll
0x00007ffacf220000 - 0x00007ffacf247000 	C:\Users\ADMIN\.gradle\native\e1d6ef7f7dcc3fd88c89a11ec53ec762bb8ba0a96d01ffa2cd45eb1d1d8dd5c5\windows-amd64\native-platform.dll
0x00007ffab3aa0000 - 0x00007ffab3be4000 	C:\Users\ADMIN\.gradle\native\5664cfc778a61ccfe75a443a1ab52a65af34e5dc3c78e0209fed803814484fcb\windows-amd64\native-platform-file-events.dll
0x00007ffad5820000 - 0x00007ffad582a000 	D:\COSMOS\PROGRAM\Android Studio\jre\bin\management.dll
0x00007ffacf5c0000 - 0x00007ffacf5cd000 	D:\COSMOS\PROGRAM\Android Studio\jre\bin\management_ext.dll
0x00007ffae5180000 - 0x00007ffae5198000 	C:\WINDOWS\SYSTEM32\CRYPTSP.dll
0x00007ffae49f0000 - 0x00007ffae4a25000 	C:\WINDOWS\system32\rsaenh.dll
0x00007ffae5020000 - 0x00007ffae5049000 	C:\WINDOWS\SYSTEM32\USERENV.dll
0x00007ffae52f0000 - 0x00007ffae5317000 	C:\WINDOWS\SYSTEM32\bcrypt.dll
0x00007ffae5170000 - 0x00007ffae517c000 	C:\WINDOWS\SYSTEM32\CRYPTBASE.dll
0x00007ffae45c0000 - 0x00007ffae45ed000 	C:\WINDOWS\SYSTEM32\IPHLPAPI.DLL
0x00007ffae8240000 - 0x00007ffae8249000 	C:\WINDOWS\System32\NSI.dll
0x00007ffae0920000 - 0x00007ffae0939000 	C:\WINDOWS\SYSTEM32\dhcpcsvc6.DLL
0x00007ffae0dd0000 - 0x00007ffae0dee000 	C:\WINDOWS\SYSTEM32\dhcpcsvc.DLL
0x00007ffae45f0000 - 0x00007ffae46d7000 	C:\WINDOWS\SYSTEM32\DNSAPI.dll
0x00007ffae3340000 - 0x00007ffae3374000 	C:\WINDOWS\SYSTEM32\ntmarta.dll
0x00007ffacb470000 - 0x00007ffacb497000 	D:\COSMOS\PROGRAM\Android Studio\jre\bin\sunec.dll
0x00007ffad8a80000 - 0x00007ffad8a8a000 	C:\Windows\System32\rasadhlp.dll
0x00007ffadd880000 - 0x00007ffadd901000 	C:\WINDOWS\System32\fwpuclnt.dll

dbghelp: loaded successfully - version: 4.0.5 - missing functions: none
symbol engine: initialized successfully - sym options: 0x614 - pdb path: .;D:\COSMOS\PROGRAM\Android Studio\jre\bin;C:\WINDOWS\SYSTEM32;C:\WINDOWS\WinSxS\amd64_microsoft.windows.common-controls_6595b64144ccf1df_6.0.22000.120_none_9d947278b86cc467;D:\COSMOS\PROGRAM\Android Studio\jre\bin\server;C:\Users\ADMIN\.gradle\native\e1d6ef7f7dcc3fd88c89a11ec53ec762bb8ba0a96d01ffa2cd45eb1d1d8dd5c5\windows-amd64;C:\Users\ADMIN\.gradle\native\5664cfc778a61ccfe75a443a1ab52a65af34e5dc3c78e0209fed803814484fcb\windows-amd64

VM Arguments:
jvm_args: --add-opens=java.base/java.util=ALL-UNNAMED --add-opens=java.base/java.lang=ALL-UNNAMED --add-opens=java.base/java.lang.invoke=ALL-UNNAMED --add-opens=java.base/java.util=ALL-UNNAMED --add-opens=java.prefs/java.util.prefs=ALL-UNNAMED --add-opens=java.prefs/java.util.prefs=ALL-UNNAMED --add-opens=java.base/java.nio.charset=ALL-UNNAMED --add-opens=java.base/java.net=ALL-UNNAMED --add-opens=java.base/java.util.concurrent.atomic=ALL-UNNAMED -Xmx2048m -Dfile.encoding=UTF-8 -Duser.country=US -Duser.language=en -Duser.variant 
java_command: org.gradle.launcher.daemon.bootstrap.GradleDaemon 7.2
java_class_path (initial): C:\Users\ADMIN\.gradle\wrapper\dists\gradle-7.2-bin\2dnblmf4td7x66yl1d74lt32g\gradle-7.2\lib\gradle-launcher-7.2.jar
Launcher Type: SUN_STANDARD

[Global flags]
     intx CICompilerCount                          = 4                                         {product} {ergonomic}
     uint ConcGCThreads                            = 2                                         {product} {ergonomic}
     uint G1ConcRefinementThreads                  = 8                                         {product} {ergonomic}
   size_t G1HeapRegionSize                         = 1048576                                   {product} {ergonomic}
    uintx GCDrainStackTargetSize                   = 64                                        {product} {ergonomic}
   size_t InitialHeapSize                          = 130023424                                 {product} {ergonomic}
   size_t MarkStackSize                            = 4194304                                   {product} {ergonomic}
   size_t MaxHeapSize                              = 2147483648                                {product} {command line}
   size_t MaxNewSize                               = 1287651328                                {product} {ergonomic}
   size_t MinHeapDeltaBytes                        = 1048576                                   {product} {ergonomic}
    uintx NonNMethodCodeHeapSize                   = 5836300                                {pd product} {ergonomic}
    uintx NonProfiledCodeHeapSize                  = 122910970                              {pd product} {ergonomic}
    uintx ProfiledCodeHeapSize                     = 122910970                              {pd product} {ergonomic}
    uintx ReservedCodeCacheSize                    = 251658240                              {pd product} {ergonomic}
     bool SegmentedCodeCache                       = true                                      {product} {ergonomic}
     bool UseCompressedClassPointers               = true                                 {lp64_product} {ergonomic}
     bool UseCompressedOops                        = true                                 {lp64_product} {ergonomic}
     bool UseG1GC                                  = true                                      {product} {ergonomic}
     bool UseLargePagesIndividualAllocation        = false                                  {pd product} {ergonomic}

Logging:
Log output configuration:
 #0: stdout all=warning uptime,level,tags
 #1: stderr all=off uptime,level,tags

Environment Variables:
PATH=C:\Users\ADMIN\AppData\Local\Packages\PythonSoftwareFoundation.Python.3.9_qbz5n2kfra8p0\LocalCache\local-packages\Python39;C:\Users\ADMIN\AppData\Local\Packages\PythonSoftwareFoundation.Python.3.9_qbz5n2kfra8p0\LocalCache\local-packages\Python39\Scripts;C:\Program Files\Common Files\Oracle\Java\javapath;C:\WINDOWS\system32;C:\WINDOWS;C:\WINDOWS\System32\Wbem;C:\WINDOWS\System32\WindowsPowerShell\v1.0\;C:\WINDOWS\System32\OpenSSH\;C:\Program Files\dotnet\;C:\Program Files\Git\cmd;C:\Program Files\Microsoft SQL Server\Client SDK\ODBC\170\Tools\Binn\;C:\Program Files (x86)\Microsoft SQL Server\150\Tools\Binn\;C:\Program Files\Microsoft SQL Server\150\Tools\Binn\;C:\Program Files\Microsoft SQL Server\150\DTS\Binn\;D:\COSMOS\PROGRAM\Matlab\runtime\win64;D:\COSMOS\PROGRAM\Matlab\bin;C:\Program Files\nodejs\;C:\ProgramData\chocolatey\bin;C:\Users\ADMIN\AppData\Local\Microsoft\WindowsApps\PythonSoftwareFoundation.Python.3.9_qbz5n2kfra8p0;C:\Users\ADMIN\AppData\Local\Microsoft\WindowsApps;C:\Users\ADMIN\.dotnet\tools;C:\Users\ADMIN\AppData\Local\Programs\Microsoft VS Code\bin;C:\Users\ADMIN\AppData\Local\GitHubDesktop\bin;C:\Program Files\Azure Data Studio\bin;C:\Users\ADMIN\AppData\Roaming\npm;
USERNAME=Lolicon
OS=Windows_NT
PROCESSOR_IDENTIFIER=AMD64 Family 23 Model 24 Stepping 1, AuthenticAMD



---------------  S Y S T E M  ---------------

OS: Windows 10 , 64 bit Build 22000 (10.0.22000.434)
OS uptime: 0 days 3:47 hours

CPU:total 8 (initial active 8) (8 cores per cpu, 2 threads per core) family 23 model 24 stepping 1 microcode 0x0, cmov, cx8, fxsr, mmx, sse, sse2, sse3, ssse3, sse4.1, sse4.2, popcnt, avx, avx2, aes, clmul, mmxext, 3dnowpref, lzcnt, sse4a, ht, tsc, tscinvbit, tscinv, bmi1, bmi2, adx, s

Memory: 4k page, system-wide physical 7874M (411M free)
TotalPageFile size 11970M (AvailPageFile size 6M)
current process WorkingSet (physical memory assigned to process): 633M, peak: 634M
current process commit charge ("private bytes"): 687M, peak: 688M

vm_info: OpenJDK 64-Bit Server VM (11.0.11+9-b60-7590822) for windows-amd64 JRE (11.0.11+9-b60-7590822), built on Jul 29 2021 21:43:44 by "builder" with MS VC++ 14.0 (VS2015)

END.
