#
# There is insufficient memory for the Java Runtime Environment to continue.
# Native memory allocation (malloc) failed to allocate 2060336 bytes for Chunk::new
# Possible reasons:
#   The system is out of physical RAM or swap space
#   The process is running with CompressedOops enabled, and the Java Heap may be blocking the growth of the native heap
# Possible solutions:
#   Reduce memory load on the system
#   Increase physical memory or swap space
#   Check if swap backing store is full
#   Decrease Java heap size (-Xmx/-Xms)
#   Decrease number of Java threads
#   Decrease Java thread stack sizes (-Xss)
#   Set larger code cache with -XX:ReservedCodeCacheSize=
#   JVM is running with Unscaled Compressed Oops mode in which the Java heap is
#     placed in the first 4GB address space. The Java Heap base address is the
#     maximum limit for the native heap growth. Please use -XX:HeapBaseMinAddress
#     to set the Java Heap base and to place the Java Heap above 4GB virtual address.
# This output file may be truncated or incomplete.
#
#  Out of Memory Error (./src/hotspot/share/memory/arena.cpp:197), pid=2656, tid=6796
#
# JRE version: OpenJDK Runtime Environment (11.0.11+9) (build 11.0.11+9-b60-7590822)
# Java VM: OpenJDK 64-Bit Server VM (11.0.11+9-b60-7590822, mixed mode, tiered, compressed oops, g1 gc, windows-amd64)
# No core dump will be written. Minidumps are not enabled by default on client versions of Windows
#

---------------  S U M M A R Y ------------

Command Line: --add-opens=java.base/java.util=ALL-UNNAMED --add-opens=java.base/java.lang=ALL-UNNAMED --add-opens=java.base/java.lang.invoke=ALL-UNNAMED --add-opens=java.base/java.util=ALL-UNNAMED --add-opens=java.prefs/java.util.prefs=ALL-UNNAMED --add-opens=java.prefs/java.util.prefs=ALL-UNNAMED --add-opens=java.base/java.nio.charset=ALL-UNNAMED --add-opens=java.base/java.net=ALL-UNNAMED --add-opens=java.base/java.util.concurrent.atomic=ALL-UNNAMED -Xmx2048m -Dfile.encoding=UTF-8 -Duser.country=US -Duser.language=en -Duser.variant org.gradle.launcher.daemon.bootstrap.GradleDaemon 7.2

Host: AMD Ryzen 5 3550H with Radeon Vega Mobile Gfx  , 8 cores, 7G,  Windows 10 , 64 bit Build 22000 (10.0.22000.434)
Time: Fri Feb 11 10:54:17 2022 SE Asia Standard Time elapsed time: 17.896012 seconds (0d 0h 0m 17s)

---------------  T H R E A D  ---------------

Current thread (0x000002021c7fa800):  JavaThread "C2 CompilerThread1" daemon [_thread_in_native, id=6796, stack(0x000000698a200000,0x000000698a300000)]


Current CompileTask:
C2:  17896 7219       4       java.lang.Class::annotationData (44 bytes)

Stack: [0x000000698a200000,0x000000698a300000]
Native frames: (J=compiled Java code, j=interpreted, Vv=VM code, C=native code)
V  [jvm.dll+0x5f214a]
V  [jvm.dll+0x726fb5]
V  [jvm.dll+0x7285cd]
V  [jvm.dll+0x728c83]
V  [jvm.dll+0x243278]
V  [jvm.dll+0xbc53c]
V  [jvm.dll+0xbca3c]
V  [jvm.dll+0x353e7d]
V  [jvm.dll+0x321893]
V  [jvm.dll+0x320d8a]
V  [jvm.dll+0x1fc1e2]
V  [jvm.dll+0x1fb3d4]
V  [jvm.dll+0x183d6c]
V  [jvm.dll+0x209a57]
V  [jvm.dll+0x2082a1]
V  [jvm.dll+0x6ef58f]
V  [jvm.dll+0x6e80b5]
V  [jvm.dll+0x5f1036]
C  [ucrtbase.dll+0x26c0c]
C  [KERNEL32.DLL+0x154e0]
C  [ntdll.dll+0x485b]


---------------  P R O C E S S  ---------------

Threads class SMR info:
_java_thread_list=0x000002021c4c5ae0, length=123, elements={
0x00000202798c0800, 0x0000020215d37800, 0x0000020215d42800, 0x00000202166b3800,
0x00000202166b4800, 0x00000202166b5800, 0x00000202166b9000, 0x0000020215d51800,
0x0000020215d54000, 0x0000020216801800, 0x0000020217de4800, 0x0000020218510000,
0x0000020218e86000, 0x0000020218e86800, 0x0000020218803800, 0x0000020218f6f800,
0x00000202199ee800, 0x0000020218f6a000, 0x0000020218f69000, 0x0000020218f68800,
0x0000020218f6b000, 0x0000020218f6b800, 0x0000020218f6c800, 0x0000020218f6d800,
0x0000020218f67800, 0x0000020218f6e000, 0x000002021a014800, 0x000002021a010800,
0x000002021a015000, 0x000002021a016000, 0x000002021a013800, 0x000002021a012800,
0x000002021a017800, 0x000002021a012000, 0x000002021a018800, 0x000002021a019800,
0x000002021a01f000, 0x000002021a01b800, 0x000002021a01a000, 0x000002021a01b000,
0x000002021a01c800, 0x000002021a01d800, 0x000002021a01e000, 0x000002021b9b4800,
0x000002021b9b3000, 0x000002021b9b0800, 0x000002021b9b4000, 0x000002021b9af800,
0x000002021b9b1800, 0x000002021b9b2000, 0x000002021b9af000, 0x000002021b9b8800,
0x000002021b9b9800, 0x000002021b9b6000, 0x000002021b9ba800, 0x000002021b9b7000,
0x000002021b9b8000, 0x000002021b9bb000, 0x000002021b9b5800, 0x000002021b9bc000,
0x000002021b9bd000, 0x000002021b9bd800, 0x000002021a4dc000, 0x000002021a4de800,
0x000002021a4e2800, 0x000002021a4e0000, 0x000002021a4e1000, 0x000002021a4e2000,
0x000002021a4df800, 0x000002021a4dd000, 0x000002021a4e3800, 0x000002021a4de000,
0x000002021a4e6000, 0x000002021a4e7000, 0x000002021a4e9000, 0x000002021a4e7800,
0x000002021a4ea000, 0x000002021a4e4800, 0x000002021a4e8800, 0x000002021a4e5000,
0x000002021a4eb000, 0x000002021c30a000, 0x000002021c309000, 0x000002021c30e000,
0x000002021c308000, 0x000002021c30f800, 0x000002021c30e800, 0x000002021c310800,
0x000002021c30b800, 0x000002021c30a800, 0x000002021c311000, 0x000002021c312000,
0x000002021c30c000, 0x000002021c313000, 0x000002021c30d000, 0x000002021c317000,
0x000002021c315000, 0x000002021c313800, 0x000002021c314800, 0x000002021c316000,
0x000002021c5f6000, 0x000002021c5fb000, 0x000002021c5fa000, 0x000002021c5fb800,
0x000002021c5fc800, 0x000002021c5f7000, 0x000002021c5f8800, 0x000002021c5fd800,
0x000002021c5f7800, 0x000002021c5fe000, 0x000002021c5ff000, 0x000002021c5f9800,
0x000002021c604000, 0x000002021c604800, 0x000002021c601800, 0x000002021c602800,
0x000002021c600000, 0x000002021c603000, 0x000002021c600800, 0x000002021b98a800,
0x000002021b98e800, 0x000002021c7fa800, 0x000002021b989000
}

Java Threads: ( => current thread )
  0x00000202798c0800 JavaThread "main" [_thread_blocked, id=6188, stack(0x0000006981f00000,0x0000006982000000)]
  0x0000020215d37800 JavaThread "Reference Handler" daemon [_thread_blocked, id=8680, stack(0x0000006982600000,0x0000006982700000)]
  0x0000020215d42800 JavaThread "Finalizer" daemon [_thread_blocked, id=9964, stack(0x0000006982700000,0x0000006982800000)]
  0x00000202166b3800 JavaThread "Signal Dispatcher" daemon [_thread_blocked, id=6664, stack(0x0000006982800000,0x0000006982900000)]
  0x00000202166b4800 JavaThread "Attach Listener" daemon [_thread_blocked, id=1520, stack(0x0000006982900000,0x0000006982a00000)]
  0x00000202166b5800 JavaThread "Service Thread" daemon [_thread_blocked, id=11612, stack(0x0000006982a00000,0x0000006982b00000)]
  0x00000202166b9000 JavaThread "C2 CompilerThread0" daemon [_thread_blocked, id=9980, stack(0x0000006982b00000,0x0000006982c00000)]
  0x0000020215d51800 JavaThread "C1 CompilerThread0" daemon [_thread_blocked, id=1576, stack(0x0000006982c00000,0x0000006982d00000)]
  0x0000020215d54000 JavaThread "Sweeper thread" daemon [_thread_blocked, id=2576, stack(0x0000006982d00000,0x0000006982e00000)]
  0x0000020216801800 JavaThread "Common-Cleaner" daemon [_thread_blocked, id=4392, stack(0x0000006982e00000,0x0000006982f00000)]
  0x0000020217de4800 JavaThread "Daemon health stats" [_thread_blocked, id=6164, stack(0x0000006983200000,0x0000006983300000)]
  0x0000020218510000 JavaThread "Incoming local TCP Connector on port 50141" [_thread_in_native, id=3096, stack(0x0000006983000000,0x0000006983100000)]
  0x0000020218e86000 JavaThread "Daemon periodic checks" [_thread_blocked, id=3144, stack(0x0000006983300000,0x0000006983400000)]
  0x0000020218e86800 JavaThread "Daemon" [_thread_blocked, id=7388, stack(0x0000006983400000,0x0000006983500000)]
  0x0000020218803800 JavaThread "Handler for socket connection from /127.0.0.1:50141 to /127.0.0.1:50142" [_thread_in_native, id=7368, stack(0x0000006983500000,0x0000006983600000)]
  0x0000020218f6f800 JavaThread "Cancel handler" [_thread_blocked, id=7392, stack(0x0000006983600000,0x0000006983700000)]
  0x00000202199ee800 JavaThread "Daemon worker" [_thread_in_vm, id=2928, stack(0x0000006983700000,0x0000006983800000)]
  0x0000020218f6a000 JavaThread "Asynchronous log dispatcher for DefaultDaemonConnection: socket connection from /127.0.0.1:50141 to /127.0.0.1:50142" [_thread_blocked, id=2976, stack(0x0000006983800000,0x0000006983900000)]
  0x0000020218f69000 JavaThread "Stdin handler" [_thread_blocked, id=2956, stack(0x0000006983900000,0x0000006983a00000)]
  0x0000020218f68800 JavaThread "Daemon client event forwarder" [_thread_blocked, id=2840, stack(0x0000006983a00000,0x0000006983b00000)]
  0x0000020218f6b000 JavaThread "Cache worker for journal cache (C:\Users\ADMIN\.gradle\caches\journal-1)" [_thread_blocked, id=1404, stack(0x0000006984200000,0x0000006984300000)]
  0x0000020218f6b800 JavaThread "File lock request listener" [_thread_in_native, id=9576, stack(0x0000006984300000,0x0000006984400000)]
  0x0000020218f6c800 JavaThread "Cache worker for file hash cache (C:\Users\ADMIN\.gradle\caches\7.2\fileHashes)" [_thread_blocked, id=1564, stack(0x0000006984400000,0x0000006984500000)]
  0x0000020218f6d800 JavaThread "Cache worker for file hash cache (D:\COSMOS\Document\Android Studio\HelloWorld19.11\.gradle\7.2\fileHashes)" [_thread_blocked, id=3252, stack(0x0000006984600000,0x0000006984700000)]
  0x0000020218f67800 JavaThread "File watcher server" daemon [_thread_in_native, id=3108, stack(0x0000006984700000,0x0000006984800000)]
  0x0000020218f6e000 JavaThread "File watcher consumer" daemon [_thread_blocked, id=3436, stack(0x0000006984800000,0x0000006984900000)]
  0x000002021a014800 JavaThread "Cache worker for checksums cache (D:\COSMOS\Document\Android Studio\HelloWorld19.11\.gradle\checksums)" [_thread_blocked, id=3524, stack(0x0000006984900000,0x0000006984a00000)]
  0x000002021a010800 JavaThread "Cache worker for cache directory md-supplier (C:\Users\ADMIN\.gradle\caches\7.2\md-supplier)" [_thread_blocked, id=3360, stack(0x0000006984a00000,0x0000006984b00000)]
  0x000002021a015000 JavaThread "Cache worker for cache directory md-rule (C:\Users\ADMIN\.gradle\caches\7.2\md-rule)" [_thread_blocked, id=3628, stack(0x0000006984b00000,0x0000006984c00000)]
  0x000002021a016000 JavaThread "Cache worker for execution history cache (C:\Users\ADMIN\.gradle\caches\7.2\executionHistory)" [_thread_blocked, id=6284, stack(0x0000006984d00000,0x0000006984e00000)]
  0x000002021a013800 JavaThread "jar transforms" [_thread_blocked, id=3248, stack(0x0000006984e00000,0x0000006984f00000)]
  0x000002021a012800 JavaThread "Cache worker for file content cache (C:\Users\ADMIN\.gradle\caches\7.2\fileContent)" [_thread_blocked, id=8684, stack(0x0000006984f00000,0x0000006985000000)]
  0x000002021a017800 JavaThread "jar transforms Thread 2" [_thread_blocked, id=6968, stack(0x0000006985000000,0x0000006985100000)]
  0x000002021a012000 JavaThread "Cache worker for dependencies-accessors (D:\COSMOS\Document\Android Studio\HelloWorld19.11\.gradle\7.2\dependencies-accessors)" [_thread_blocked, id=3140, stack(0x0000006985100000,0x0000006985200000)]
  0x000002021a018800 JavaThread "jar transforms Thread 3" [_thread_blocked, id=5436, stack(0x0000006985200000,0x0000006985300000)]
  0x000002021a019800 JavaThread "Cache worker for Build Output Cleanup Cache (D:\COSMOS\Document\Android Studio\HelloWorld19.11\.gradle\buildOutputCleanup)" [_thread_blocked, id=3412, stack(0x0000006985300000,0x0000006985400000)]
  0x000002021a01f000 JavaThread "Unconstrained build operations" [_thread_blocked, id=3224, stack(0x0000006983b00000,0x0000006983c00000)]
  0x000002021a01b800 JavaThread "Unconstrained build operations Thread 2" [_thread_blocked, id=3260, stack(0x0000006984c00000,0x0000006984d00000)]
  0x000002021a01a000 JavaThread "Unconstrained build operations Thread 3" [_thread_blocked, id=6168, stack(0x0000006985400000,0x0000006985500000)]
  0x000002021a01b000 JavaThread "Unconstrained build operations Thread 4" [_thread_blocked, id=3564, stack(0x0000006985500000,0x0000006985600000)]
  0x000002021a01c800 JavaThread "Unconstrained build operations Thread 5" [_thread_blocked, id=3568, stack(0x0000006985600000,0x0000006985700000)]
  0x000002021a01d800 JavaThread "Unconstrained build operations Thread 6" [_thread_blocked, id=3572, stack(0x0000006985700000,0x0000006985800000)]
  0x000002021a01e000 JavaThread "Unconstrained build operations Thread 7" [_thread_blocked, id=3216, stack(0x0000006985800000,0x0000006985900000)]
  0x000002021b9b4800 JavaThread "Unconstrained build operations Thread 8" [_thread_blocked, id=3296, stack(0x0000006985900000,0x0000006985a00000)]
  0x000002021b9b3000 JavaThread "Unconstrained build operations Thread 9" [_thread_blocked, id=5340, stack(0x0000006985a00000,0x0000006985b00000)]
  0x000002021b9b0800 JavaThread "Unconstrained build operations Thread 10" [_thread_blocked, id=4752, stack(0x0000006985b00000,0x0000006985c00000)]
  0x000002021b9b4000 JavaThread "Unconstrained build operations Thread 11" [_thread_blocked, id=3816, stack(0x0000006985c00000,0x0000006985d00000)]
  0x000002021b9af800 JavaThread "Unconstrained build operations Thread 12" [_thread_blocked, id=3796, stack(0x0000006985d00000,0x0000006985e00000)]
  0x000002021b9b1800 JavaThread "Unconstrained build operations Thread 13" [_thread_blocked, id=4300, stack(0x0000006985e00000,0x0000006985f00000)]
  0x000002021b9b2000 JavaThread "Unconstrained build operations Thread 14" [_thread_blocked, id=3708, stack(0x0000006985f00000,0x0000006986000000)]
  0x000002021b9af000 JavaThread "Unconstrained build operations Thread 15" [_thread_blocked, id=5608, stack(0x0000006986000000,0x0000006986100000)]
  0x000002021b9b8800 JavaThread "Unconstrained build operations Thread 16" [_thread_blocked, id=5680, stack(0x0000006986100000,0x0000006986200000)]
  0x000002021b9b9800 JavaThread "Unconstrained build operations Thread 17" [_thread_blocked, id=4740, stack(0x0000006986200000,0x0000006986300000)]
  0x000002021b9b6000 JavaThread "Unconstrained build operations Thread 18" [_thread_blocked, id=3780, stack(0x0000006986300000,0x0000006986400000)]
  0x000002021b9ba800 JavaThread "Unconstrained build operations Thread 19" [_thread_blocked, id=3784, stack(0x0000006986400000,0x0000006986500000)]
  0x000002021b9b7000 JavaThread "Unconstrained build operations Thread 20" [_thread_blocked, id=3788, stack(0x0000006986500000,0x0000006986600000)]
  0x000002021b9b8000 JavaThread "Unconstrained build operations Thread 21" [_thread_blocked, id=3812, stack(0x0000006986600000,0x0000006986700000)]
  0x000002021b9bb000 JavaThread "Unconstrained build operations Thread 22" [_thread_blocked, id=6960, stack(0x0000006986700000,0x0000006986800000)]
  0x000002021b9b5800 JavaThread "Unconstrained build operations Thread 23" [_thread_blocked, id=3716, stack(0x0000006986800000,0x0000006986900000)]
  0x000002021b9bc000 JavaThread "Unconstrained build operations Thread 24" [_thread_blocked, id=5944, stack(0x0000006986900000,0x0000006986a00000)]
  0x000002021b9bd000 JavaThread "Unconstrained build operations Thread 25" [_thread_blocked, id=3712, stack(0x0000006986a00000,0x0000006986b00000)]
  0x000002021b9bd800 JavaThread "Unconstrained build operations Thread 26" [_thread_blocked, id=6868, stack(0x0000006986b00000,0x0000006986c00000)]
  0x000002021a4dc000 JavaThread "Unconstrained build operations Thread 27" [_thread_blocked, id=3688, stack(0x0000006986c00000,0x0000006986d00000)]
  0x000002021a4de800 JavaThread "Unconstrained build operations Thread 28" [_thread_blocked, id=5012, stack(0x0000006986d00000,0x0000006986e00000)]
  0x000002021a4e2800 JavaThread "Unconstrained build operations Thread 29" [_thread_blocked, id=4660, stack(0x0000006986e00000,0x0000006986f00000)]
  0x000002021a4e0000 JavaThread "Unconstrained build operations Thread 30" [_thread_blocked, id=12692, stack(0x0000006986f00000,0x0000006987000000)]
  0x000002021a4e1000 JavaThread "Unconstrained build operations Thread 31" [_thread_blocked, id=12688, stack(0x0000006987000000,0x0000006987100000)]
  0x000002021a4e2000 JavaThread "Unconstrained build operations Thread 32" [_thread_blocked, id=1816, stack(0x0000006987100000,0x0000006987200000)]
  0x000002021a4df800 JavaThread "Unconstrained build operations Thread 33" [_thread_blocked, id=7108, stack(0x0000006987200000,0x0000006987300000)]
  0x000002021a4dd000 JavaThread "Unconstrained build operations Thread 34" [_thread_blocked, id=13164, stack(0x0000006987300000,0x0000006987400000)]
  0x000002021a4e3800 JavaThread "Unconstrained build operations Thread 35" [_thread_blocked, id=3992, stack(0x0000006987400000,0x0000006987500000)]
  0x000002021a4de000 JavaThread "Unconstrained build operations Thread 36" [_thread_blocked, id=12948, stack(0x0000006987500000,0x0000006987600000)]
  0x000002021a4e6000 JavaThread "Unconstrained build operations Thread 37" [_thread_blocked, id=9284, stack(0x0000006987600000,0x0000006987700000)]
  0x000002021a4e7000 JavaThread "Unconstrained build operations Thread 38" [_thread_blocked, id=4416, stack(0x0000006987700000,0x0000006987800000)]
  0x000002021a4e9000 JavaThread "Unconstrained build operations Thread 39" [_thread_blocked, id=8844, stack(0x0000006987800000,0x0000006987900000)]
  0x000002021a4e7800 JavaThread "Unconstrained build operations Thread 40" [_thread_blocked, id=9632, stack(0x0000006987900000,0x0000006987a00000)]
  0x000002021a4ea000 JavaThread "Unconstrained build operations Thread 41" [_thread_blocked, id=11436, stack(0x0000006987a00000,0x0000006987b00000)]
  0x000002021a4e4800 JavaThread "Unconstrained build operations Thread 42" [_thread_blocked, id=2900, stack(0x0000006987b00000,0x0000006987c00000)]
  0x000002021a4e8800 JavaThread "Unconstrained build operations Thread 43" [_thread_blocked, id=11440, stack(0x0000006987c00000,0x0000006987d00000)]
  0x000002021a4e5000 JavaThread "Unconstrained build operations Thread 44" [_thread_blocked, id=12556, stack(0x0000006987d00000,0x0000006987e00000)]
  0x000002021a4eb000 JavaThread "Unconstrained build operations Thread 45" [_thread_blocked, id=11476, stack(0x0000006987e00000,0x0000006987f00000)]
  0x000002021c30a000 JavaThread "Unconstrained build operations Thread 46" [_thread_blocked, id=9556, stack(0x0000006987f00000,0x0000006988000000)]
  0x000002021c309000 JavaThread "Unconstrained build operations Thread 47" [_thread_blocked, id=9644, stack(0x0000006988000000,0x0000006988100000)]
  0x000002021c30e000 JavaThread "Unconstrained build operations Thread 48" [_thread_blocked, id=9684, stack(0x0000006988100000,0x0000006988200000)]
  0x000002021c308000 JavaThread "Unconstrained build operations Thread 49" [_thread_blocked, id=12628, stack(0x0000006988200000,0x0000006988300000)]
  0x000002021c30f800 JavaThread "Unconstrained build operations Thread 50" [_thread_blocked, id=3332, stack(0x0000006988300000,0x0000006988400000)]
  0x000002021c30e800 JavaThread "Unconstrained build operations Thread 51" [_thread_blocked, id=12412, stack(0x0000006988400000,0x0000006988500000)]
  0x000002021c310800 JavaThread "Unconstrained build operations Thread 52" [_thread_blocked, id=12596, stack(0x0000006988500000,0x0000006988600000)]
  0x000002021c30b800 JavaThread "Unconstrained build operations Thread 53" [_thread_blocked, id=12584, stack(0x0000006988600000,0x0000006988700000)]
  0x000002021c30a800 JavaThread "Unconstrained build operations Thread 54" [_thread_blocked, id=4876, stack(0x0000006988700000,0x0000006988800000)]
  0x000002021c311000 JavaThread "Unconstrained build operations Thread 55" [_thread_blocked, id=3836, stack(0x0000006988800000,0x0000006988900000)]
  0x000002021c312000 JavaThread "Unconstrained build operations Thread 56" [_thread_blocked, id=3404, stack(0x0000006988900000,0x0000006988a00000)]
  0x000002021c30c000 JavaThread "Unconstrained build operations Thread 57" [_thread_blocked, id=7264, stack(0x0000006988a00000,0x0000006988b00000)]
  0x000002021c313000 JavaThread "Unconstrained build operations Thread 58" [_thread_blocked, id=3156, stack(0x0000006988b00000,0x0000006988c00000)]
  0x000002021c30d000 JavaThread "Unconstrained build operations Thread 59" [_thread_blocked, id=7396, stack(0x0000006988c00000,0x0000006988d00000)]
  0x000002021c317000 JavaThread "Unconstrained build operations Thread 60" [_thread_blocked, id=7576, stack(0x0000006988d00000,0x0000006988e00000)]
  0x000002021c315000 JavaThread "Unconstrained build operations Thread 61" [_thread_blocked, id=8676, stack(0x0000006988e00000,0x0000006988f00000)]
  0x000002021c313800 JavaThread "Unconstrained build operations Thread 62" [_thread_blocked, id=6756, stack(0x0000006988f00000,0x0000006989000000)]
  0x000002021c314800 JavaThread "Unconstrained build operations Thread 63" [_thread_blocked, id=8740, stack(0x0000006989000000,0x0000006989100000)]
  0x000002021c316000 JavaThread "Unconstrained build operations Thread 64" [_thread_blocked, id=6564, stack(0x0000006989100000,0x0000006989200000)]
  0x000002021c5f6000 JavaThread "Unconstrained build operations Thread 65" [_thread_blocked, id=12600, stack(0x0000006989200000,0x0000006989300000)]
  0x000002021c5fb000 JavaThread "Unconstrained build operations Thread 66" [_thread_blocked, id=2276, stack(0x0000006989300000,0x0000006989400000)]
  0x000002021c5fa000 JavaThread "Unconstrained build operations Thread 67" [_thread_blocked, id=5356, stack(0x0000006989400000,0x0000006989500000)]
  0x000002021c5fb800 JavaThread "Unconstrained build operations Thread 68" [_thread_blocked, id=8552, stack(0x0000006989500000,0x0000006989600000)]
  0x000002021c5fc800 JavaThread "Unconstrained build operations Thread 69" [_thread_blocked, id=5312, stack(0x0000006989600000,0x0000006989700000)]
  0x000002021c5f7000 JavaThread "Unconstrained build operations Thread 70" [_thread_blocked, id=2176, stack(0x0000006989700000,0x0000006989800000)]
  0x000002021c5f8800 JavaThread "Unconstrained build operations Thread 71" [_thread_blocked, id=2308, stack(0x0000006989800000,0x0000006989900000)]
  0x000002021c5fd800 JavaThread "Unconstrained build operations Thread 72" [_thread_blocked, id=1952, stack(0x0000006989900000,0x0000006989a00000)]
  0x000002021c5f7800 JavaThread "Unconstrained build operations Thread 73" [_thread_blocked, id=2156, stack(0x0000006989a00000,0x0000006989b00000)]
  0x000002021c5fe000 JavaThread "Unconstrained build operations Thread 74" [_thread_blocked, id=1956, stack(0x0000006989b00000,0x0000006989c00000)]
  0x000002021c5ff000 JavaThread "Unconstrained build operations Thread 75" [_thread_blocked, id=5316, stack(0x0000006989c00000,0x0000006989d00000)]
  0x000002021c5f9800 JavaThread "Unconstrained build operations Thread 76" [_thread_blocked, id=8688, stack(0x0000006989d00000,0x0000006989e00000)]
  0x000002021c604000 JavaThread "Unconstrained build operations Thread 77" [_thread_blocked, id=4112, stack(0x0000006989e00000,0x0000006989f00000)]
  0x000002021c604800 JavaThread "Unconstrained build operations Thread 78" [_thread_blocked, id=4084, stack(0x0000006989f00000,0x000000698a000000)]
  0x000002021c601800 JavaThread "Unconstrained build operations Thread 79" [_thread_blocked, id=7788, stack(0x000000698a000000,0x000000698a100000)]
  0x000002021c602800 JavaThread "Unconstrained build operations Thread 80" [_thread_blocked, id=8188, stack(0x000000698a100000,0x000000698a200000)]
  0x000002021c600000 JavaThread "jar transforms Thread 4" [_thread_blocked, id=3172, stack(0x000000698a300000,0x000000698a400000)]
  0x000002021c603000 JavaThread "jar transforms Thread 5" [_thread_blocked, id=3304, stack(0x000000698a400000,0x000000698a500000)]
  0x000002021c600800 JavaThread "jar transforms Thread 6" [_thread_blocked, id=12612, stack(0x000000698a500000,0x000000698a600000)]
  0x000002021b98a800 JavaThread "jar transforms Thread 7" [_thread_blocked, id=2296, stack(0x000000698a600000,0x000000698a700000)]
  0x000002021b98e800 JavaThread "jar transforms Thread 8" [_thread_blocked, id=1036, stack(0x000000698a700000,0x000000698a800000)]
=>0x000002021c7fa800 JavaThread "C2 CompilerThread1" daemon [_thread_in_native, id=6796, stack(0x000000698a200000,0x000000698a300000)]
  0x000002021b989000 JavaThread "Memory manager" [_thread_blocked, id=8720, stack(0x000000698a800000,0x000000698a900000)]

Other Threads:
  0x0000020215d35000 VMThread "VM Thread" [stack: 0x0000006982500000,0x0000006982600000] [id=2484]
  0x000002021681a800 WatcherThread [stack: 0x0000006982f00000,0x0000006983000000] [id=12336]
  0x00000202798da000 GCTaskThread "GC Thread#0" [stack: 0x0000006982000000,0x0000006982100000] [id=2592]
  0x0000020217657000 GCTaskThread "GC Thread#1" [stack: 0x0000006983100000,0x0000006983200000] [id=3176]
  0x0000020217f28800 GCTaskThread "GC Thread#2" [stack: 0x0000006983c00000,0x0000006983d00000] [id=5708]
  0x000002021900b800 GCTaskThread "GC Thread#3" [stack: 0x0000006983d00000,0x0000006983e00000] [id=6228]
  0x000002021900c800 GCTaskThread "GC Thread#4" [stack: 0x0000006983e00000,0x0000006983f00000] [id=9992]
  0x000002021905b800 GCTaskThread "GC Thread#5" [stack: 0x0000006983f00000,0x0000006984000000] [id=10064]
  0x000002021905c800 GCTaskThread "GC Thread#6" [stack: 0x0000006984000000,0x0000006984100000] [id=5468]
  0x0000020217653000 GCTaskThread "GC Thread#7" [stack: 0x0000006984100000,0x0000006984200000] [id=5484]
  0x000002027990c800 ConcurrentGCThread "G1 Main Marker" [stack: 0x0000006982100000,0x0000006982200000] [id=2596]
  0x000002027990d800 ConcurrentGCThread "G1 Conc#0" [stack: 0x0000006982200000,0x0000006982300000] [id=8752]
  0x00000202188aa800 ConcurrentGCThread "G1 Conc#1" [stack: 0x0000006984500000,0x0000006984600000] [id=11488]
  0x000002027999d800 ConcurrentGCThread "G1 Refine#0" [stack: 0x0000006982300000,0x0000006982400000] [id=8736]
  0x0000020215b82800 ConcurrentGCThread "G1 Young RemSet Sampling" [stack: 0x0000006982400000,0x0000006982500000] [id=8692]

Threads with active compile tasks:
C2 CompilerThread1  18014 7219       4       java.lang.Class::annotationData (44 bytes)

VM state:not at safepoint (normal execution)

VM Mutex/Monitor currently owned by a thread: None

Heap address: 0x0000000080000000, size: 2048 MB, Compressed Oops mode: 32-bit
Narrow klass base: 0x0000000000000000, Narrow klass shift: 3
Compressed class space size: 1073741824 Address: 0x0000000100000000

Heap:
 garbage-first heap   total 152576K, used 105435K [0x0000000080000000, 0x0000000100000000)
  region size 1024K, 55 young (56320K), 7 survivors (7168K)
 Metaspace       used 76825K, capacity 78509K, committed 78796K, reserved 1118208K
  class space    used 9996K, capacity 10625K, committed 10700K, reserved 1048576K
Heap Regions: E=young(eden), S=young(survivor), O=old, HS=humongous(starts), HC=humongous(continues), CS=collection set, F=free, A=archive, TAMS=top-at-mark-start (previous, next)
|   0|0x0000000080000000, 0x0000000080100000, 0x0000000080100000|100%| O|  |TAMS 0x0000000080100000, 0x0000000080000000| Untracked 
|   1|0x0000000080100000, 0x0000000080200000, 0x0000000080200000|100%| O|  |TAMS 0x0000000080200000, 0x0000000080100000| Untracked 
|   2|0x0000000080200000, 0x0000000080300000, 0x0000000080300000|100%| O|  |TAMS 0x0000000080300000, 0x0000000080200000| Untracked 
|   3|0x0000000080300000, 0x0000000080400000, 0x0000000080400000|100%|HS|  |TAMS 0x0000000080400000, 0x0000000080300000| Complete 
|   4|0x0000000080400000, 0x0000000080500000, 0x0000000080500000|100%|HC|  |TAMS 0x0000000080500000, 0x0000000080400000| Complete 
|   5|0x0000000080500000, 0x0000000080600000, 0x0000000080600000|100%|HC|  |TAMS 0x0000000080600000, 0x0000000080500000| Complete 
|   6|0x0000000080600000, 0x0000000080700000, 0x0000000080700000|100%| O|  |TAMS 0x0000000080700000, 0x0000000080600000| Untracked 
|   7|0x0000000080700000, 0x0000000080800000, 0x0000000080800000|100%| O|  |TAMS 0x0000000080800000, 0x0000000080700000| Untracked 
|   8|0x0000000080800000, 0x0000000080900000, 0x0000000080900000|100%| O|  |TAMS 0x0000000080900000, 0x0000000080800000| Untracked 
|   9|0x0000000080900000, 0x0000000080a00000, 0x0000000080a00000|100%| O|  |TAMS 0x0000000080a00000, 0x0000000080900000| Untracked 
|  10|0x0000000080a00000, 0x0000000080b00000, 0x0000000080b00000|100%| O|  |TAMS 0x0000000080b00000, 0x0000000080a00000| Untracked 
|  11|0x0000000080b00000, 0x0000000080c00000, 0x0000000080c00000|100%| O|  |TAMS 0x0000000080c00000, 0x0000000080b00000| Untracked 
|  12|0x0000000080c00000, 0x0000000080d00000, 0x0000000080d00000|100%| O|  |TAMS 0x0000000080d00000, 0x0000000080c00000| Untracked 
|  13|0x0000000080d00000, 0x0000000080e00000, 0x0000000080e00000|100%| O|  |TAMS 0x0000000080e00000, 0x0000000080d00000| Untracked 
|  14|0x0000000080e00000, 0x0000000080f00000, 0x0000000080f00000|100%| O|  |TAMS 0x0000000080f00000, 0x0000000080e00000| Untracked 
|  15|0x0000000080f00000, 0x0000000081000000, 0x0000000081000000|100%| O|  |TAMS 0x0000000081000000, 0x0000000080f00000| Untracked 
|  16|0x0000000081000000, 0x0000000081100000, 0x0000000081100000|100%| O|  |TAMS 0x0000000081100000, 0x0000000081000000| Untracked 
|  17|0x0000000081100000, 0x0000000081200000, 0x0000000081200000|100%| O|  |TAMS 0x0000000081200000, 0x0000000081100000| Untracked 
|  18|0x0000000081200000, 0x0000000081300000, 0x0000000081300000|100%| O|  |TAMS 0x0000000081300000, 0x0000000081200000| Untracked 
|  19|0x0000000081300000, 0x0000000081400000, 0x0000000081400000|100%|HS|  |TAMS 0x0000000081400000, 0x0000000081300000| Complete 
|  20|0x0000000081400000, 0x0000000081500000, 0x0000000081500000|100%| O|  |TAMS 0x0000000081500000, 0x0000000081400000| Untracked 
|  21|0x0000000081500000, 0x0000000081600000, 0x0000000081600000|100%| O|  |TAMS 0x0000000081600000, 0x0000000081500000| Untracked 
|  22|0x0000000081600000, 0x0000000081700000, 0x0000000081700000|100%| O|  |TAMS 0x0000000081700000, 0x0000000081600000| Untracked 
|  23|0x0000000081700000, 0x0000000081800000, 0x0000000081800000|100%|HS|  |TAMS 0x0000000081800000, 0x0000000081700000| Complete 
|  24|0x0000000081800000, 0x0000000081900000, 0x0000000081900000|100%|HS|  |TAMS 0x0000000081900000, 0x0000000081800000| Complete 
|  25|0x0000000081900000, 0x0000000081a00000, 0x0000000081a00000|100%| O|  |TAMS 0x0000000081a00000, 0x0000000081900000| Untracked 
|  26|0x0000000081a00000, 0x0000000081b00000, 0x0000000081b00000|100%| O|  |TAMS 0x0000000081b00000, 0x0000000081a00000| Untracked 
|  27|0x0000000081b00000, 0x0000000081c00000, 0x0000000081c00000|100%| O|  |TAMS 0x0000000081c00000, 0x0000000081b00000| Untracked 
|  28|0x0000000081c00000, 0x0000000081d00000, 0x0000000081d00000|100%| O|  |TAMS 0x0000000081d00000, 0x0000000081c00000| Untracked 
|  29|0x0000000081d00000, 0x0000000081e00000, 0x0000000081e00000|100%|HS|  |TAMS 0x0000000081e00000, 0x0000000081d00000| Complete 
|  30|0x0000000081e00000, 0x0000000081f00000, 0x0000000081f00000|100%|HC|  |TAMS 0x0000000081f00000, 0x0000000081e00000| Complete 
|  31|0x0000000081f00000, 0x0000000082000000, 0x0000000082000000|100%| O|  |TAMS 0x0000000082000000, 0x0000000081f00000| Untracked 
|  32|0x0000000082000000, 0x0000000082100000, 0x0000000082100000|100%| O|  |TAMS 0x0000000082100000, 0x0000000082000000| Untracked 
|  33|0x0000000082100000, 0x0000000082200000, 0x0000000082200000|100%| O|  |TAMS 0x0000000082200000, 0x0000000082100000| Untracked 
|  34|0x0000000082200000, 0x0000000082300000, 0x0000000082300000|100%| O|  |TAMS 0x0000000082300000, 0x0000000082200000| Untracked 
|  35|0x0000000082300000, 0x0000000082400000, 0x0000000082400000|100%| O|  |TAMS 0x0000000082400000, 0x0000000082300000| Untracked 
|  36|0x0000000082400000, 0x0000000082500000, 0x0000000082500000|100%| O|  |TAMS 0x0000000082500000, 0x0000000082400000| Untracked 
|  37|0x0000000082500000, 0x0000000082600000, 0x0000000082600000|100%| O|  |TAMS 0x0000000082600000, 0x0000000082500000| Untracked 
|  38|0x0000000082600000, 0x0000000082700000, 0x0000000082700000|100%| O|  |TAMS 0x0000000082700000, 0x0000000082600000| Untracked 
|  39|0x0000000082700000, 0x0000000082800000, 0x0000000082800000|100%| O|  |TAMS 0x0000000082800000, 0x0000000082700000| Untracked 
|  40|0x0000000082800000, 0x0000000082900000, 0x0000000082900000|100%| O|  |TAMS 0x0000000082900000, 0x0000000082800000| Untracked 
|  41|0x0000000082900000, 0x0000000082a00000, 0x0000000082a00000|100%| O|  |TAMS 0x0000000082a00000, 0x0000000082900000| Untracked 
|  42|0x0000000082a00000, 0x0000000082b00000, 0x0000000082b00000|100%| O|  |TAMS 0x0000000082b00000, 0x0000000082a00000| Untracked 
|  43|0x0000000082b00000, 0x0000000082c00000, 0x0000000082c00000|100%| O|  |TAMS 0x0000000082c00000, 0x0000000082b00000| Untracked 
|  44|0x0000000082c00000, 0x0000000082d00000, 0x0000000082d00000|100%| O|  |TAMS 0x0000000082c43200, 0x0000000082c00000| Untracked 
|  45|0x0000000082d00000, 0x0000000082d00000, 0x0000000082e00000|  0%| F|  |TAMS 0x0000000082d00000, 0x0000000082d00000| Untracked 
|  46|0x0000000082e00000, 0x0000000082f00000, 0x0000000082f00000|100%| O|  |TAMS 0x0000000082e00000, 0x0000000082e00000| Untracked 
|  47|0x0000000082f00000, 0x0000000083000000, 0x0000000083000000|100%| O|  |TAMS 0x0000000082f00000, 0x0000000082f00000| Untracked 
|  48|0x0000000083000000, 0x0000000083100000, 0x0000000083100000|100%| O|  |TAMS 0x0000000083000000, 0x0000000083000000| Untracked 
|  49|0x0000000083100000, 0x0000000083200000, 0x0000000083200000|100%| O|  |TAMS 0x0000000083100000, 0x0000000083100000| Untracked 
|  50|0x0000000083200000, 0x0000000083238400, 0x0000000083300000| 21%| O|  |TAMS 0x0000000083200000, 0x0000000083200000| Untracked 
|  51|0x0000000083300000, 0x0000000083300000, 0x0000000083400000|  0%| F|  |TAMS 0x0000000083300000, 0x0000000083300000| Untracked 
|  52|0x0000000083400000, 0x0000000083400000, 0x0000000083500000|  0%| F|  |TAMS 0x0000000083400000, 0x0000000083400000| Untracked 
|  53|0x0000000083500000, 0x0000000083500000, 0x0000000083600000|  0%| F|  |TAMS 0x0000000083500000, 0x0000000083500000| Untracked 
|  54|0x0000000083600000, 0x0000000083600000, 0x0000000083700000|  0%| F|  |TAMS 0x0000000083600000, 0x0000000083600000| Untracked 
|  55|0x0000000083700000, 0x0000000083700000, 0x0000000083800000|  0%| F|  |TAMS 0x0000000083700000, 0x0000000083700000| Untracked 
|  56|0x0000000083800000, 0x0000000083800000, 0x0000000083900000|  0%| F|  |TAMS 0x0000000083800000, 0x0000000083800000| Untracked 
|  57|0x0000000083900000, 0x0000000083900000, 0x0000000083a00000|  0%| F|  |TAMS 0x0000000083900000, 0x0000000083900000| Untracked 
|  58|0x0000000083a00000, 0x0000000083a00000, 0x0000000083b00000|  0%| F|  |TAMS 0x0000000083a00000, 0x0000000083a00000| Untracked 
|  59|0x0000000083b00000, 0x0000000083b00000, 0x0000000083c00000|  0%| F|  |TAMS 0x0000000083b00000, 0x0000000083b00000| Untracked 
|  60|0x0000000083c00000, 0x0000000083c00000, 0x0000000083d00000|  0%| F|  |TAMS 0x0000000083c00000, 0x0000000083c00000| Untracked 
|  61|0x0000000083d00000, 0x0000000083d00000, 0x0000000083e00000|  0%| F|  |TAMS 0x0000000083d00000, 0x0000000083d00000| Untracked 
|  62|0x0000000083e00000, 0x0000000083e00000, 0x0000000083f00000|  0%| F|  |TAMS 0x0000000083e00000, 0x0000000083e00000| Untracked 
|  63|0x0000000083f00000, 0x0000000083f00000, 0x0000000084000000|  0%| F|  |TAMS 0x0000000083f00000, 0x0000000083f00000| Untracked 
|  64|0x0000000084000000, 0x0000000084000000, 0x0000000084100000|  0%| F|  |TAMS 0x0000000084000000, 0x0000000084000000| Untracked 
|  65|0x0000000084100000, 0x0000000084100000, 0x0000000084200000|  0%| F|  |TAMS 0x0000000084100000, 0x0000000084100000| Untracked 
|  66|0x0000000084200000, 0x0000000084200000, 0x0000000084300000|  0%| F|  |TAMS 0x0000000084200000, 0x0000000084200000| Untracked 
|  67|0x0000000084300000, 0x0000000084300000, 0x0000000084400000|  0%| F|  |TAMS 0x0000000084300000, 0x0000000084300000| Untracked 
|  68|0x0000000084400000, 0x0000000084400000, 0x0000000084500000|  0%| F|  |TAMS 0x0000000084400000, 0x0000000084400000| Untracked 
|  69|0x0000000084500000, 0x0000000084500000, 0x0000000084600000|  0%| F|  |TAMS 0x0000000084500000, 0x0000000084500000| Untracked 
|  70|0x0000000084600000, 0x0000000084600000, 0x0000000084700000|  0%| F|  |TAMS 0x0000000084600000, 0x0000000084600000| Untracked 
|  71|0x0000000084700000, 0x0000000084700000, 0x0000000084800000|  0%| F|  |TAMS 0x0000000084700000, 0x0000000084700000| Untracked 
|  72|0x0000000084800000, 0x0000000084800000, 0x0000000084900000|  0%| F|  |TAMS 0x0000000084800000, 0x0000000084800000| Untracked 
|  73|0x0000000084900000, 0x0000000084900000, 0x0000000084a00000|  0%| F|  |TAMS 0x0000000084900000, 0x0000000084900000| Untracked 
|  74|0x0000000084a00000, 0x0000000084a00000, 0x0000000084b00000|  0%| F|  |TAMS 0x0000000084a00000, 0x0000000084a00000| Untracked 
|  75|0x0000000084b00000, 0x0000000084b00000, 0x0000000084c00000|  0%| F|  |TAMS 0x0000000084b00000, 0x0000000084b00000| Untracked 
|  76|0x0000000084c00000, 0x0000000084c00000, 0x0000000084d00000|  0%| F|  |TAMS 0x0000000084c00000, 0x0000000084c00000| Untracked 
|  77|0x0000000084d00000, 0x0000000084d00000, 0x0000000084e00000|  0%| F|  |TAMS 0x0000000084d00000, 0x0000000084d00000| Untracked 
|  78|0x0000000084e00000, 0x0000000084e00000, 0x0000000084f00000|  0%| F|  |TAMS 0x0000000084e00000, 0x0000000084e00000| Untracked 
|  79|0x0000000084f00000, 0x0000000084f00000, 0x0000000085000000|  0%| F|  |TAMS 0x0000000084f00000, 0x0000000084f00000| Untracked 
|  80|0x0000000085000000, 0x0000000085000000, 0x0000000085100000|  0%| F|  |TAMS 0x0000000085000000, 0x0000000085000000| Untracked 
|  81|0x0000000085100000, 0x0000000085100000, 0x0000000085200000|  0%| F|  |TAMS 0x0000000085100000, 0x0000000085100000| Untracked 
|  82|0x0000000085200000, 0x0000000085200000, 0x0000000085300000|  0%| F|  |TAMS 0x0000000085200000, 0x0000000085200000| Untracked 
|  83|0x0000000085300000, 0x0000000085300000, 0x0000000085400000|  0%| F|  |TAMS 0x0000000085300000, 0x0000000085300000| Untracked 
|  84|0x0000000085400000, 0x0000000085400000, 0x0000000085500000|  0%| F|  |TAMS 0x0000000085400000, 0x0000000085400000| Untracked 
|  85|0x0000000085500000, 0x0000000085500000, 0x0000000085600000|  0%| F|  |TAMS 0x0000000085500000, 0x0000000085500000| Untracked 
|  86|0x0000000085600000, 0x0000000085600000, 0x0000000085700000|  0%| F|  |TAMS 0x0000000085600000, 0x0000000085600000| Untracked 
|  87|0x0000000085700000, 0x0000000085700000, 0x0000000085800000|  0%| F|  |TAMS 0x0000000085700000, 0x0000000085700000| Untracked 
|  88|0x0000000085800000, 0x00000000858beb90, 0x0000000085900000| 74%| S|CS|TAMS 0x0000000085800000, 0x0000000085800000| Complete 
|  89|0x0000000085900000, 0x0000000085a00000, 0x0000000085a00000|100%| S|CS|TAMS 0x0000000085900000, 0x0000000085900000| Complete 
|  90|0x0000000085a00000, 0x0000000085b00000, 0x0000000085b00000|100%| S|CS|TAMS 0x0000000085a00000, 0x0000000085a00000| Complete 
|  91|0x0000000085b00000, 0x0000000085b00000, 0x0000000085c00000|  0%| F|  |TAMS 0x0000000085b00000, 0x0000000085b00000| Untracked 
|  92|0x0000000085c00000, 0x0000000085c00000, 0x0000000085d00000|  0%| F|  |TAMS 0x0000000085c00000, 0x0000000085c00000| Untracked 
|  93|0x0000000085d00000, 0x0000000085d00000, 0x0000000085e00000|  0%| F|  |TAMS 0x0000000085d00000, 0x0000000085d00000| Untracked 
|  94|0x0000000085e00000, 0x0000000085f00000, 0x0000000085f00000|100%| S|CS|TAMS 0x0000000085e00000, 0x0000000085e00000| Complete 
|  95|0x0000000085f00000, 0x0000000086000000, 0x0000000086000000|100%| S|CS|TAMS 0x0000000085f00000, 0x0000000085f00000| Complete 
|  96|0x0000000086000000, 0x0000000086100000, 0x0000000086100000|100%| S|CS|TAMS 0x0000000086000000, 0x0000000086000000| Complete 
|  97|0x0000000086100000, 0x0000000086200000, 0x0000000086200000|100%| S|CS|TAMS 0x0000000086100000, 0x0000000086100000| Complete 
|  98|0x0000000086200000, 0x0000000086200000, 0x0000000086300000|  0%| F|  |TAMS 0x0000000086200000, 0x0000000086200000| Untracked 
|  99|0x0000000086300000, 0x0000000086300000, 0x0000000086400000|  0%| F|  |TAMS 0x0000000086300000, 0x0000000086300000| Untracked 
| 100|0x0000000086400000, 0x0000000086400000, 0x0000000086500000|  0%| F|  |TAMS 0x0000000086400000, 0x0000000086400000| Untracked 
| 101|0x0000000086500000, 0x0000000086580800, 0x0000000086600000| 50%| E|  |TAMS 0x0000000086500000, 0x0000000086500000| Complete 
| 102|0x0000000086600000, 0x0000000086700000, 0x0000000086700000|100%| E|CS|TAMS 0x0000000086600000, 0x0000000086600000| Complete 
| 103|0x0000000086700000, 0x0000000086800000, 0x0000000086800000|100%| E|CS|TAMS 0x0000000086700000, 0x0000000086700000| Complete 
| 104|0x0000000086800000, 0x0000000086900000, 0x0000000086900000|100%| E|CS|TAMS 0x0000000086800000, 0x0000000086800000| Complete 
| 105|0x0000000086900000, 0x0000000086a00000, 0x0000000086a00000|100%| E|CS|TAMS 0x0000000086900000, 0x0000000086900000| Complete 
| 106|0x0000000086a00000, 0x0000000086b00000, 0x0000000086b00000|100%| E|CS|TAMS 0x0000000086a00000, 0x0000000086a00000| Complete 
| 107|0x0000000086b00000, 0x0000000086c00000, 0x0000000086c00000|100%| E|CS|TAMS 0x0000000086b00000, 0x0000000086b00000| Complete 
| 108|0x0000000086c00000, 0x0000000086d00000, 0x0000000086d00000|100%| E|CS|TAMS 0x0000000086c00000, 0x0000000086c00000| Complete 
| 109|0x0000000086d00000, 0x0000000086e00000, 0x0000000086e00000|100%| E|CS|TAMS 0x0000000086d00000, 0x0000000086d00000| Complete 
| 110|0x0000000086e00000, 0x0000000086f00000, 0x0000000086f00000|100%| E|CS|TAMS 0x0000000086e00000, 0x0000000086e00000| Complete 
| 111|0x0000000086f00000, 0x0000000087000000, 0x0000000087000000|100%| E|CS|TAMS 0x0000000086f00000, 0x0000000086f00000| Complete 
| 112|0x0000000087000000, 0x0000000087100000, 0x0000000087100000|100%| E|CS|TAMS 0x0000000087000000, 0x0000000087000000| Complete 
| 113|0x0000000087100000, 0x0000000087200000, 0x0000000087200000|100%| E|CS|TAMS 0x0000000087100000, 0x0000000087100000| Complete 
| 114|0x0000000087200000, 0x0000000087300000, 0x0000000087300000|100%| E|CS|TAMS 0x0000000087200000, 0x0000000087200000| Complete 
| 115|0x0000000087300000, 0x0000000087400000, 0x0000000087400000|100%| E|CS|TAMS 0x0000000087300000, 0x0000000087300000| Complete 
| 116|0x0000000087400000, 0x0000000087500000, 0x0000000087500000|100%| E|CS|TAMS 0x0000000087400000, 0x0000000087400000| Complete 
| 117|0x0000000087500000, 0x0000000087600000, 0x0000000087600000|100%| E|CS|TAMS 0x0000000087500000, 0x0000000087500000| Complete 
| 118|0x0000000087600000, 0x0000000087700000, 0x0000000087700000|100%| E|CS|TAMS 0x0000000087600000, 0x0000000087600000| Complete 
| 119|0x0000000087700000, 0x0000000087800000, 0x0000000087800000|100%| E|CS|TAMS 0x0000000087700000, 0x0000000087700000| Complete 
| 120|0x0000000087800000, 0x0000000087900000, 0x0000000087900000|100%| E|CS|TAMS 0x0000000087800000, 0x0000000087800000| Complete 
| 121|0x0000000087900000, 0x0000000087a00000, 0x0000000087a00000|100%| E|CS|TAMS 0x0000000087900000, 0x0000000087900000| Complete 
| 122|0x0000000087a00000, 0x0000000087b00000, 0x0000000087b00000|100%| E|CS|TAMS 0x0000000087a00000, 0x0000000087a00000| Complete 
| 123|0x0000000087b00000, 0x0000000087c00000, 0x0000000087c00000|100%| E|CS|TAMS 0x0000000087b00000, 0x0000000087b00000| Complete 
| 124|0x0000000087c00000, 0x0000000087d00000, 0x0000000087d00000|100%| E|CS|TAMS 0x0000000087c00000, 0x0000000087c00000| Complete 
| 125|0x0000000087d00000, 0x0000000087e00000, 0x0000000087e00000|100%| E|CS|TAMS 0x0000000087d00000, 0x0000000087d00000| Complete 
| 126|0x0000000087e00000, 0x0000000087f00000, 0x0000000087f00000|100%| E|CS|TAMS 0x0000000087e00000, 0x0000000087e00000| Complete 
| 127|0x0000000087f00000, 0x0000000088000000, 0x0000000088000000|100%| E|CS|TAMS 0x0000000087f00000, 0x0000000087f00000| Complete 
| 128|0x0000000088000000, 0x0000000088100000, 0x0000000088100000|100%| E|CS|TAMS 0x0000000088000000, 0x0000000088000000| Complete 
| 129|0x0000000088100000, 0x0000000088200000, 0x0000000088200000|100%| E|CS|TAMS 0x0000000088100000, 0x0000000088100000| Complete 
| 130|0x0000000088200000, 0x0000000088300000, 0x0000000088300000|100%| E|CS|TAMS 0x0000000088200000, 0x0000000088200000| Complete 
| 131|0x0000000088300000, 0x0000000088400000, 0x0000000088400000|100%| E|CS|TAMS 0x0000000088300000, 0x0000000088300000| Complete 
| 132|0x0000000088400000, 0x0000000088500000, 0x0000000088500000|100%| E|CS|TAMS 0x0000000088400000, 0x0000000088400000| Complete 
| 133|0x0000000088500000, 0x0000000088600000, 0x0000000088600000|100%| E|CS|TAMS 0x0000000088500000, 0x0000000088500000| Complete 
| 134|0x0000000088600000, 0x0000000088700000, 0x0000000088700000|100%| E|CS|TAMS 0x0000000088600000, 0x0000000088600000| Complete 
| 135|0x0000000088700000, 0x0000000088800000, 0x0000000088800000|100%| E|CS|TAMS 0x0000000088700000, 0x0000000088700000| Complete 
| 136|0x0000000088800000, 0x0000000088900000, 0x0000000088900000|100%| E|CS|TAMS 0x0000000088800000, 0x0000000088800000| Complete 
| 137|0x0000000088900000, 0x0000000088a00000, 0x0000000088a00000|100%| E|CS|TAMS 0x0000000088900000, 0x0000000088900000| Complete 
| 138|0x0000000088a00000, 0x0000000088b00000, 0x0000000088b00000|100%| E|CS|TAMS 0x0000000088a00000, 0x0000000088a00000| Complete 
| 139|0x0000000088b00000, 0x0000000088c00000, 0x0000000088c00000|100%| E|CS|TAMS 0x0000000088b00000, 0x0000000088b00000| Complete 
| 140|0x0000000088c00000, 0x0000000088d00000, 0x0000000088d00000|100%| E|CS|TAMS 0x0000000088c00000, 0x0000000088c00000| Complete 
| 141|0x0000000088d00000, 0x0000000088e00000, 0x0000000088e00000|100%| E|CS|TAMS 0x0000000088d00000, 0x0000000088d00000| Complete 
| 142|0x0000000088e00000, 0x0000000088f00000, 0x0000000088f00000|100%| E|CS|TAMS 0x0000000088e00000, 0x0000000088e00000| Complete 
| 143|0x0000000088f00000, 0x0000000089000000, 0x0000000089000000|100%| E|CS|TAMS 0x0000000088f00000, 0x0000000088f00000| Complete 
| 144|0x0000000089000000, 0x0000000089100000, 0x0000000089100000|100%| E|CS|TAMS 0x0000000089000000, 0x0000000089000000| Complete 
| 145|0x0000000089100000, 0x0000000089200000, 0x0000000089200000|100%| E|CS|TAMS 0x0000000089100000, 0x0000000089100000| Complete 
| 146|0x0000000089200000, 0x0000000089300000, 0x0000000089300000|100%| E|CS|TAMS 0x0000000089200000, 0x0000000089200000| Complete 
| 147|0x0000000089300000, 0x0000000089400000, 0x0000000089400000|100%| E|CS|TAMS 0x0000000089300000, 0x0000000089300000| Complete 
| 148|0x0000000089400000, 0x0000000089500000, 0x0000000089500000|100%| E|CS|TAMS 0x0000000089400000, 0x0000000089400000| Complete 

Card table byte_map: [0x000002027fa00000,0x000002027fe00000] _byte_map_base: 0x000002027f600000

Marking Bits (Prev, Next): (CMBitMap*) 0x0000020279903978, (CMBitMap*) 0x00000202799039b0
 Prev Bits: [0x000002020f400000, 0x0000020211400000)
 Next Bits: [0x0000020211400000, 0x0000020213400000)

Polling page: 0x000002027eb70000

Metaspace:

Usage:
  Non-class:     66.36 MB capacity,    65.28 MB ( 98%) used,   910.11 KB (  1%) free+waste,   187.38 KB ( <1%) overhead. 
      Class:     10.38 MB capacity,     9.77 MB ( 94%) used,   538.48 KB (  5%) free+waste,    86.81 KB ( <1%) overhead. 
       Both:     76.73 MB capacity,    75.05 MB ( 98%) used,     1.41 MB (  2%) free+waste,   274.19 KB ( <1%) overhead. 

Virtual space:
  Non-class space:       68.00 MB reserved,      66.50 MB ( 98%) committed 
      Class space:        1.00 GB reserved,      10.45 MB (  1%) committed 
             Both:        1.07 GB reserved,      76.95 MB (  7%) committed 

Chunk freelists:
   Non-Class:  20.00 KB
       Class:  31.00 KB
        Both:  51.00 KB

MaxMetaspaceSize: 17179869184.00 GB
CompressedClassSpaceSize: 1.00 GB

CodeHeap 'non-profiled nmethods': size=120000Kb used=4536Kb max_used=4536Kb free=115463Kb
 bounds [0x0000020207ad0000, 0x0000020207f40000, 0x000002020f000000]
CodeHeap 'profiled nmethods': size=120000Kb used=15829Kb max_used=15829Kb free=104170Kb
 bounds [0x00000202005a0000, 0x0000020201520000, 0x0000020207ad0000]
CodeHeap 'non-nmethods': size=5760Kb used=2272Kb max_used=2323Kb free=3487Kb
 bounds [0x0000020200000000, 0x0000020200270000, 0x00000202005a0000]
 total_blobs=8221 nmethods=7354 adapters=778
 compilation: enabled
              stopped_count=0, restarted_count=0
 full_count=0

Compilation events (20 events):
Event: 17.761 Thread 0x0000020215d51800 7385       3       com.sun.istack.FinalArrayList::<init> (5 bytes)
Event: 17.761 Thread 0x0000020215d51800 nmethod 7385 0x0000020201511390 code [0x0000020201511560, 0x0000020201511858]
Event: 17.761 Thread 0x0000020215d51800 7383       1       com.sun.xml.bind.v2.runtime.property.PropertyImpl::hasSerializeURIAction (2 bytes)
Event: 17.761 Thread 0x0000020215d51800 nmethod 7383 0x0000020207f3ae10 code [0x0000020207f3afc0, 0x0000020207f3b078]
Event: 17.761 Thread 0x0000020215d51800 7384       1       com.sun.xml.bind.v2.model.impl.TypeRefImpl::getDefaultValue (5 bytes)
Event: 17.761 Thread 0x0000020215d51800 nmethod 7384 0x0000020207f3b110 code [0x0000020207f3b2c0, 0x0000020207f3b378]
Event: 17.761 Thread 0x0000020215d51800 7386       3       com.sun.xml.bind.v2.runtime.JAXBContextImpl::getOrCreate (47 bytes)
Event: 17.761 Thread 0x0000020215d51800 nmethod 7386 0x0000020201511990 code [0x0000020201511b80, 0x0000020201512008]
Event: 17.770 Thread 0x00000202166b9000 7387       4       org.gradle.internal.util.Trie::find (135 bytes)
Event: 17.777 Thread 0x00000202166b9000 nmethod 7387 0x0000020207f3b410 code [0x0000020207f3b5e0, 0x0000020207f3b888]
Event: 17.786 Thread 0x0000020215d51800 7389   !   3       java.lang.invoke.LambdaForm::lambdaName (49 bytes)
Event: 17.786 Thread 0x0000020215d51800 nmethod 7389 0x0000020201512190 code [0x0000020201512340, 0x0000020201512458]
Event: 17.786 Thread 0x0000020215d51800 7390       3       java.lang.invoke.InvokerBytecodeGenerator::classFilePrologue (86 bytes)
Event: 17.788 Thread 0x0000020215d51800 nmethod 7390 0x0000020201512510 code [0x0000020201512840, 0x00000202015137a8]
Event: 17.788 Thread 0x0000020215d51800 7391       3       java.util.regex.Pattern$Dollar::match (209 bytes)
Event: 17.788 Thread 0x00000202166b9000 7392       4       java.util.regex.Pattern::sequence (645 bytes)
Event: 17.789 Thread 0x0000020215d51800 nmethod 7391 0x0000020201513d10 code [0x0000020201513f80, 0x0000020201514b98]
Event: 17.789 Thread 0x0000020215d51800 7393       3       jdk.internal.loader.URLClassPath$1::next (59 bytes)
Event: 17.789 Thread 0x0000020215d51800 nmethod 7393 0x0000020201514e10 code [0x0000020201515000, 0x00000202015153d8]
Event: 17.823 Thread 0x00000202166b9000 nmethod 7392 0x0000020207f3be10 code [0x0000020207f3c0e0, 0x0000020207f3d9c0]

GC Heap History (20 events):
Event: 4.324 GC heap before
{Heap before GC invocations=5 (full 0):
 garbage-first heap   total 126976K, used 74930K [0x0000000080000000, 0x0000000100000000)
  region size 1024K, 58 young (59392K), 3 survivors (3072K)
 Metaspace       used 32775K, capacity 33504K, committed 33792K, reserved 1079296K
  class space    used 4281K, capacity 4568K, committed 4608K, reserved 1048576K
}
Event: 4.328 GC heap after
{Heap after GC invocations=6 (full 0):
 garbage-first heap   total 126976K, used 21224K [0x0000000080000000, 0x0000000100000000)
  region size 1024K, 6 young (6144K), 6 survivors (6144K)
 Metaspace       used 32775K, capacity 33504K, committed 33792K, reserved 1079296K
  class space    used 4281K, capacity 4568K, committed 4608K, reserved 1048576K
}
Event: 4.604 GC heap before
{Heap before GC invocations=6 (full 0):
 garbage-first heap   total 126976K, used 26344K [0x0000000080000000, 0x0000000100000000)
  region size 1024K, 12 young (12288K), 6 survivors (6144K)
 Metaspace       used 35002K, capacity 35790K, committed 35840K, reserved 1081344K
  class space    used 4553K, capacity 4863K, committed 4864K, reserved 1048576K
}
Event: 4.612 GC heap after
{Heap after GC invocations=7 (full 0):
 garbage-first heap   total 126976K, used 22569K [0x0000000080000000, 0x0000000100000000)
  region size 1024K, 4 young (4096K), 4 survivors (4096K)
 Metaspace       used 35002K, capacity 35790K, committed 35840K, reserved 1081344K
  class space    used 4553K, capacity 4863K, committed 4864K, reserved 1048576K
}
Event: 5.528 GC heap before
{Heap before GC invocations=8 (full 0):
 garbage-first heap   total 126976K, used 81961K [0x0000000080000000, 0x0000000100000000)
  region size 1024K, 60 young (61440K), 4 survivors (4096K)
 Metaspace       used 39118K, capacity 39983K, committed 40268K, reserved 1083392K
  class space    used 5024K, capacity 5360K, committed 5452K, reserved 1048576K
}
Event: 5.536 GC heap after
{Heap after GC invocations=9 (full 0):
 garbage-first heap   total 126976K, used 27158K [0x0000000080000000, 0x0000000100000000)
  region size 1024K, 8 young (8192K), 8 survivors (8192K)
 Metaspace       used 39118K, capacity 39983K, committed 40268K, reserved 1083392K
  class space    used 5024K, capacity 5360K, committed 5452K, reserved 1048576K
}
Event: 6.372 GC heap before
{Heap before GC invocations=9 (full 0):
 garbage-first heap   total 126976K, used 85526K [0x0000000080000000, 0x0000000100000000)
  region size 1024K, 64 young (65536K), 8 survivors (8192K)
 Metaspace       used 44421K, capacity 45429K, committed 45516K, reserved 1089536K
  class space    used 5707K, capacity 6057K, committed 6092K, reserved 1048576K
}
Event: 6.380 GC heap after
{Heap after GC invocations=10 (full 0):
 garbage-first heap   total 152576K, used 29124K [0x0000000080000000, 0x0000000100000000)
  region size 1024K, 7 young (7168K), 7 survivors (7168K)
 Metaspace       used 44421K, capacity 45429K, committed 45516K, reserved 1089536K
  class space    used 5707K, capacity 6057K, committed 6092K, reserved 1048576K
}
Event: 9.289 GC heap before
{Heap before GC invocations=10 (full 0):
 garbage-first heap   total 152576K, used 102852K [0x0000000080000000, 0x0000000100000000)
  region size 1024K, 76 young (77824K), 7 survivors (7168K)
 Metaspace       used 47903K, capacity 49204K, committed 49484K, reserved 1091584K
  class space    used 6117K, capacity 6607K, committed 6732K, reserved 1048576K
}
Event: 9.296 GC heap after
{Heap after GC invocations=11 (full 0):
 garbage-first heap   total 152576K, used 36147K [0x0000000080000000, 0x0000000100000000)
  region size 1024K, 7 young (7168K), 7 survivors (7168K)
 Metaspace       used 47903K, capacity 49204K, committed 49484K, reserved 1091584K
  class space    used 6117K, capacity 6607K, committed 6732K, reserved 1048576K
}
Event: 13.157 GC heap before
{Heap before GC invocations=11 (full 0):
 garbage-first heap   total 152576K, used 107827K [0x0000000080000000, 0x0000000100000000)
  region size 1024K, 76 young (77824K), 7 survivors (7168K)
 Metaspace       used 56490K, capacity 57891K, committed 58188K, reserved 1099776K
  class space    used 7146K, capacity 7679K, committed 7756K, reserved 1048576K
}
Event: 13.165 GC heap after
{Heap after GC invocations=12 (full 0):
 garbage-first heap   total 152576K, used 45004K [0x0000000080000000, 0x0000000100000000)
  region size 1024K, 10 young (10240K), 10 survivors (10240K)
 Metaspace       used 56490K, capacity 57891K, committed 58188K, reserved 1099776K
  class space    used 7146K, capacity 7679K, committed 7756K, reserved 1048576K
}
Event: 13.584 GC heap before
{Heap before GC invocations=12 (full 0):
 garbage-first heap   total 152576K, used 61388K [0x0000000080000000, 0x0000000100000000)
  region size 1024K, 27 young (27648K), 10 survivors (10240K)
 Metaspace       used 58768K, capacity 60191K, committed 60236K, reserved 1101824K
  class space    used 7439K, capacity 7972K, committed 8012K, reserved 1048576K
}
Event: 13.598 GC heap after
{Heap after GC invocations=13 (full 0):
 garbage-first heap   total 152576K, used 46829K [0x0000000080000000, 0x0000000100000000)
  region size 1024K, 2 young (2048K), 2 survivors (2048K)
 Metaspace       used 58768K, capacity 60191K, committed 60236K, reserved 1101824K
  class space    used 7439K, capacity 7972K, committed 8012K, reserved 1048576K
}
Event: 14.644 GC heap before
{Heap before GC invocations=14 (full 0):
 garbage-first heap   total 152576K, used 93933K [0x0000000080000000, 0x0000000100000000)
  region size 1024K, 49 young (50176K), 2 survivors (2048K)
 Metaspace       used 63931K, capacity 65394K, committed 65484K, reserved 1105920K
  class space    used 8063K, capacity 8634K, committed 8652K, reserved 1048576K
}
Event: 14.651 GC heap after
{Heap after GC invocations=15 (full 0):
 garbage-first heap   total 152576K, used 50498K [0x0000000080000000, 0x0000000100000000)
  region size 1024K, 6 young (6144K), 6 survivors (6144K)
 Metaspace       used 63931K, capacity 65394K, committed 65484K, reserved 1105920K
  class space    used 8063K, capacity 8634K, committed 8652K, reserved 1048576K
}
Event: 15.355 GC heap before
{Heap before GC invocations=16 (full 0):
 garbage-first heap   total 152576K, used 100674K [0x0000000080000000, 0x0000000100000000)
  region size 1024K, 54 young (55296K), 6 survivors (6144K)
 Metaspace       used 65649K, capacity 67169K, committed 67404K, reserved 1107968K
  class space    used 8304K, capacity 8878K, committed 9036K, reserved 1048576K
}
Event: 15.363 GC heap after
{Heap after GC invocations=17 (full 0):
 garbage-first heap   total 152576K, used 54207K [0x0000000080000000, 0x0000000100000000)
  region size 1024K, 4 young (4096K), 4 survivors (4096K)
 Metaspace       used 65649K, capacity 67169K, committed 67404K, reserved 1107968K
  class space    used 8304K, capacity 8878K, committed 9036K, reserved 1048576K
}
Event: 16.739 GC heap before
{Heap before GC invocations=17 (full 0):
 garbage-first heap   total 152576K, used 105407K [0x0000000080000000, 0x0000000100000000)
  region size 1024K, 54 young (55296K), 4 survivors (4096K)
 Metaspace       used 71416K, capacity 72987K, committed 73164K, reserved 1112064K
  class space    used 9206K, capacity 9809K, committed 9932K, reserved 1048576K
}
Event: 16.746 GC heap after
{Heap after GC invocations=18 (full 0):
 garbage-first heap   total 152576K, used 57307K [0x0000000080000000, 0x0000000100000000)
  region size 1024K, 7 young (7168K), 7 survivors (7168K)
 Metaspace       used 71416K, capacity 72987K, committed 73164K, reserved 1112064K
  class space    used 9206K, capacity 9809K, committed 9932K, reserved 1048576K
}

Deoptimization events (20 events):
Event: 17.203 Thread 0x00000202199ee800 Uncommon trap: trap_request=0xffffffde fr.pc=0x0000020207e9cf2c relative=0x0000000000002b0c
Event: 17.203 Thread 0x00000202199ee800 Uncommon trap: reason=class_check action=maybe_recompile pc=0x0000020207e9cf2c method=java.util.TreeMap.put(Ljava/lang/Object;Ljava/lang/Object;)Ljava/lang/Object; @ 127 c2
Event: 17.203 Thread 0x00000202199ee800 DEOPT PACKING pc=0x0000020207e9cf2c sp=0x00000069837fb390
Event: 17.203 Thread 0x00000202199ee800 DEOPT UNPACKING pc=0x000002020002662f sp=0x00000069837fb340 mode 2
Event: 17.320 Thread 0x00000202199ee800 Uncommon trap: trap_request=0xffffff4d fr.pc=0x0000020207db933c relative=0x0000000000001c9c
Event: 17.320 Thread 0x00000202199ee800 Uncommon trap: reason=unstable_if action=reinterpret pc=0x0000020207db933c method=sun.nio.fs.WindowsPathParser.normalize(Ljava/lang/StringBuilder;Ljava/lang/String;I)Ljava/lang/String; @ 172 c2
Event: 17.320 Thread 0x00000202199ee800 DEOPT PACKING pc=0x0000020207db933c sp=0x00000069837f96f0
Event: 17.320 Thread 0x00000202199ee800 DEOPT UNPACKING pc=0x000002020002662f sp=0x00000069837f96e0 mode 2
Event: 17.515 Thread 0x00000202199ee800 Uncommon trap: trap_request=0xffffffde fr.pc=0x0000020207f18de8 relative=0x0000000000008908
Event: 17.515 Thread 0x00000202199ee800 Uncommon trap: reason=class_check action=maybe_recompile pc=0x0000020207f18de8 method=java.lang.Class.createAnnotationData(I)Ljava/lang/Class$AnnotationData; @ 103 c2
Event: 17.515 Thread 0x00000202199ee800 DEOPT PACKING pc=0x0000020207f18de8 sp=0x00000069837f8a00
Event: 17.515 Thread 0x00000202199ee800 DEOPT UNPACKING pc=0x000002020002662f sp=0x00000069837f8a10 mode 2
Event: 17.515 Thread 0x00000202199ee800 Uncommon trap: trap_request=0xffffffde fr.pc=0x0000020207f18de8 relative=0x0000000000008908
Event: 17.515 Thread 0x00000202199ee800 Uncommon trap: reason=class_check action=maybe_recompile pc=0x0000020207f18de8 method=java.lang.Class.createAnnotationData(I)Ljava/lang/Class$AnnotationData; @ 103 c2
Event: 17.515 Thread 0x00000202199ee800 DEOPT PACKING pc=0x0000020207f18de8 sp=0x00000069837f8b70
Event: 17.515 Thread 0x00000202199ee800 DEOPT UNPACKING pc=0x000002020002662f sp=0x00000069837f8b80 mode 2
Event: 17.547 Thread 0x00000202199ee800 Uncommon trap: trap_request=0xfffffff4 fr.pc=0x0000020207f19260 relative=0x0000000000008d80
Event: 17.548 Thread 0x00000202199ee800 Uncommon trap: reason=null_check action=make_not_entrant pc=0x0000020207f19260 method=java.lang.Class.createAnnotationData(I)Ljava/lang/Class$AnnotationData; @ 14 c2
Event: 17.548 Thread 0x00000202199ee800 DEOPT PACKING pc=0x0000020207f19260 sp=0x00000069837f8340
Event: 17.548 Thread 0x00000202199ee800 DEOPT UNPACKING pc=0x000002020002662f sp=0x00000069837f8360 mode 2

Classes redefined (0 events):
No events

Internal exceptions (20 events):
Event: 15.349 Thread 0x00000202199ee800 Exception <a 'java/lang/ClassNotFoundException'{0x00000000865b6a40}: com/android/build/gradle/internal/CompileOptions$AgpDecorated_DecoratedCustomizer> (0x00000000865b6a40) thrown at [./src/hotspot/share/classfile/systemDictionary.cpp, line 231]
Event: 15.368 Thread 0x00000202199ee800 Exception <a 'java/lang/ClassNotFoundException'{0x0000000089474700}: org/gradle/api/internal/artifacts/dsl/dependencies/DefaultDependencyHandler_DecoratedBeanInfo> (0x0000000089474700) thrown at [./src/hotspot/share/classfile/systemDictionary.cpp, line 231]
Event: 15.370 Thread 0x00000202199ee800 Exception <a 'java/lang/ClassNotFoundException'{0x00000000894bebf8}: org/gradle/api/internal/artifacts/dsl/dependencies/DefaultDependencyHandlerBeanInfo> (0x00000000894bebf8) thrown at [./src/hotspot/share/classfile/systemDictionary.cpp, line 231]
Event: 15.371 Thread 0x00000202199ee800 Exception <a 'java/lang/ClassNotFoundException'{0x0000000089307448}: org/gradle/api/internal/artifacts/dsl/dependencies/DefaultDependencyHandlerCustomizer> (0x0000000089307448) thrown at [./src/hotspot/share/classfile/systemDictionary.cpp, line 231]
Event: 15.374 Thread 0x00000202199ee800 Exception <a 'java/lang/ClassNotFoundException'{0x0000000089378a78}: org/gradle/api/internal/artifacts/dsl/dependencies/DefaultDependencyHandler_DecoratedCustomizer> (0x0000000089378a78) thrown at [./src/hotspot/share/classfile/systemDictionary.cpp, line 231]
Event: 16.696 Thread 0x00000202199ee800 Exception <a 'java/lang/ClassNotFoundException'{0x000000008659f6a0}: com/android/build/gradle/internal/api/ApkVariantOutputImpl_DecoratedBeanInfo> (0x000000008659f6a0) thrown at [./src/hotspot/share/classfile/systemDictionary.cpp, line 231]
Event: 16.697 Thread 0x00000202199ee800 Exception <a 'java/lang/ClassNotFoundException'{0x00000000865b9ed0}: com/android/build/gradle/internal/api/ApkVariantOutputImplBeanInfo> (0x00000000865b9ed0) thrown at [./src/hotspot/share/classfile/systemDictionary.cpp, line 231]
Event: 16.698 Thread 0x00000202199ee800 Exception <a 'java/lang/ClassNotFoundException'{0x00000000865d4f40}: com/android/build/gradle/internal/api/BaseVariantOutputImplBeanInfo> (0x00000000865d4f40) thrown at [./src/hotspot/share/classfile/systemDictionary.cpp, line 231]
Event: 16.699 Thread 0x00000202199ee800 Exception <a 'java/lang/ClassNotFoundException'{0x00000000865f0018}: com/android/build/gradle/internal/api/BaseVariantOutputImplCustomizer> (0x00000000865f0018) thrown at [./src/hotspot/share/classfile/systemDictionary.cpp, line 231]
Event: 16.700 Thread 0x00000202199ee800 Exception <a 'java/lang/ClassNotFoundException'{0x000000008631dcc0}: com/android/build/gradle/internal/api/ApkVariantOutputImplCustomizer> (0x000000008631dcc0) thrown at [./src/hotspot/share/classfile/systemDictionary.cpp, line 231]
Event: 16.702 Thread 0x00000202199ee800 Exception <a 'java/lang/ClassNotFoundException'{0x0000000086347958}: com/android/build/gradle/internal/api/ApkVariantOutputImpl_DecoratedCustomizer> (0x0000000086347958) thrown at [./src/hotspot/share/classfile/systemDictionary.cpp, line 231]
Event: 16.727 Thread 0x00000202199ee800 Exception <a 'java/lang/NoClassDefFoundError'{0x00000000862b5098}: org/jetbrains/kotlin/gradle/plugin/KotlinBasePluginWrapper> (0x00000000862b5098) thrown at [./src/hotspot/share/classfile/systemDictionary.cpp, line 220]
Event: 17.262 Thread 0x00000202199ee800 Exception <a 'sun/nio/fs/WindowsException'{0x0000000087ffb9e0}> (0x0000000087ffb9e0) thrown at [./src/hotspot/share/prims/jni.cpp, line 615]
Event: 17.263 Thread 0x00000202199ee800 Exception <a 'sun/nio/fs/WindowsException'{0x0000000087ffcff8}> (0x0000000087ffcff8) thrown at [./src/hotspot/share/prims/jni.cpp, line 615]
Event: 17.263 Thread 0x00000202199ee800 Exception <a 'sun/nio/fs/WindowsException'{0x0000000087ffd400}> (0x0000000087ffd400) thrown at [./src/hotspot/share/prims/jni.cpp, line 615]
Event: 17.263 Thread 0x00000202199ee800 Exception <a 'sun/nio/fs/WindowsException'{0x0000000087ffd480}> (0x0000000087ffd480) thrown at [./src/hotspot/share/prims/jni.cpp, line 615]
Event: 17.407 Thread 0x00000202199ee800 Exception <a 'java/lang/NullPointerException'{0x0000000087582cd0}> (0x0000000087582cd0) thrown at [./src/hotspot/share/interpreter/linkResolver.cpp, line 1440]
Event: 17.547 Thread 0x00000202199ee800 Implicit null exception at 0x0000020207f107f6 to 0x0000020207f19248
Event: 17.785 Thread 0x00000202199ee800 Exception <a 'java/lang/NoSuchMethodError'{0x0000000086537cf0}: 'int java.lang.invoke.DirectMethodHandle$Holder.invokeStatic(java.lang.Object, java.lang.Object, int, java.lang.Object)'> (0x0000000086537cf0) thrown at [./src/hotspot/share/interpreter/linkResolver.cpp, line 773]
Event: 17.786 Thread 0x00000202199ee800 Exception <a 'java/lang/NoSuchMethodError'{0x000000008653eb98}: 'java.lang.Object java.lang.invoke.Invokers$Holder.linkToTargetMethod(java.lang.Object, int, java.lang.Object)'> (0x000000008653eb98) thrown at [./src/hotspot/share/interpreter/linkResolver.cpp, line 773]

Events (20 events):
Event: 17.890 loading class com/sun/org/apache/xerces/internal/xni/Augmentations
Event: 17.890 loading class com/sun/org/apache/xerces/internal/xni/Augmentations done
Event: 17.890 loading class com/sun/org/apache/xerces/internal/util/AugmentationsImpl done
Event: 17.890 loading class com/sun/org/apache/xerces/internal/util/AugmentationsImpl$SmallContainer
Event: 17.890 loading class com/sun/org/apache/xerces/internal/util/AugmentationsImpl$AugmentationsItemsContainer
Event: 17.890 loading class com/sun/org/apache/xerces/internal/util/AugmentationsImpl$AugmentationsItemsContainer done
Event: 17.890 loading class com/sun/org/apache/xerces/internal/util/AugmentationsImpl$SmallContainer done
Event: 17.890 loading class com/sun/xml/internal/stream/XMLEntityStorage
Event: 17.891 loading class com/sun/xml/internal/stream/XMLEntityStorage done
Event: 17.891 loading class com/sun/org/apache/xerces/internal/impl/XMLEntityScanner
Event: 17.892 loading class com/sun/org/apache/xerces/internal/xni/XMLLocator
Event: 17.892 loading class com/sun/org/apache/xerces/internal/xni/XMLLocator done
Event: 17.892 loading class com/sun/org/apache/xerces/internal/impl/XMLEntityScanner done
Event: 17.892 loading class com/sun/org/apache/xerces/internal/impl/XMLEntityScanner$1
Event: 17.892 loading class com/sun/org/apache/xerces/internal/impl/XMLEntityScanner$1 done
Event: 17.892 loading class com/sun/org/apache/xerces/internal/impl/XMLErrorReporter
Event: 17.893 loading class com/sun/org/apache/xerces/internal/impl/XMLErrorReporter done
Event: 17.893 loading class com/sun/org/apache/xerces/internal/impl/XMLNSDocumentScannerImpl
Event: 17.893 loading class com/sun/org/apache/xerces/internal/impl/XMLDocumentScannerImpl
Event: 17.893 loading class com/sun/org/apache/xerces/internal/impl/XMLDocumentFragmentScannerImpl


Dynamic libraries:
0x00007ff68db20000 - 0x00007ff68db2a000 	D:\COSMOS\PROGRAM\Android Studio\jre\bin\java.exe
0x00007fffe3120000 - 0x00007fffe3329000 	C:\WINDOWS\SYSTEM32\ntdll.dll
0x00007fffe1bc0000 - 0x00007fffe1c7d000 	C:\WINDOWS\System32\KERNEL32.DLL
0x00007fffe0ba0000 - 0x00007fffe0f14000 	C:\WINDOWS\System32\KERNELBASE.dll
0x00007fffe0990000 - 0x00007fffe0aa1000 	C:\WINDOWS\System32\ucrtbase.dll
0x00007fffdbbc0000 - 0x00007fffdbbd7000 	D:\COSMOS\PROGRAM\Android Studio\jre\bin\VCRUNTIME140.dll
0x00007fffdb3c0000 - 0x00007fffdb3d9000 	D:\COSMOS\PROGRAM\Android Studio\jre\bin\jli.dll
0x00007fffe2b00000 - 0x00007fffe2cac000 	C:\WINDOWS\System32\USER32.dll
0x00007fffe0ab0000 - 0x00007fffe0ad6000 	C:\WINDOWS\System32\win32u.dll
0x00007fffd00a0000 - 0x00007fffd0345000 	C:\WINDOWS\WinSxS\amd64_microsoft.windows.common-controls_6595b64144ccf1df_6.0.22000.120_none_9d947278b86cc467\COMCTL32.dll
0x00007fffe1120000 - 0x00007fffe1149000 	C:\WINDOWS\System32\GDI32.dll
0x00007fffe1990000 - 0x00007fffe1a33000 	C:\WINDOWS\System32\msvcrt.dll
0x00007fffe07f0000 - 0x00007fffe0902000 	C:\WINDOWS\System32\gdi32full.dll
0x00007fffe0f20000 - 0x00007fffe0fbd000 	C:\WINDOWS\System32\msvcp_win.dll
0x00007fffe10e0000 - 0x00007fffe1111000 	C:\WINDOWS\System32\IMM32.DLL
0x00007fffab450000 - 0x00007fffab4ed000 	D:\COSMOS\PROGRAM\Android Studio\jre\bin\msvcp140.dll
0x00007fffb2840000 - 0x00007fffb3315000 	D:\COSMOS\PROGRAM\Android Studio\jre\bin\server\jvm.dll
0x00007fffe1020000 - 0x00007fffe10ce000 	C:\WINDOWS\System32\ADVAPI32.dll
0x00007fffe1d70000 - 0x00007fffe1e0e000 	C:\WINDOWS\System32\sechost.dll
0x00007fffe2360000 - 0x00007fffe2480000 	C:\WINDOWS\System32\RPCRT4.dll
0x00007fffe2fc0000 - 0x00007fffe2fc8000 	C:\WINDOWS\System32\PSAPI.DLL
0x00007fffdb1e0000 - 0x00007fffdb213000 	C:\WINDOWS\SYSTEM32\WINMM.dll
0x00007fffd1b50000 - 0x00007fffd1b59000 	C:\WINDOWS\SYSTEM32\WSOCK32.dll
0x00007fffd7c50000 - 0x00007fffd7c5a000 	C:\WINDOWS\SYSTEM32\VERSION.dll
0x00007fffe1b50000 - 0x00007fffe1bbf000 	C:\WINDOWS\System32\WS2_32.dll
0x00007fffdf710000 - 0x00007fffdf728000 	C:\WINDOWS\SYSTEM32\kernel.appcore.dll
0x00007fffcf5d0000 - 0x00007fffcf5e1000 	D:\COSMOS\PROGRAM\Android Studio\jre\bin\verify.dll
0x00007fffd91b0000 - 0x00007fffd93d1000 	C:\WINDOWS\SYSTEM32\DBGHELP.DLL
0x00007fffd10b0000 - 0x00007fffd10e1000 	C:\WINDOWS\SYSTEM32\dbgcore.DLL
0x00007fffe0910000 - 0x00007fffe098f000 	C:\WINDOWS\System32\bcryptPrimitives.dll
0x00007fffc8d70000 - 0x00007fffc8d99000 	D:\COSMOS\PROGRAM\Android Studio\jre\bin\java.dll
0x00007fffd81c0000 - 0x00007fffd81cb000 	D:\COSMOS\PROGRAM\Android Studio\jre\bin\jimage.dll
0x00007fffb8970000 - 0x00007fffb8988000 	D:\COSMOS\PROGRAM\Android Studio\jre\bin\zip.dll
0x00007fffe11e0000 - 0x00007fffe198e000 	C:\WINDOWS\System32\SHELL32.dll
0x00007fffde780000 - 0x00007fffdefe7000 	C:\WINDOWS\SYSTEM32\windows.storage.dll
0x00007fffe2760000 - 0x00007fffe2ad8000 	C:\WINDOWS\System32\combase.dll
0x00007fffde610000 - 0x00007fffde776000 	C:\WINDOWS\SYSTEM32\wintypes.dll
0x00007fffe2fd0000 - 0x00007fffe30ba000 	C:\WINDOWS\System32\SHCORE.dll
0x00007fffe0fc0000 - 0x00007fffe101d000 	C:\WINDOWS\System32\shlwapi.dll
0x00007fffe0540000 - 0x00007fffe0561000 	C:\WINDOWS\SYSTEM32\profapi.dll
0x00007fffb3710000 - 0x00007fffb372a000 	D:\COSMOS\PROGRAM\Android Studio\jre\bin\net.dll
0x00007fffdb5d0000 - 0x00007fffdb6dc000 	C:\WINDOWS\SYSTEM32\WINHTTP.dll
0x00007fffdfbb0000 - 0x00007fffdfc17000 	C:\WINDOWS\system32\mswsock.dll
0x00007fffb36f0000 - 0x00007fffb3704000 	D:\COSMOS\PROGRAM\Android Studio\jre\bin\nio.dll
0x00007fffdbbe0000 - 0x00007fffdbc07000 	C:\Users\ADMIN\.gradle\native\e1d6ef7f7dcc3fd88c89a11ec53ec762bb8ba0a96d01ffa2cd45eb1d1d8dd5c5\windows-amd64\native-platform.dll
0x00007fff91680000 - 0x00007fff917c4000 	C:\Users\ADMIN\.gradle\native\5664cfc778a61ccfe75a443a1ab52a65af34e5dc3c78e0209fed803814484fcb\windows-amd64\native-platform-file-events.dll
0x00007fffd8140000 - 0x00007fffd814a000 	D:\COSMOS\PROGRAM\Android Studio\jre\bin\management.dll
0x00007fffd5890000 - 0x00007fffd589d000 	D:\COSMOS\PROGRAM\Android Studio\jre\bin\management_ext.dll
0x00007fffdfe00000 - 0x00007fffdfe18000 	C:\WINDOWS\SYSTEM32\CRYPTSP.dll
0x00007fffdf670000 - 0x00007fffdf6a5000 	C:\WINDOWS\system32\rsaenh.dll
0x00007fffdfca0000 - 0x00007fffdfcc9000 	C:\WINDOWS\SYSTEM32\USERENV.dll
0x00007fffdff70000 - 0x00007fffdff97000 	C:\WINDOWS\SYSTEM32\bcrypt.dll
0x00007fffdfdf0000 - 0x00007fffdfdfc000 	C:\WINDOWS\SYSTEM32\CRYPTBASE.dll
0x00007fffdf240000 - 0x00007fffdf26d000 	C:\WINDOWS\SYSTEM32\IPHLPAPI.DLL
0x00007fffe2630000 - 0x00007fffe2639000 	C:\WINDOWS\System32\NSI.dll
0x00007fffdb5b0000 - 0x00007fffdb5c9000 	C:\WINDOWS\SYSTEM32\dhcpcsvc6.DLL
0x00007fffdbb90000 - 0x00007fffdbbae000 	C:\WINDOWS\SYSTEM32\dhcpcsvc.DLL
0x00007fffdf270000 - 0x00007fffdf357000 	C:\WINDOWS\SYSTEM32\DNSAPI.dll

dbghelp: loaded successfully - version: 4.0.5 - missing functions: none
symbol engine: initialized successfully - sym options: 0x614 - pdb path: .;D:\COSMOS\PROGRAM\Android Studio\jre\bin;C:\WINDOWS\SYSTEM32;C:\WINDOWS\WinSxS\amd64_microsoft.windows.common-controls_6595b64144ccf1df_6.0.22000.120_none_9d947278b86cc467;D:\COSMOS\PROGRAM\Android Studio\jre\bin\server;C:\Users\ADMIN\.gradle\native\e1d6ef7f7dcc3fd88c89a11ec53ec762bb8ba0a96d01ffa2cd45eb1d1d8dd5c5\windows-amd64;C:\Users\ADMIN\.gradle\native\5664cfc778a61ccfe75a443a1ab52a65af34e5dc3c78e0209fed803814484fcb\windows-amd64

VM Arguments:
jvm_args: --add-opens=java.base/java.util=ALL-UNNAMED --add-opens=java.base/java.lang=ALL-UNNAMED --add-opens=java.base/java.lang.invoke=ALL-UNNAMED --add-opens=java.base/java.util=ALL-UNNAMED --add-opens=java.prefs/java.util.prefs=ALL-UNNAMED --add-opens=java.prefs/java.util.prefs=ALL-UNNAMED --add-opens=java.base/java.nio.charset=ALL-UNNAMED --add-opens=java.base/java.net=ALL-UNNAMED --add-opens=java.base/java.util.concurrent.atomic=ALL-UNNAMED -Xmx2048m -Dfile.encoding=UTF-8 -Duser.country=US -Duser.language=en -Duser.variant 
java_command: org.gradle.launcher.daemon.bootstrap.GradleDaemon 7.2
java_class_path (initial): C:\Users\ADMIN\.gradle\wrapper\dists\gradle-7.2-bin\2dnblmf4td7x66yl1d74lt32g\gradle-7.2\lib\gradle-launcher-7.2.jar
Launcher Type: SUN_STANDARD

[Global flags]
     intx CICompilerCount                          = 4                                         {product} {ergonomic}
     uint ConcGCThreads                            = 2                                         {product} {ergonomic}
     uint G1ConcRefinementThreads                  = 8                                         {product} {ergonomic}
   size_t G1HeapRegionSize                         = 1048576                                   {product} {ergonomic}
    uintx GCDrainStackTargetSize                   = 64                                        {product} {ergonomic}
   size_t InitialHeapSize                          = 130023424                                 {product} {ergonomic}
   size_t MarkStackSize                            = 4194304                                   {product} {ergonomic}
   size_t MaxHeapSize                              = 2147483648                                {product} {command line}
   size_t MaxNewSize                               = 1287651328                                {product} {ergonomic}
   size_t MinHeapDeltaBytes                        = 1048576                                   {product} {ergonomic}
    uintx NonNMethodCodeHeapSize                   = 5836300                                {pd product} {ergonomic}
    uintx NonProfiledCodeHeapSize                  = 122910970                              {pd product} {ergonomic}
    uintx ProfiledCodeHeapSize                     = 122910970                              {pd product} {ergonomic}
    uintx ReservedCodeCacheSize                    = 251658240                              {pd product} {ergonomic}
     bool SegmentedCodeCache                       = true                                      {product} {ergonomic}
     bool UseCompressedClassPointers               = true                                 {lp64_product} {ergonomic}
     bool UseCompressedOops                        = true                                 {lp64_product} {ergonomic}
     bool UseG1GC                                  = true                                      {product} {ergonomic}
     bool UseLargePagesIndividualAllocation        = false                                  {pd product} {ergonomic}

Logging:
Log output configuration:
 #0: stdout all=warning uptime,level,tags
 #1: stderr all=off uptime,level,tags

Environment Variables:
PATH=C:\Users\ADMIN\AppData\Local\Packages\PythonSoftwareFoundation.Python.3.9_qbz5n2kfra8p0\LocalCache\local-packages\Python39;C:\Users\ADMIN\AppData\Local\Packages\PythonSoftwareFoundation.Python.3.9_qbz5n2kfra8p0\LocalCache\local-packages\Python39\Scripts;C:\Program Files\Common Files\Oracle\Java\javapath;C:\WINDOWS\system32;C:\WINDOWS;C:\WINDOWS\System32\Wbem;C:\WINDOWS\System32\WindowsPowerShell\v1.0\;C:\WINDOWS\System32\OpenSSH\;C:\Program Files\dotnet\;C:\Program Files\Git\cmd;C:\Program Files\Microsoft SQL Server\Client SDK\ODBC\170\Tools\Binn\;C:\Program Files (x86)\Microsoft SQL Server\150\Tools\Binn\;C:\Program Files\Microsoft SQL Server\150\Tools\Binn\;C:\Program Files\Microsoft SQL Server\150\DTS\Binn\;D:\COSMOS\PROGRAM\Matlab\runtime\win64;D:\COSMOS\PROGRAM\Matlab\bin;C:\Program Files\nodejs\;C:\ProgramData\chocolatey\bin;C:\Users\ADMIN\AppData\Local\Microsoft\WindowsApps\PythonSoftwareFoundation.Python.3.9_qbz5n2kfra8p0;C:\Users\ADMIN\AppData\Local\Microsoft\WindowsApps;C:\Users\ADMIN\.dotnet\tools;C:\Users\ADMIN\AppData\Local\Programs\Microsoft VS Code\bin;C:\Users\ADMIN\AppData\Local\GitHubDesktop\bin;C:\Program Files\Azure Data Studio\bin;C:\Users\ADMIN\AppData\Roaming\npm;
USERNAME=Lolicon
OS=Windows_NT
PROCESSOR_IDENTIFIER=AMD64 Family 23 Model 24 Stepping 1, AuthenticAMD



---------------  S Y S T E M  ---------------

OS: Windows 10 , 64 bit Build 22000 (10.0.22000.434)
OS uptime: 0 days 0:05 hours

CPU:total 8 (initial active 8) (8 cores per cpu, 2 threads per core) family 23 model 24 stepping 1 microcode 0x0, cmov, cx8, fxsr, mmx, sse, sse2, sse3, ssse3, sse4.1, sse4.2, popcnt, avx, avx2, aes, clmul, mmxext, 3dnowpref, lzcnt, sse4a, ht, tsc, tscinvbit, tscinv, bmi1, bmi2, adx, s

Memory: 4k page, system-wide physical 7874M (389M free)
TotalPageFile size 11970M (AvailPageFile size 50M)
current process WorkingSet (physical memory assigned to process): 381M, peak: 384M
current process commit charge ("private bytes"): 421M, peak: 422M

vm_info: OpenJDK 64-Bit Server VM (11.0.11+9-b60-7590822) for windows-amd64 JRE (11.0.11+9-b60-7590822), built on Jul 29 2021 21:43:44 by "builder" with MS VC++ 14.0 (VS2015)

END.
