#
# There is insufficient memory for the Java Runtime Environment to continue.
# Native memory allocation (mmap) failed to map 48234496 bytes for Failed to commit area from 0x000000008e600000 to 0x0000000091400000 of length 48234496.
# Possible reasons:
#   The system is out of physical RAM or swap space
#   The process is running with CompressedOops enabled, and the Java Heap may be blocking the growth of the native heap
# Possible solutions:
#   Reduce memory load on the system
#   Increase physical memory or swap space
#   Check if swap backing store is full
#   Decrease Java heap size (-Xmx/-Xms)
#   Decrease number of Java threads
#   Decrease Java thread stack sizes (-Xss)
#   Set larger code cache with -XX:ReservedCodeCacheSize=
#   JVM is running with Unscaled Compressed Oops mode in which the Java heap is
#     placed in the first 4GB address space. The Java Heap base address is the
#     maximum limit for the native heap growth. Please use -XX:HeapBaseMinAddress
#     to set the Java Heap base and to place the Java Heap above 4GB virtual address.
# This output file may be truncated or incomplete.
#
#  Out of Memory Error (./src/hotspot/os/windows/os_windows.cpp:3301), pid=1920, tid=9524
#
# JRE version: OpenJDK Runtime Environment (11.0.11+9) (build 11.0.11+9-b60-7590822)
# Java VM: OpenJDK 64-Bit Server VM (11.0.11+9-b60-7590822, mixed mode, tiered, compressed oops, g1 gc, windows-amd64)
# No core dump will be written. Minidumps are not enabled by default on client versions of Windows
#

---------------  S U M M A R Y ------------

Command Line: --add-opens=java.base/java.util=ALL-UNNAMED --add-opens=java.base/java.lang=ALL-UNNAMED --add-opens=java.base/java.lang.invoke=ALL-UNNAMED --add-opens=java.base/java.util=ALL-UNNAMED --add-opens=java.prefs/java.util.prefs=ALL-UNNAMED --add-opens=java.prefs/java.util.prefs=ALL-UNNAMED --add-opens=java.base/java.nio.charset=ALL-UNNAMED --add-opens=java.base/java.net=ALL-UNNAMED --add-opens=java.base/java.util.concurrent.atomic=ALL-UNNAMED -Xmx2048m -Dfile.encoding=UTF-8 -Duser.country=US -Duser.language=en -Duser.variant org.gradle.launcher.daemon.bootstrap.GradleDaemon 7.2

Host: AMD Ryzen 5 3550H with Radeon Vega Mobile Gfx  , 8 cores, 7G,  Windows 10 , 64 bit Build 22000 (10.0.22000.434)
Time: Fri Feb 11 10:23:57 2022 SE Asia Standard Time elapsed time: 19.914959 seconds (0d 0h 0m 19s)

---------------  T H R E A D  ---------------

Current thread (0x000001637f940800):  VMThread "VM Thread" [stack: 0x0000005135a00000,0x0000005135b00000] [id=9524]

Stack: [0x0000005135a00000,0x0000005135b00000]
[error occurred during error reporting (printing stack bounds), id 0xc0000005, EXCEPTION_ACCESS_VIOLATION (0xc0000005) at pc=0x0000016300000f2d]

Native frames: (J=compiled Java code, j=interpreted, Vv=VM code, C=native code)
V  [jvm.dll+0x5f214a]
V  [jvm.dll+0x726fb5]
V  [jvm.dll+0x7285cd]
V  [jvm.dll+0x728be5]
V  [jvm.dll+0x728b9b]
V  [jvm.dll+0x5f14e8]
V  [jvm.dll+0x5f1c78]
C  [ntdll.dll+0xa86ef]
C  [ntdll.dll+0x35aea]
C  [ntdll.dll+0xa76fe]
C  0x0000016300000f2d

VM_Operation (0x000000513bdf8b30): G1CollectForAllocation, mode: safepoint, requested by thread 0x000001637fdc5000


---------------  P R O C E S S  ---------------

Threads class SMR info:
_java_thread_list=0x00000163158ae220, length=144, elements={
0x00000163764d1000, 0x000001637f947000, 0x000001637f950800, 0x000001637f95f800,
0x000001637f962800, 0x000001637f963800, 0x000001637f969000, 0x000001637f96d800,
0x000001637f96e800, 0x000001637fc4f000, 0x0000016312ce5800, 0x00000163125b5800,
0x00000163137f4000, 0x000001637fc8e000, 0x0000016313b2c800, 0x00000163126ee000,
0x0000016312477800, 0x000001631325c000, 0x00000163124f5800, 0x0000016313c94000,
0x0000016313c93800, 0x0000016313c92800, 0x0000016313c95000, 0x0000016313c91000,
0x0000016313c8f000, 0x0000016313c96000, 0x0000016313c90000, 0x0000016313c91800,
0x00000163169ae000, 0x00000163169ab800, 0x00000163169af000, 0x00000163169ac800,
0x00000163169aa000, 0x00000163169b0800, 0x00000163169ab000, 0x00000163169b6800,
0x00000163169b4800, 0x00000163169b5800, 0x00000163169b7000, 0x00000163169b1800,
0x00000163169b2000, 0x00000163169b8000, 0x00000163169b9000, 0x00000163169b3000,
0x00000163169b4000, 0x0000016312646000, 0x0000016312648000, 0x000001631264a800,
0x0000016312649800, 0x0000016312648800, 0x0000016312647000, 0x0000016312644800,
0x000001631264b000, 0x0000016312645800, 0x0000016317611000, 0x0000016317613000,
0x000001631760f800, 0x0000016317610800, 0x0000016317612000, 0x000001631760d000,
0x0000016317613800, 0x000001631760e000, 0x0000016317614800, 0x000001631760e800,
0x0000016317615000, 0x0000016317619800, 0x0000016317616000, 0x0000016317617800,
0x0000016317618800, 0x000001631761b800, 0x0000016317617000, 0x000001631761a000,
0x000001631761b000, 0x0000016316c97800, 0x0000016316c95000, 0x0000016316c94000,
0x0000016316c96000, 0x0000016316c96800, 0x0000016316c98800, 0x0000016316c92800,
0x0000016316c99000, 0x0000016316c93800, 0x000001637fdc3000, 0x000001637fdc5800,
0x000001637fdc4000, 0x000001637fdc0000, 0x000001637fdc0800, 0x000001637fdc6800,
0x000001637fdc5000, 0x000001637fdc7000, 0x000001637fdc1800, 0x000001637fdc8000,
0x000001637fdc2800, 0x000001637fdcb800, 0x000001637fdce800, 0x000001637fdcd000,
0x000001637fdcc000, 0x000001637fdce000, 0x000001637fdca800, 0x000001637fdc9000,
0x000001637fdc9800, 0x00000163161b6000, 0x00000163161b9800, 0x00000163161b7000,
0x00000163161b4800, 0x00000163161bb000, 0x00000163161b7800, 0x00000163161b8800,
0x00000163161ba000, 0x00000163161b5000, 0x00000163161c0000, 0x00000163161bc000,
0x00000163161c1800, 0x00000163161c0800, 0x00000163161be000, 0x00000163161bc800,
0x00000163161bf000, 0x00000163161c3000, 0x00000163161bd800, 0x00000163161c2800,
0x0000016315fad800, 0x0000016315fae800, 0x0000016315fa9800, 0x0000016315fac000,
0x0000016315fad000, 0x0000016315faa800, 0x0000016315fb0000, 0x0000016315fb1000,
0x0000016315fab000, 0x0000016315fb6000, 0x0000016315fb6800, 0x0000016315fb4000,
0x0000016315fb7800, 0x0000016315fb5000, 0x00000163161ff000, 0x0000016313df9800,
0x0000016315fb3800, 0x0000016315fb2000, 0x0000016315fb8800, 0x0000016315fb2800,
0x0000016316ffb800, 0x0000016316ffb000, 0x0000016316ff9000, 0x0000016316fff000
}

Java Threads: ( => current thread )
  0x00000163764d1000 JavaThread "main" [_thread_blocked, id=7496, stack(0x0000005135400000,0x0000005135500000)]
  0x000001637f947000 JavaThread "Reference Handler" daemon [_thread_blocked, id=1528, stack(0x0000005135b00000,0x0000005135c00000)]
  0x000001637f950800 JavaThread "Finalizer" daemon [_thread_blocked, id=15288, stack(0x0000005135c00000,0x0000005135d00000)]
  0x000001637f95f800 JavaThread "Signal Dispatcher" daemon [_thread_blocked, id=14788, stack(0x0000005135d00000,0x0000005135e00000)]
  0x000001637f962800 JavaThread "Attach Listener" daemon [_thread_blocked, id=9244, stack(0x0000005135e00000,0x0000005135f00000)]
  0x000001637f963800 JavaThread "Service Thread" daemon [_thread_blocked, id=12928, stack(0x0000005135f00000,0x0000005136000000)]
  0x000001637f969000 JavaThread "C2 CompilerThread0" daemon [_thread_in_native, id=7060, stack(0x0000005136000000,0x0000005136100000)]
  0x000001637f96d800 JavaThread "C1 CompilerThread0" daemon [_thread_blocked, id=6204, stack(0x0000005136100000,0x0000005136200000)]
  0x000001637f96e800 JavaThread "Sweeper thread" daemon [_thread_blocked, id=9884, stack(0x0000005136200000,0x0000005136300000)]
  0x000001637fc4f000 JavaThread "Common-Cleaner" daemon [_thread_blocked, id=13352, stack(0x0000005136300000,0x0000005136400000)]
  0x0000016312ce5800 JavaThread "Daemon health stats" [_thread_blocked, id=6580, stack(0x0000005136800000,0x0000005136900000)]
  0x00000163125b5800 JavaThread "Incoming local TCP Connector on port 53921" [_thread_in_native, id=14536, stack(0x0000005136500000,0x0000005136600000)]
  0x00000163137f4000 JavaThread "Daemon periodic checks" [_thread_blocked, id=13476, stack(0x0000005136700000,0x0000005136800000)]
  0x000001637fc8e000 JavaThread "Daemon" [_thread_blocked, id=13664, stack(0x0000005136900000,0x0000005136a00000)]
  0x0000016313b2c800 JavaThread "Handler for socket connection from /127.0.0.1:53921 to /127.0.0.1:53922" [_thread_in_native, id=9436, stack(0x0000005136a00000,0x0000005136b00000)]
  0x00000163126ee000 JavaThread "Cancel handler" [_thread_blocked, id=7272, stack(0x0000005136b00000,0x0000005136c00000)]
  0x0000016312477800 JavaThread "Daemon worker" [_thread_blocked, id=6124, stack(0x0000005136c00000,0x0000005136d00000)]
  0x000001631325c000 JavaThread "Asynchronous log dispatcher for DefaultDaemonConnection: socket connection from /127.0.0.1:53921 to /127.0.0.1:53922" [_thread_blocked, id=14500, stack(0x0000005136d00000,0x0000005136e00000)]
  0x00000163124f5800 JavaThread "Stdin handler" [_thread_blocked, id=6508, stack(0x0000005136e00000,0x0000005136f00000)]
  0x0000016313c94000 JavaThread "Daemon client event forwarder" [_thread_blocked, id=3884, stack(0x0000005136f00000,0x0000005137000000)]
  0x0000016313c93800 JavaThread "Cache worker for journal cache (C:\Users\ADMIN\.gradle\caches\journal-1)" [_thread_blocked, id=3140, stack(0x0000005137600000,0x0000005137700000)]
  0x0000016313c92800 JavaThread "File lock request listener" [_thread_in_native, id=13040, stack(0x0000005137700000,0x0000005137800000)]
  0x0000016313c95000 JavaThread "Cache worker for file hash cache (C:\Users\ADMIN\.gradle\caches\7.2\fileHashes)" [_thread_blocked, id=6752, stack(0x0000005137800000,0x0000005137900000)]
  0x0000016313c91000 JavaThread "Cache worker for file hash cache (D:\COSMOS\Document\Android Studio\HelloWorld19.11\.gradle\7.2\fileHashes)" [_thread_blocked, id=6512, stack(0x0000005137b00000,0x0000005137c00000)]
  0x0000016313c8f000 JavaThread "File watcher server" daemon [_thread_blocked, id=10036, stack(0x0000005137c00000,0x0000005137d00000)]
  0x0000016313c96000 JavaThread "File watcher consumer" daemon [_thread_blocked, id=9020, stack(0x0000005137d00000,0x0000005137e00000)]
  0x0000016313c90000 JavaThread "Cache worker for checksums cache (D:\COSMOS\Document\Android Studio\HelloWorld19.11\.gradle\checksums)" [_thread_blocked, id=13348, stack(0x0000005137e00000,0x0000005137f00000)]
  0x0000016313c91800 JavaThread "Cache worker for cache directory md-supplier (C:\Users\ADMIN\.gradle\caches\7.2\md-supplier)" [_thread_blocked, id=500, stack(0x0000005137f00000,0x0000005138000000)]
  0x00000163169ae000 JavaThread "Cache worker for cache directory md-rule (C:\Users\ADMIN\.gradle\caches\7.2\md-rule)" [_thread_blocked, id=10880, stack(0x0000005138000000,0x0000005138100000)]
  0x00000163169ab800 JavaThread "Cache worker for execution history cache (C:\Users\ADMIN\.gradle\caches\7.2\executionHistory)" [_thread_blocked, id=5656, stack(0x0000005138200000,0x0000005138300000)]
  0x00000163169af000 JavaThread "jar transforms" [_thread_blocked, id=4980, stack(0x0000005138300000,0x0000005138400000)]
  0x00000163169ac800 JavaThread "Cache worker for file content cache (C:\Users\ADMIN\.gradle\caches\7.2\fileContent)" [_thread_blocked, id=7216, stack(0x0000005138400000,0x0000005138500000)]
  0x00000163169aa000 JavaThread "jar transforms Thread 2" [_thread_blocked, id=15276, stack(0x0000005138500000,0x0000005138600000)]
  0x00000163169b0800 JavaThread "Cache worker for dependencies-accessors (D:\COSMOS\Document\Android Studio\HelloWorld19.11\.gradle\7.2\dependencies-accessors)" [_thread_blocked, id=10872, stack(0x0000005138600000,0x0000005138700000)]
  0x00000163169ab000 JavaThread "jar transforms Thread 3" [_thread_blocked, id=14868, stack(0x0000005138700000,0x0000005138800000)]
  0x00000163169b6800 JavaThread "Cache worker for Build Output Cleanup Cache (D:\COSMOS\Document\Android Studio\HelloWorld19.11\.gradle\buildOutputCleanup)" [_thread_blocked, id=14400, stack(0x0000005138800000,0x0000005138900000)]
  0x00000163169b4800 JavaThread "Unconstrained build operations" [_thread_blocked, id=11048, stack(0x0000005138900000,0x0000005138a00000)]
  0x00000163169b5800 JavaThread "Unconstrained build operations Thread 2" [_thread_blocked, id=4556, stack(0x0000005138a00000,0x0000005138b00000)]
  0x00000163169b7000 JavaThread "Unconstrained build operations Thread 3" [_thread_blocked, id=1040, stack(0x0000005138b00000,0x0000005138c00000)]
  0x00000163169b1800 JavaThread "Unconstrained build operations Thread 4" [_thread_blocked, id=6216, stack(0x0000005138c00000,0x0000005138d00000)]
  0x00000163169b2000 JavaThread "Unconstrained build operations Thread 5" [_thread_blocked, id=2452, stack(0x0000005138d00000,0x0000005138e00000)]
  0x00000163169b8000 JavaThread "Unconstrained build operations Thread 6" [_thread_blocked, id=3068, stack(0x0000005138e00000,0x0000005138f00000)]
  0x00000163169b9000 JavaThread "Unconstrained build operations Thread 7" [_thread_blocked, id=7464, stack(0x0000005138f00000,0x0000005139000000)]
  0x00000163169b3000 JavaThread "Unconstrained build operations Thread 8" [_thread_blocked, id=14496, stack(0x0000005139000000,0x0000005139100000)]
  0x00000163169b4000 JavaThread "Unconstrained build operations Thread 9" [_thread_blocked, id=13784, stack(0x0000005139100000,0x0000005139200000)]
  0x0000016312646000 JavaThread "Unconstrained build operations Thread 10" [_thread_blocked, id=14104, stack(0x0000005139200000,0x0000005139300000)]
  0x0000016312648000 JavaThread "Unconstrained build operations Thread 11" [_thread_blocked, id=2432, stack(0x0000005139300000,0x0000005139400000)]
  0x000001631264a800 JavaThread "Unconstrained build operations Thread 12" [_thread_blocked, id=9228, stack(0x0000005139400000,0x0000005139500000)]
  0x0000016312649800 JavaThread "Unconstrained build operations Thread 13" [_thread_blocked, id=12224, stack(0x0000005139500000,0x0000005139600000)]
  0x0000016312648800 JavaThread "Unconstrained build operations Thread 14" [_thread_blocked, id=3188, stack(0x0000005139600000,0x0000005139700000)]
  0x0000016312647000 JavaThread "Unconstrained build operations Thread 15" [_thread_blocked, id=7300, stack(0x0000005139700000,0x0000005139800000)]
  0x0000016312644800 JavaThread "Unconstrained build operations Thread 16" [_thread_blocked, id=9692, stack(0x0000005139800000,0x0000005139900000)]
  0x000001631264b000 JavaThread "Unconstrained build operations Thread 17" [_thread_blocked, id=6532, stack(0x0000005139900000,0x0000005139a00000)]
  0x0000016312645800 JavaThread "Unconstrained build operations Thread 18" [_thread_blocked, id=10112, stack(0x0000005139a00000,0x0000005139b00000)]
  0x0000016317611000 JavaThread "Unconstrained build operations Thread 19" [_thread_blocked, id=7844, stack(0x0000005139b00000,0x0000005139c00000)]
  0x0000016317613000 JavaThread "Unconstrained build operations Thread 20" [_thread_blocked, id=6000, stack(0x0000005139c00000,0x0000005139d00000)]
  0x000001631760f800 JavaThread "Unconstrained build operations Thread 21" [_thread_blocked, id=14612, stack(0x0000005139d00000,0x0000005139e00000)]
  0x0000016317610800 JavaThread "Unconstrained build operations Thread 22" [_thread_blocked, id=10768, stack(0x0000005139e00000,0x0000005139f00000)]
  0x0000016317612000 JavaThread "Unconstrained build operations Thread 23" [_thread_blocked, id=768, stack(0x0000005139f00000,0x000000513a000000)]
  0x000001631760d000 JavaThread "Unconstrained build operations Thread 24" [_thread_blocked, id=8572, stack(0x000000513a000000,0x000000513a100000)]
  0x0000016317613800 JavaThread "Unconstrained build operations Thread 25" [_thread_blocked, id=1572, stack(0x000000513a100000,0x000000513a200000)]
  0x000001631760e000 JavaThread "Unconstrained build operations Thread 26" [_thread_blocked, id=5528, stack(0x000000513a200000,0x000000513a300000)]
  0x0000016317614800 JavaThread "Unconstrained build operations Thread 27" [_thread_blocked, id=3136, stack(0x000000513a300000,0x000000513a400000)]
  0x000001631760e800 JavaThread "Unconstrained build operations Thread 28" [_thread_blocked, id=14488, stack(0x000000513a400000,0x000000513a500000)]
  0x0000016317615000 JavaThread "Unconstrained build operations Thread 29" [_thread_blocked, id=2920, stack(0x000000513a500000,0x000000513a600000)]
  0x0000016317619800 JavaThread "Unconstrained build operations Thread 30" [_thread_blocked, id=11352, stack(0x000000513a600000,0x000000513a700000)]
  0x0000016317616000 JavaThread "Unconstrained build operations Thread 31" [_thread_blocked, id=6412, stack(0x000000513a700000,0x000000513a800000)]
  0x0000016317617800 JavaThread "Unconstrained build operations Thread 32" [_thread_blocked, id=7244, stack(0x000000513a800000,0x000000513a900000)]
  0x0000016317618800 JavaThread "Unconstrained build operations Thread 33" [_thread_blocked, id=3080, stack(0x000000513a900000,0x000000513aa00000)]
  0x000001631761b800 JavaThread "Unconstrained build operations Thread 34" [_thread_blocked, id=13940, stack(0x000000513aa00000,0x000000513ab00000)]
  0x0000016317617000 JavaThread "Unconstrained build operations Thread 35" [_thread_blocked, id=15172, stack(0x000000513ab00000,0x000000513ac00000)]
  0x000001631761a000 JavaThread "Unconstrained build operations Thread 36" [_thread_blocked, id=14844, stack(0x000000513ac00000,0x000000513ad00000)]
  0x000001631761b000 JavaThread "Unconstrained build operations Thread 37" [_thread_blocked, id=2356, stack(0x000000513ad00000,0x000000513ae00000)]
  0x0000016316c97800 JavaThread "Unconstrained build operations Thread 38" [_thread_blocked, id=7220, stack(0x000000513ae00000,0x000000513af00000)]
  0x0000016316c95000 JavaThread "Unconstrained build operations Thread 39" [_thread_blocked, id=5260, stack(0x000000513af00000,0x000000513b000000)]
  0x0000016316c94000 JavaThread "Unconstrained build operations Thread 40" [_thread_blocked, id=12296, stack(0x000000513b000000,0x000000513b100000)]
  0x0000016316c96000 JavaThread "Unconstrained build operations Thread 41" [_thread_blocked, id=1548, stack(0x000000513b100000,0x000000513b200000)]
  0x0000016316c96800 JavaThread "Unconstrained build operations Thread 42" [_thread_blocked, id=6672, stack(0x000000513b200000,0x000000513b300000)]
  0x0000016316c98800 JavaThread "Unconstrained build operations Thread 43" [_thread_blocked, id=1760, stack(0x000000513b300000,0x000000513b400000)]
  0x0000016316c92800 JavaThread "Unconstrained build operations Thread 44" [_thread_blocked, id=7032, stack(0x000000513b400000,0x000000513b500000)]
  0x0000016316c99000 JavaThread "Unconstrained build operations Thread 45" [_thread_blocked, id=308, stack(0x000000513b500000,0x000000513b600000)]
  0x0000016316c93800 JavaThread "Unconstrained build operations Thread 46" [_thread_blocked, id=3320, stack(0x000000513b600000,0x000000513b700000)]
  0x000001637fdc3000 JavaThread "Unconstrained build operations Thread 47" [_thread_blocked, id=14932, stack(0x000000513b700000,0x000000513b800000)]
  0x000001637fdc5800 JavaThread "Unconstrained build operations Thread 48" [_thread_blocked, id=13048, stack(0x000000513b800000,0x000000513b900000)]
  0x000001637fdc4000 JavaThread "Unconstrained build operations Thread 49" [_thread_blocked, id=13144, stack(0x000000513b900000,0x000000513ba00000)]
  0x000001637fdc0000 JavaThread "Unconstrained build operations Thread 50" [_thread_blocked, id=5604, stack(0x000000513ba00000,0x000000513bb00000)]
  0x000001637fdc0800 JavaThread "Unconstrained build operations Thread 51" [_thread_blocked, id=13580, stack(0x000000513bb00000,0x000000513bc00000)]
  0x000001637fdc6800 JavaThread "Unconstrained build operations Thread 52" [_thread_blocked, id=9644, stack(0x000000513bc00000,0x000000513bd00000)]
  0x000001637fdc5000 JavaThread "Unconstrained build operations Thread 53" [_thread_blocked, id=8312, stack(0x000000513bd00000,0x000000513be00000)]
  0x000001637fdc7000 JavaThread "Unconstrained build operations Thread 54" [_thread_blocked, id=12688, stack(0x000000513be00000,0x000000513bf00000)]
  0x000001637fdc1800 JavaThread "Unconstrained build operations Thread 55" [_thread_blocked, id=14688, stack(0x000000513bf00000,0x000000513c000000)]
  0x000001637fdc8000 JavaThread "Unconstrained build operations Thread 56" [_thread_blocked, id=7588, stack(0x000000513c000000,0x000000513c100000)]
  0x000001637fdc2800 JavaThread "Unconstrained build operations Thread 57" [_thread_blocked, id=11676, stack(0x000000513c100000,0x000000513c200000)]
  0x000001637fdcb800 JavaThread "Unconstrained build operations Thread 58" [_thread_blocked, id=10304, stack(0x000000513c200000,0x000000513c300000)]
  0x000001637fdce800 JavaThread "Unconstrained build operations Thread 59" [_thread_blocked, id=5332, stack(0x000000513c300000,0x000000513c400000)]
  0x000001637fdcd000 JavaThread "Unconstrained build operations Thread 60" [_thread_blocked, id=7520, stack(0x000000513c400000,0x000000513c500000)]
  0x000001637fdcc000 JavaThread "Unconstrained build operations Thread 61" [_thread_blocked, id=13080, stack(0x000000513c500000,0x000000513c600000)]
  0x000001637fdce000 JavaThread "Unconstrained build operations Thread 62" [_thread_blocked, id=312, stack(0x000000513c600000,0x000000513c700000)]
  0x000001637fdca800 JavaThread "Unconstrained build operations Thread 63" [_thread_blocked, id=14432, stack(0x000000513c700000,0x000000513c800000)]
  0x000001637fdc9000 JavaThread "Unconstrained build operations Thread 64" [_thread_blocked, id=8052, stack(0x000000513c800000,0x000000513c900000)]
  0x000001637fdc9800 JavaThread "Unconstrained build operations Thread 65" [_thread_blocked, id=9336, stack(0x000000513c900000,0x000000513ca00000)]
  0x00000163161b6000 JavaThread "Unconstrained build operations Thread 66" [_thread_blocked, id=3840, stack(0x000000513ca00000,0x000000513cb00000)]
  0x00000163161b9800 JavaThread "Unconstrained build operations Thread 67" [_thread_blocked, id=5268, stack(0x000000513cb00000,0x000000513cc00000)]
  0x00000163161b7000 JavaThread "Unconstrained build operations Thread 68" [_thread_blocked, id=6424, stack(0x000000513cc00000,0x000000513cd00000)]
  0x00000163161b4800 JavaThread "Unconstrained build operations Thread 69" [_thread_blocked, id=9452, stack(0x000000513cd00000,0x000000513ce00000)]
  0x00000163161bb000 JavaThread "Unconstrained build operations Thread 70" [_thread_blocked, id=1620, stack(0x000000513ce00000,0x000000513cf00000)]
  0x00000163161b7800 JavaThread "Unconstrained build operations Thread 71" [_thread_blocked, id=11832, stack(0x000000513cf00000,0x000000513d000000)]
  0x00000163161b8800 JavaThread "Unconstrained build operations Thread 72" [_thread_blocked, id=7804, stack(0x000000513d000000,0x000000513d100000)]
  0x00000163161ba000 JavaThread "Unconstrained build operations Thread 73" [_thread_blocked, id=15132, stack(0x000000513d100000,0x000000513d200000)]
  0x00000163161b5000 JavaThread "Unconstrained build operations Thread 74" [_thread_blocked, id=15168, stack(0x000000513d200000,0x000000513d300000)]
  0x00000163161c0000 JavaThread "Unconstrained build operations Thread 75" [_thread_blocked, id=11284, stack(0x000000513d300000,0x000000513d400000)]
  0x00000163161bc000 JavaThread "Unconstrained build operations Thread 76" [_thread_blocked, id=7516, stack(0x000000513d400000,0x000000513d500000)]
  0x00000163161c1800 JavaThread "Unconstrained build operations Thread 77" [_thread_blocked, id=7088, stack(0x000000513d500000,0x000000513d600000)]
  0x00000163161c0800 JavaThread "Unconstrained build operations Thread 78" [_thread_blocked, id=12248, stack(0x000000513d600000,0x000000513d700000)]
  0x00000163161be000 JavaThread "Unconstrained build operations Thread 79" [_thread_blocked, id=9272, stack(0x000000513d700000,0x000000513d800000)]
  0x00000163161bc800 JavaThread "Unconstrained build operations Thread 80" [_thread_blocked, id=3232, stack(0x000000513d800000,0x000000513d900000)]
  0x00000163161bf000 JavaThread "jar transforms Thread 4" [_thread_blocked, id=14308, stack(0x000000513d900000,0x000000513da00000)]
  0x00000163161c3000 JavaThread "jar transforms Thread 5" [_thread_blocked, id=12020, stack(0x000000513da00000,0x000000513db00000)]
  0x00000163161bd800 JavaThread "jar transforms Thread 6" [_thread_blocked, id=10108, stack(0x000000513db00000,0x000000513dc00000)]
  0x00000163161c2800 JavaThread "jar transforms Thread 7" [_thread_blocked, id=15324, stack(0x000000513dc00000,0x000000513dd00000)]
  0x0000016315fad800 JavaThread "jar transforms Thread 8" [_thread_blocked, id=8320, stack(0x000000513dd00000,0x000000513de00000)]
  0x0000016315fae800 JavaThread "Memory manager" [_thread_blocked, id=10168, stack(0x000000513de00000,0x000000513df00000)]
  0x0000016315fa9800 JavaThread "build event listener" [_thread_blocked, id=5844, stack(0x000000513df00000,0x000000513e000000)]
  0x0000016315fac000 JavaThread "pool-3-thread-1" [_thread_blocked, id=7784, stack(0x000000513e000000,0x000000513e100000)]
  0x0000016315fad000 JavaThread "build event listener" [_thread_blocked, id=1776, stack(0x000000513e100000,0x000000513e200000)]
  0x0000016315faa800 JavaThread "Execution worker for ':'" [_thread_blocked, id=15252, stack(0x000000513e200000,0x000000513e300000)]
  0x0000016315fb0000 JavaThread "Execution worker for ':' Thread 2" [_thread_blocked, id=10256, stack(0x000000513e300000,0x000000513e400000)]
  0x0000016315fb1000 JavaThread "Execution worker for ':' Thread 3" [_thread_blocked, id=5980, stack(0x000000513e400000,0x000000513e500000)]
  0x0000016315fab000 JavaThread "Execution worker for ':' Thread 4" [_thread_blocked, id=3372, stack(0x000000513e500000,0x000000513e600000)]
  0x0000016315fb6000 JavaThread "Execution worker for ':' Thread 5" [_thread_blocked, id=6288, stack(0x000000513e600000,0x000000513e700000)]
  0x0000016315fb6800 JavaThread "Execution worker for ':' Thread 6" [_thread_blocked, id=13208, stack(0x000000513e700000,0x000000513e800000)]
  0x0000016315fb4000 JavaThread "Execution worker for ':' Thread 7" [_thread_blocked, id=5852, stack(0x000000513e800000,0x000000513e900000)]
  0x0000016315fb7800 JavaThread "Cache worker for execution history cache (D:\COSMOS\Document\Android Studio\HelloWorld19.11\.gradle\7.2\executionHistory)" [_thread_blocked, id=3228, stack(0x000000513e900000,0x000000513ea00000)]
  0x0000016315fb5000 JavaThread "Cache worker for Java compile cache (C:\Users\ADMIN\.gradle\caches\7.2\javaCompile)" [_thread_blocked, id=6900, stack(0x000000513ea00000,0x000000513eb00000)]
  0x00000163161ff000 JavaThread "C2 CompilerThread1" daemon [_thread_in_native, id=10856, stack(0x0000005137a00000,0x0000005137b00000)]
  0x0000016313df9800 JavaThread "C2 CompilerThread2" daemon [_thread_blocked, id=12644, stack(0x0000005138100000,0x0000005138200000)]
  0x0000016315fb3800 JavaThread "Build operations" [_thread_blocked, id=9468, stack(0x000000513eb00000,0x000000513ec00000)]
  0x0000016315fb2000 JavaThread "Build operations Thread 2" [_thread_blocked, id=14888, stack(0x000000513ec00000,0x000000513ed00000)]
  0x0000016315fb8800 JavaThread "Build operations Thread 3" [_thread_blocked, id=1996, stack(0x000000513ed00000,0x000000513ee00000)]
  0x0000016315fb2800 JavaThread "Build operations Thread 4" [_thread_blocked, id=12132, stack(0x000000513ee00000,0x000000513ef00000)]
  0x0000016316ffb800 JavaThread "Build operations Thread 5" [_thread_blocked, id=4632, stack(0x000000513ef00000,0x000000513f000000)]
  0x0000016316ffb000 JavaThread "Build operations Thread 6" [_thread_blocked, id=14452, stack(0x000000513f000000,0x000000513f100000)]
  0x0000016316ff9000 JavaThread "Build operations Thread 7" [_thread_blocked, id=2088, stack(0x000000513f100000,0x000000513f200000)]
  0x0000016316fff000 JavaThread "Build operations Thread 8" [_thread_blocked, id=6404, stack(0x000000513f200000,0x000000513f300000)]

Other Threads:
=>0x000001637f940800 VMThread "VM Thread" [stack: 0x0000005135a00000,0x0000005135b00000] [id=9524]
  0x000001637fc99800 WatcherThread [stack: 0x0000005136400000,0x0000005136500000] [id=7264]
  0x00000163764e8800 GCTaskThread "GC Thread#0" [stack: 0x0000005135500000,0x0000005135600000] [id=13108]
  0x000001631230d800 GCTaskThread "GC Thread#1" [stack: 0x0000005136600000,0x0000005136700000] [id=6564]
  0x0000016313b23800 GCTaskThread "GC Thread#2" [stack: 0x0000005137000000,0x0000005137100000] [id=7592]
  0x0000016313b25000 GCTaskThread "GC Thread#3" [stack: 0x0000005137100000,0x0000005137200000] [id=10116]
  0x0000016313b24800 GCTaskThread "GC Thread#4" [stack: 0x0000005137200000,0x0000005137300000] [id=4760]
  0x0000016313b29000 GCTaskThread "GC Thread#5" [stack: 0x0000005137300000,0x0000005137400000] [id=14384]
  0x0000016313b27800 GCTaskThread "GC Thread#6" [stack: 0x0000005137400000,0x0000005137500000] [id=6008]
  0x0000016313b26000 GCTaskThread "GC Thread#7" [stack: 0x0000005137500000,0x0000005137600000] [id=15284]
  0x0000016376519800 ConcurrentGCThread "G1 Main Marker" [stack: 0x0000005135600000,0x0000005135700000] [id=3196]
  0x000001637651b000 ConcurrentGCThread "G1 Conc#0" [stack: 0x0000005135700000,0x0000005135800000] [id=14908]
  0x0000016313b22800 ConcurrentGCThread "G1 Conc#1" [stack: 0x0000005137900000,0x0000005137a00000] [id=3848]
  0x000001637659c800 ConcurrentGCThread "G1 Refine#0" [stack: 0x0000005135800000,0x0000005135900000] [id=12472]
  0x0000016315c08800 ConcurrentGCThread "G1 Refine#1" [stack: 0x000000513f300000,0x000000513f400000] [id=15060]
  0x0000016315c04800 ConcurrentGCThread "G1 Refine#2" [stack: 0x000000513f400000,0x000000513f500000] [id=8520]
  0x0000016315c05000 ConcurrentGCThread "G1 Refine#3" [stack: 0x000000513f500000,0x000000513f600000] [id=14272]
  0x000001637659d800 ConcurrentGCThread "G1 Young RemSet Sampling" [stack: 0x0000005135900000,0x0000005135a00000] [id=7504]

Threads with active compile tasks:
C2 CompilerThread0  19928 14579       4       com.android.tools.r8.internal.SR0::a (1133 bytes)
C1 CompilerThread0  19928 15060 %     3       com.android.tools.r8.internal.VR0::c @ 654 (1150 bytes)
C2 CompilerThread1  19928 14987       4       com.android.tools.r8.internal.zV0::a (990 bytes)
C2 CompilerThread2  19928 15048       4       com.android.tools.r8.internal.Kn1::b (682 bytes)

VM state:at safepoint (normal execution)

VM Mutex/Monitor currently owned by a thread:  ([mutex/lock_event])
[0x000001637437b260] Threads_lock - owner thread: 0x000001637f940800
[0x000001637437ac30] Heap_lock - owner thread: 0x000001637fdc5000

Heap address: 0x0000000080000000, size: 2048 MB, Compressed Oops mode: 32-bit
Narrow klass base: 0x0000000000000000, Narrow klass shift: 3
Compressed class space size: 1073741824 Address: 0x0000000100000000

Heap:
 garbage-first heap   total 282624K, used 136505K [0x0000000080000000, 0x0000000100000000)
  region size 1024K, 3 young (3072K), 3 survivors (3072K)
 Metaspace       used 106711K, capacity 109413K, committed 109772K, reserved 1144832K
  class space    used 13835K, capacity 14888K, committed 15104K, reserved 1048576K
Heap Regions: E=young(eden), S=young(survivor), O=old, HS=humongous(starts), HC=humongous(continues), CS=collection set, F=free, A=archive, TAMS=top-at-mark-start (previous, next)
|   0|0x0000000080000000, 0x0000000080100000, 0x0000000080100000|100%| O|  |TAMS 0x0000000080100000, 0x0000000080000000| Untracked 
|   1|0x0000000080100000, 0x0000000080200000, 0x0000000080200000|100%| O|  |TAMS 0x0000000080200000, 0x0000000080100000| Untracked 
|   2|0x0000000080200000, 0x0000000080300000, 0x0000000080300000|100%| O|  |TAMS 0x0000000080300000, 0x0000000080200000| Untracked 
|   3|0x0000000080300000, 0x0000000080400000, 0x0000000080400000|100%|HS|  |TAMS 0x0000000080400000, 0x0000000080300000| Complete 
|   4|0x0000000080400000, 0x0000000080500000, 0x0000000080500000|100%|HC|  |TAMS 0x0000000080500000, 0x0000000080400000| Complete 
|   5|0x0000000080500000, 0x0000000080600000, 0x0000000080600000|100%|HC|  |TAMS 0x0000000080600000, 0x0000000080500000| Complete 
|   6|0x0000000080600000, 0x0000000080700000, 0x0000000080700000|100%| O|  |TAMS 0x0000000080700000, 0x0000000080600000| Untracked 
|   7|0x0000000080700000, 0x0000000080800000, 0x0000000080800000|100%| O|  |TAMS 0x0000000080800000, 0x0000000080700000| Untracked 
|   8|0x0000000080800000, 0x0000000080900000, 0x0000000080900000|100%| O|  |TAMS 0x0000000080900000, 0x0000000080800000| Untracked 
|   9|0x0000000080900000, 0x0000000080a00000, 0x0000000080a00000|100%| O|  |TAMS 0x0000000080a00000, 0x0000000080900000| Untracked 
|  10|0x0000000080a00000, 0x0000000080b00000, 0x0000000080b00000|100%| O|  |TAMS 0x0000000080b00000, 0x0000000080a00000| Untracked 
|  11|0x0000000080b00000, 0x0000000080c00000, 0x0000000080c00000|100%| O|  |TAMS 0x0000000080c00000, 0x0000000080b00000| Untracked 
|  12|0x0000000080c00000, 0x0000000080d00000, 0x0000000080d00000|100%| O|  |TAMS 0x0000000080d00000, 0x0000000080c00000| Untracked 
|  13|0x0000000080d00000, 0x0000000080e00000, 0x0000000080e00000|100%| O|  |TAMS 0x0000000080e00000, 0x0000000080d00000| Untracked 
|  14|0x0000000080e00000, 0x0000000080f00000, 0x0000000080f00000|100%| O|  |TAMS 0x0000000080f00000, 0x0000000080e00000| Untracked 
|  15|0x0000000080f00000, 0x0000000081000000, 0x0000000081000000|100%| O|  |TAMS 0x0000000081000000, 0x0000000080f00000| Untracked 
|  16|0x0000000081000000, 0x0000000081100000, 0x0000000081100000|100%|HS|  |TAMS 0x0000000081100000, 0x0000000081000000| Complete 
|  17|0x0000000081100000, 0x0000000081200000, 0x0000000081200000|100%| O|  |TAMS 0x0000000081200000, 0x0000000081100000| Untracked 
|  18|0x0000000081200000, 0x0000000081300000, 0x0000000081300000|100%| O|  |TAMS 0x0000000081300000, 0x0000000081200000| Untracked 
|  19|0x0000000081300000, 0x0000000081400000, 0x0000000081400000|100%| O|  |TAMS 0x0000000081400000, 0x0000000081300000| Untracked 
|  20|0x0000000081400000, 0x0000000081500000, 0x0000000081500000|100%| O|  |TAMS 0x0000000081500000, 0x0000000081400000| Untracked 
|  21|0x0000000081500000, 0x0000000081600000, 0x0000000081600000|100%| O|  |TAMS 0x0000000081600000, 0x0000000081500000| Untracked 
|  22|0x0000000081600000, 0x0000000081700000, 0x0000000081700000|100%| O|  |TAMS 0x0000000081700000, 0x0000000081600000| Untracked 
|  23|0x0000000081700000, 0x0000000081800000, 0x0000000081800000|100%| O|  |TAMS 0x0000000081800000, 0x0000000081700000| Untracked 
|  24|0x0000000081800000, 0x0000000081900000, 0x0000000081900000|100%| O|  |TAMS 0x0000000081900000, 0x0000000081800000| Untracked 
|  25|0x0000000081900000, 0x0000000081a00000, 0x0000000081a00000|100%| O|  |TAMS 0x0000000081a00000, 0x0000000081900000| Untracked 
|  26|0x0000000081a00000, 0x0000000081b00000, 0x0000000081b00000|100%| O|  |TAMS 0x0000000081b00000, 0x0000000081a00000| Untracked 
|  27|0x0000000081b00000, 0x0000000081c00000, 0x0000000081c00000|100%| O|  |TAMS 0x0000000081c00000, 0x0000000081b00000| Untracked 
|  28|0x0000000081c00000, 0x0000000081d00000, 0x0000000081d00000|100%|HS|  |TAMS 0x0000000081d00000, 0x0000000081c00000| Complete 
|  29|0x0000000081d00000, 0x0000000081e00000, 0x0000000081e00000|100%|HS|  |TAMS 0x0000000081e00000, 0x0000000081d00000| Complete 
|  30|0x0000000081e00000, 0x0000000081f00000, 0x0000000081f00000|100%|HS|  |TAMS 0x0000000081f00000, 0x0000000081e00000| Complete 
|  31|0x0000000081f00000, 0x0000000082000000, 0x0000000082000000|100%|HC|  |TAMS 0x0000000082000000, 0x0000000081f00000| Complete 
|  32|0x0000000082000000, 0x0000000082100000, 0x0000000082100000|100%| O|  |TAMS 0x0000000082100000, 0x0000000082000000| Untracked 
|  33|0x0000000082100000, 0x0000000082200000, 0x0000000082200000|100%| O|  |TAMS 0x0000000082200000, 0x0000000082100000| Untracked 
|  34|0x0000000082200000, 0x0000000082300000, 0x0000000082300000|100%| O|  |TAMS 0x0000000082300000, 0x0000000082200000| Untracked 
|  35|0x0000000082300000, 0x0000000082400000, 0x0000000082400000|100%| O|  |TAMS 0x0000000082400000, 0x0000000082300000| Untracked 
|  36|0x0000000082400000, 0x0000000082500000, 0x0000000082500000|100%| O|  |TAMS 0x0000000082500000, 0x0000000082400000| Untracked 
|  37|0x0000000082500000, 0x0000000082600000, 0x0000000082600000|100%| O|  |TAMS 0x0000000082600000, 0x0000000082500000| Untracked 
|  38|0x0000000082600000, 0x0000000082700000, 0x0000000082700000|100%| O|  |TAMS 0x0000000082700000, 0x0000000082600000| Untracked 
|  39|0x0000000082700000, 0x0000000082800000, 0x0000000082800000|100%| O|  |TAMS 0x0000000082800000, 0x0000000082700000| Untracked 
|  40|0x0000000082800000, 0x0000000082900000, 0x0000000082900000|100%| O|  |TAMS 0x0000000082900000, 0x0000000082800000| Untracked 
|  41|0x0000000082900000, 0x0000000082a00000, 0x0000000082a00000|100%| O|  |TAMS 0x0000000082a00000, 0x0000000082900000| Untracked 
|  42|0x0000000082a00000, 0x0000000082b00000, 0x0000000082b00000|100%| O|  |TAMS 0x0000000082b00000, 0x0000000082a00000| Untracked 
|  43|0x0000000082b00000, 0x0000000082c00000, 0x0000000082c00000|100%| O|  |TAMS 0x0000000082c00000, 0x0000000082b00000| Untracked 
|  44|0x0000000082c00000, 0x0000000082d00000, 0x0000000082d00000|100%| O|  |TAMS 0x0000000082d00000, 0x0000000082c00000| Untracked 
|  45|0x0000000082d00000, 0x0000000082e00000, 0x0000000082e00000|100%| O|  |TAMS 0x0000000082e00000, 0x0000000082d00000| Untracked 
|  46|0x0000000082e00000, 0x0000000082f00000, 0x0000000082f00000|100%| O|  |TAMS 0x0000000082f00000, 0x0000000082e00000| Untracked 
|  47|0x0000000082f00000, 0x0000000083000000, 0x0000000083000000|100%| O|  |TAMS 0x0000000083000000, 0x0000000082f00000| Untracked 
|  48|0x0000000083000000, 0x0000000083100000, 0x0000000083100000|100%| O|  |TAMS 0x0000000083100000, 0x0000000083000000| Untracked 
|  49|0x0000000083100000, 0x0000000083200000, 0x0000000083200000|100%| O|  |TAMS 0x0000000083200000, 0x0000000083100000| Untracked 
|  50|0x0000000083200000, 0x0000000083300000, 0x0000000083300000|100%| O|  |TAMS 0x0000000083300000, 0x0000000083200000| Untracked 
|  51|0x0000000083300000, 0x0000000083400000, 0x0000000083400000|100%| O|  |TAMS 0x0000000083400000, 0x0000000083300000| Untracked 
|  52|0x0000000083400000, 0x0000000083500000, 0x0000000083500000|100%| O|  |TAMS 0x0000000083500000, 0x0000000083400000| Untracked 
|  53|0x0000000083500000, 0x0000000083600000, 0x0000000083600000|100%| O|  |TAMS 0x0000000083600000, 0x0000000083500000| Untracked 
|  54|0x0000000083600000, 0x0000000083700000, 0x0000000083700000|100%| O|  |TAMS 0x0000000083700000, 0x0000000083600000| Untracked 
|  55|0x0000000083700000, 0x0000000083800000, 0x0000000083800000|100%| O|  |TAMS 0x0000000083800000, 0x0000000083700000| Untracked 
|  56|0x0000000083800000, 0x0000000083900000, 0x0000000083900000|100%| O|  |TAMS 0x0000000083900000, 0x0000000083800000| Untracked 
|  57|0x0000000083900000, 0x0000000083a00000, 0x0000000083a00000|100%| O|  |TAMS 0x0000000083a00000, 0x0000000083900000| Untracked 
|  58|0x0000000083a00000, 0x0000000083b00000, 0x0000000083b00000|100%| O|  |TAMS 0x0000000083b00000, 0x0000000083a00000| Untracked 
|  59|0x0000000083b00000, 0x0000000083c00000, 0x0000000083c00000|100%| O|  |TAMS 0x0000000083c00000, 0x0000000083b00000| Untracked 
|  60|0x0000000083c00000, 0x0000000083d00000, 0x0000000083d00000|100%| O|  |TAMS 0x0000000083d00000, 0x0000000083c00000| Untracked 
|  61|0x0000000083d00000, 0x0000000083e00000, 0x0000000083e00000|100%| O|  |TAMS 0x0000000083e00000, 0x0000000083d00000| Untracked 
|  62|0x0000000083e00000, 0x0000000083f00000, 0x0000000083f00000|100%| O|  |TAMS 0x0000000083f00000, 0x0000000083e00000| Untracked 
|  63|0x0000000083f00000, 0x0000000084000000, 0x0000000084000000|100%| O|  |TAMS 0x0000000084000000, 0x0000000083f00000| Untracked 
|  64|0x0000000084000000, 0x0000000084100000, 0x0000000084100000|100%| O|  |TAMS 0x0000000084100000, 0x0000000084000000| Untracked 
|  65|0x0000000084100000, 0x0000000084200000, 0x0000000084200000|100%| O|  |TAMS 0x0000000084200000, 0x0000000084100000| Untracked 
|  66|0x0000000084200000, 0x0000000084300000, 0x0000000084300000|100%| O|  |TAMS 0x0000000084300000, 0x0000000084200000| Untracked 
|  67|0x0000000084300000, 0x0000000084400000, 0x0000000084400000|100%| O|  |TAMS 0x0000000084400000, 0x0000000084300000| Untracked 
|  68|0x0000000084400000, 0x0000000084500000, 0x0000000084500000|100%| O|  |TAMS 0x0000000084500000, 0x0000000084400000| Untracked 
|  69|0x0000000084500000, 0x0000000084600000, 0x0000000084600000|100%| O|  |TAMS 0x0000000084600000, 0x0000000084500000| Untracked 
|  70|0x0000000084600000, 0x0000000084700000, 0x0000000084700000|100%| O|  |TAMS 0x0000000084700000, 0x0000000084600000| Untracked 
|  71|0x0000000084700000, 0x0000000084800000, 0x0000000084800000|100%| O|  |TAMS 0x0000000084800000, 0x0000000084700000| Untracked 
|  72|0x0000000084800000, 0x0000000084900000, 0x0000000084900000|100%| O|  |TAMS 0x0000000084900000, 0x0000000084800000| Untracked 
|  73|0x0000000084900000, 0x0000000084a00000, 0x0000000084a00000|100%| O|  |TAMS 0x0000000084a00000, 0x0000000084900000| Untracked 
|  74|0x0000000084a00000, 0x0000000084b00000, 0x0000000084b00000|100%| O|  |TAMS 0x0000000084b00000, 0x0000000084a00000| Untracked 
|  75|0x0000000084b00000, 0x0000000084c00000, 0x0000000084c00000|100%| O|  |TAMS 0x0000000084c00000, 0x0000000084b00000| Untracked 
|  76|0x0000000084c00000, 0x0000000084d00000, 0x0000000084d00000|100%| O|  |TAMS 0x0000000084d00000, 0x0000000084c00000| Untracked 
|  77|0x0000000084d00000, 0x0000000084e00000, 0x0000000084e00000|100%| O|  |TAMS 0x0000000084e00000, 0x0000000084d00000| Untracked 
|  78|0x0000000084e00000, 0x0000000084f00000, 0x0000000084f00000|100%| O|  |TAMS 0x0000000084f00000, 0x0000000084e00000| Untracked 
|  79|0x0000000084f00000, 0x0000000085000000, 0x0000000085000000|100%| O|  |TAMS 0x0000000085000000, 0x0000000084f00000| Untracked 
|  80|0x0000000085000000, 0x0000000085100000, 0x0000000085100000|100%| O|  |TAMS 0x0000000085100000, 0x0000000085000000| Untracked 
|  81|0x0000000085100000, 0x0000000085200000, 0x0000000085200000|100%| O|  |TAMS 0x0000000085200000, 0x0000000085100000| Untracked 
|  82|0x0000000085200000, 0x0000000085300000, 0x0000000085300000|100%| O|  |TAMS 0x0000000085300000, 0x0000000085200000| Untracked 
|  83|0x0000000085300000, 0x0000000085400000, 0x0000000085400000|100%| O|  |TAMS 0x0000000085400000, 0x0000000085300000| Untracked 
|  84|0x0000000085400000, 0x0000000085500000, 0x0000000085500000|100%| O|  |TAMS 0x0000000085500000, 0x0000000085400000| Untracked 
|  85|0x0000000085500000, 0x0000000085600000, 0x0000000085600000|100%| O|  |TAMS 0x0000000085600000, 0x0000000085500000| Untracked 
|  86|0x0000000085600000, 0x0000000085700000, 0x0000000085700000|100%| O|  |TAMS 0x0000000085700000, 0x0000000085600000| Untracked 
|  87|0x0000000085700000, 0x0000000085800000, 0x0000000085800000|100%| O|  |TAMS 0x0000000085800000, 0x0000000085700000| Untracked 
|  88|0x0000000085800000, 0x0000000085900000, 0x0000000085900000|100%| O|  |TAMS 0x0000000085900000, 0x0000000085800000| Untracked 
|  89|0x0000000085900000, 0x0000000085a00000, 0x0000000085a00000|100%| O|  |TAMS 0x0000000085a00000, 0x0000000085900000| Untracked 
|  90|0x0000000085a00000, 0x0000000085b00000, 0x0000000085b00000|100%| O|  |TAMS 0x0000000085b00000, 0x0000000085a00000| Untracked 
|  91|0x0000000085b00000, 0x0000000085c00000, 0x0000000085c00000|100%| O|  |TAMS 0x0000000085c00000, 0x0000000085b00000| Untracked 
|  92|0x0000000085c00000, 0x0000000085d00000, 0x0000000085d00000|100%| O|  |TAMS 0x0000000085d00000, 0x0000000085c00000| Untracked 
|  93|0x0000000085d00000, 0x0000000085e00000, 0x0000000085e00000|100%| O|  |TAMS 0x0000000085e00000, 0x0000000085d00000| Untracked 
|  94|0x0000000085e00000, 0x0000000085f00000, 0x0000000085f00000|100%| O|  |TAMS 0x0000000085f00000, 0x0000000085e00000| Untracked 
|  95|0x0000000085f00000, 0x0000000086000000, 0x0000000086000000|100%| O|  |TAMS 0x0000000086000000, 0x0000000085f00000| Untracked 
|  96|0x0000000086000000, 0x0000000086100000, 0x0000000086100000|100%| O|  |TAMS 0x0000000086100000, 0x0000000086000000| Untracked 
|  97|0x0000000086100000, 0x0000000086200000, 0x0000000086200000|100%| O|  |TAMS 0x0000000086200000, 0x0000000086100000| Untracked 
|  98|0x0000000086200000, 0x0000000086300000, 0x0000000086300000|100%| O|  |TAMS 0x0000000086300000, 0x0000000086200000| Untracked 
|  99|0x0000000086300000, 0x0000000086400000, 0x0000000086400000|100%| O|  |TAMS 0x0000000086400000, 0x0000000086300000| Untracked 
| 100|0x0000000086400000, 0x0000000086500000, 0x0000000086500000|100%| O|  |TAMS 0x0000000086500000, 0x0000000086400000| Untracked 
| 101|0x0000000086500000, 0x0000000086600000, 0x0000000086600000|100%| O|  |TAMS 0x0000000086600000, 0x0000000086500000| Untracked 
| 102|0x0000000086600000, 0x0000000086700000, 0x0000000086700000|100%| O|  |TAMS 0x0000000086700000, 0x0000000086600000| Untracked 
| 103|0x0000000086700000, 0x0000000086800000, 0x0000000086800000|100%| O|  |TAMS 0x0000000086800000, 0x0000000086700000| Untracked 
| 104|0x0000000086800000, 0x0000000086900000, 0x0000000086900000|100%| O|  |TAMS 0x0000000086900000, 0x0000000086800000| Untracked 
| 105|0x0000000086900000, 0x0000000086a00000, 0x0000000086a00000|100%| O|  |TAMS 0x0000000086a00000, 0x0000000086900000| Untracked 
| 106|0x0000000086a00000, 0x0000000086b00000, 0x0000000086b00000|100%| O|  |TAMS 0x0000000086b00000, 0x0000000086a00000| Untracked 
| 107|0x0000000086b00000, 0x0000000086c00000, 0x0000000086c00000|100%| O|  |TAMS 0x0000000086c00000, 0x0000000086b00000| Untracked 
| 108|0x0000000086c00000, 0x0000000086d00000, 0x0000000086d00000|100%| O|  |TAMS 0x0000000086d00000, 0x0000000086c00000| Untracked 
| 109|0x0000000086d00000, 0x0000000086e00000, 0x0000000086e00000|100%| O|  |TAMS 0x0000000086e00000, 0x0000000086d00000| Untracked 
| 110|0x0000000086e00000, 0x0000000086f00000, 0x0000000086f00000|100%| O|  |TAMS 0x0000000086f00000, 0x0000000086e00000| Untracked 
| 111|0x0000000086f00000, 0x0000000087000000, 0x0000000087000000|100%| O|  |TAMS 0x0000000087000000, 0x0000000086f00000| Untracked 
| 112|0x0000000087000000, 0x0000000087100000, 0x0000000087100000|100%| O|  |TAMS 0x0000000087100000, 0x0000000087000000| Untracked 
| 113|0x0000000087100000, 0x0000000087200000, 0x0000000087200000|100%| O|  |TAMS 0x0000000087200000, 0x0000000087100000| Untracked 
| 114|0x0000000087200000, 0x0000000087300000, 0x0000000087300000|100%| O|  |TAMS 0x0000000087300000, 0x0000000087200000| Untracked 
| 115|0x0000000087300000, 0x0000000087400000, 0x0000000087400000|100%| O|  |TAMS 0x0000000087400000, 0x0000000087300000| Untracked 
| 116|0x0000000087400000, 0x0000000087500000, 0x0000000087500000|100%| O|  |TAMS 0x0000000087500000, 0x0000000087400000| Untracked 
| 117|0x0000000087500000, 0x0000000087600000, 0x0000000087600000|100%| O|  |TAMS 0x0000000087600000, 0x0000000087500000| Untracked 
| 118|0x0000000087600000, 0x0000000087700000, 0x0000000087700000|100%| O|  |TAMS 0x0000000087700000, 0x0000000087600000| Untracked 
| 119|0x0000000087700000, 0x0000000087800000, 0x0000000087800000|100%| O|  |TAMS 0x0000000087800000, 0x0000000087700000| Untracked 
| 120|0x0000000087800000, 0x0000000087900000, 0x0000000087900000|100%| O|  |TAMS 0x0000000087900000, 0x0000000087800000| Untracked 
| 121|0x0000000087900000, 0x0000000087a00000, 0x0000000087a00000|100%| O|  |TAMS 0x0000000087a00000, 0x0000000087900000| Untracked 
| 122|0x0000000087a00000, 0x0000000087b00000, 0x0000000087b00000|100%| O|  |TAMS 0x0000000087b00000, 0x0000000087a00000| Untracked 
| 123|0x0000000087b00000, 0x0000000087c00000, 0x0000000087c00000|100%| O|  |TAMS 0x0000000087c00000, 0x0000000087b00000| Untracked 
| 124|0x0000000087c00000, 0x0000000087d00000, 0x0000000087d00000|100%| O|  |TAMS 0x0000000087d00000, 0x0000000087c00000| Untracked 
| 125|0x0000000087d00000, 0x0000000087e00000, 0x0000000087e00000|100%| O|  |TAMS 0x0000000087e00000, 0x0000000087d00000| Untracked 
| 126|0x0000000087e00000, 0x0000000087f00000, 0x0000000087f00000|100%| O|  |TAMS 0x0000000087f00000, 0x0000000087e00000| Untracked 
| 127|0x0000000087f00000, 0x0000000088000000, 0x0000000088000000|100%| O|  |TAMS 0x0000000088000000, 0x0000000087f00000| Untracked 
| 128|0x0000000088000000, 0x0000000088100000, 0x0000000088100000|100%| O|  |TAMS 0x0000000088100000, 0x0000000088000000| Untracked 
| 129|0x0000000088100000, 0x0000000088200000, 0x0000000088200000|100%| O|  |TAMS 0x0000000088200000, 0x0000000088100000| Untracked 
| 130|0x0000000088200000, 0x00000000882b7c00, 0x0000000088300000| 71%| O|  |TAMS 0x00000000882b7c00, 0x0000000088200000| Untracked 
| 131|0x0000000088300000, 0x0000000088300000, 0x0000000088400000|  0%| F|  |TAMS 0x0000000088300000, 0x0000000088300000| Untracked 
| 132|0x0000000088400000, 0x0000000088400000, 0x0000000088500000|  0%| F|  |TAMS 0x0000000088400000, 0x0000000088400000| Untracked 
| 133|0x0000000088500000, 0x0000000088500000, 0x0000000088600000|  0%| F|  |TAMS 0x0000000088500000, 0x0000000088500000| Untracked 
| 134|0x0000000088600000, 0x0000000088600000, 0x0000000088700000|  0%| F|  |TAMS 0x0000000088600000, 0x0000000088600000| Untracked 
| 135|0x0000000088700000, 0x0000000088700000, 0x0000000088800000|  0%| F|  |TAMS 0x0000000088700000, 0x0000000088700000| Untracked 
| 136|0x0000000088800000, 0x0000000088800000, 0x0000000088900000|  0%| F|  |TAMS 0x0000000088800000, 0x0000000088800000| Untracked 
| 137|0x0000000088900000, 0x0000000088900000, 0x0000000088a00000|  0%| F|  |TAMS 0x0000000088900000, 0x0000000088900000| Untracked 
| 138|0x0000000088a00000, 0x0000000088a00000, 0x0000000088b00000|  0%| F|  |TAMS 0x0000000088a00000, 0x0000000088a00000| Untracked 
| 139|0x0000000088b00000, 0x0000000088b00000, 0x0000000088c00000|  0%| F|  |TAMS 0x0000000088b00000, 0x0000000088b00000| Untracked 
| 140|0x0000000088c00000, 0x0000000088c00000, 0x0000000088d00000|  0%| F|  |TAMS 0x0000000088c00000, 0x0000000088c00000| Untracked 
| 141|0x0000000088d00000, 0x0000000088d00000, 0x0000000088e00000|  0%| F|  |TAMS 0x0000000088d00000, 0x0000000088d00000| Untracked 
| 142|0x0000000088e00000, 0x0000000088e00000, 0x0000000088f00000|  0%| F|  |TAMS 0x0000000088e00000, 0x0000000088e00000| Untracked 
| 143|0x0000000088f00000, 0x0000000088f00000, 0x0000000089000000|  0%| F|  |TAMS 0x0000000088f00000, 0x0000000088f00000| Untracked 
| 144|0x0000000089000000, 0x0000000089000000, 0x0000000089100000|  0%| F|  |TAMS 0x0000000089000000, 0x0000000089000000| Untracked 
| 145|0x0000000089100000, 0x0000000089100000, 0x0000000089200000|  0%| F|  |TAMS 0x0000000089100000, 0x0000000089100000| Untracked 
| 146|0x0000000089200000, 0x0000000089200000, 0x0000000089300000|  0%| F|  |TAMS 0x0000000089200000, 0x0000000089200000| Untracked 
| 147|0x0000000089300000, 0x0000000089300000, 0x0000000089400000|  0%| F|  |TAMS 0x0000000089300000, 0x0000000089300000| Untracked 
| 148|0x0000000089400000, 0x0000000089400000, 0x0000000089500000|  0%| F|  |TAMS 0x0000000089400000, 0x0000000089400000| Untracked 
| 149|0x0000000089500000, 0x0000000089500000, 0x0000000089600000|  0%| F|  |TAMS 0x0000000089500000, 0x0000000089500000| Untracked 
| 150|0x0000000089600000, 0x0000000089600000, 0x0000000089700000|  0%| F|  |TAMS 0x0000000089600000, 0x0000000089600000| Untracked 
| 151|0x0000000089700000, 0x0000000089700000, 0x0000000089800000|  0%| F|  |TAMS 0x0000000089700000, 0x0000000089700000| Untracked 
| 152|0x0000000089800000, 0x0000000089800000, 0x0000000089900000|  0%| F|  |TAMS 0x0000000089800000, 0x0000000089800000| Untracked 
| 153|0x0000000089900000, 0x0000000089900000, 0x0000000089a00000|  0%| F|  |TAMS 0x0000000089900000, 0x0000000089900000| Untracked 
| 154|0x0000000089a00000, 0x0000000089a00000, 0x0000000089b00000|  0%| F|  |TAMS 0x0000000089a00000, 0x0000000089a00000| Untracked 
| 155|0x0000000089b00000, 0x0000000089b00000, 0x0000000089c00000|  0%| F|  |TAMS 0x0000000089b00000, 0x0000000089b00000| Untracked 
| 156|0x0000000089c00000, 0x0000000089c00000, 0x0000000089d00000|  0%| F|  |TAMS 0x0000000089c00000, 0x0000000089c00000| Untracked 
| 157|0x0000000089d00000, 0x0000000089d00000, 0x0000000089e00000|  0%| F|  |TAMS 0x0000000089d00000, 0x0000000089d00000| Untracked 
| 158|0x0000000089e00000, 0x0000000089e00000, 0x0000000089f00000|  0%| F|  |TAMS 0x0000000089e00000, 0x0000000089e00000| Untracked 
| 159|0x0000000089f00000, 0x0000000089f00000, 0x000000008a000000|  0%| F|  |TAMS 0x0000000089f00000, 0x0000000089f00000| Untracked 
| 160|0x000000008a000000, 0x000000008a000000, 0x000000008a100000|  0%| F|  |TAMS 0x000000008a000000, 0x000000008a000000| Untracked 
| 161|0x000000008a100000, 0x000000008a100000, 0x000000008a200000|  0%| F|  |TAMS 0x000000008a100000, 0x000000008a100000| Untracked 
| 162|0x000000008a200000, 0x000000008a200000, 0x000000008a300000|  0%| F|  |TAMS 0x000000008a200000, 0x000000008a200000| Untracked 
| 163|0x000000008a300000, 0x000000008a300000, 0x000000008a400000|  0%| F|  |TAMS 0x000000008a300000, 0x000000008a300000| Untracked 
| 164|0x000000008a400000, 0x000000008a400000, 0x000000008a500000|  0%| F|  |TAMS 0x000000008a400000, 0x000000008a400000| Untracked 
| 165|0x000000008a500000, 0x000000008a500000, 0x000000008a600000|  0%| F|  |TAMS 0x000000008a500000, 0x000000008a500000| Untracked 
| 166|0x000000008a600000, 0x000000008a600000, 0x000000008a700000|  0%| F|  |TAMS 0x000000008a600000, 0x000000008a600000| Untracked 
| 167|0x000000008a700000, 0x000000008a700000, 0x000000008a800000|  0%| F|  |TAMS 0x000000008a700000, 0x000000008a700000| Untracked 
| 168|0x000000008a800000, 0x000000008a800000, 0x000000008a900000|  0%| F|  |TAMS 0x000000008a800000, 0x000000008a800000| Untracked 
| 169|0x000000008a900000, 0x000000008a900000, 0x000000008aa00000|  0%| F|  |TAMS 0x000000008a900000, 0x000000008a900000| Untracked 
| 170|0x000000008aa00000, 0x000000008aa00000, 0x000000008ab00000|  0%| F|  |TAMS 0x000000008aa00000, 0x000000008aa00000| Untracked 
| 171|0x000000008ab00000, 0x000000008ab00000, 0x000000008ac00000|  0%| F|  |TAMS 0x000000008ab00000, 0x000000008ab00000| Untracked 
| 172|0x000000008ac00000, 0x000000008ac00000, 0x000000008ad00000|  0%| F|  |TAMS 0x000000008ac00000, 0x000000008ac00000| Untracked 
| 173|0x000000008ad00000, 0x000000008ad00000, 0x000000008ae00000|  0%| F|  |TAMS 0x000000008ad00000, 0x000000008ad00000| Untracked 
| 174|0x000000008ae00000, 0x000000008ae96be0, 0x000000008af00000| 58%| S|CS|TAMS 0x000000008ae00000, 0x000000008ae00000| Complete 
| 175|0x000000008af00000, 0x000000008b000000, 0x000000008b000000|100%| S|CS|TAMS 0x000000008af00000, 0x000000008af00000| Complete 
| 176|0x000000008b000000, 0x000000008b100000, 0x000000008b100000|100%| S|CS|TAMS 0x000000008b000000, 0x000000008b000000| Complete 
| 177|0x000000008b100000, 0x000000008b100000, 0x000000008b200000|  0%| F|  |TAMS 0x000000008b100000, 0x000000008b100000| Untracked 
| 178|0x000000008b200000, 0x000000008b200000, 0x000000008b300000|  0%| F|  |TAMS 0x000000008b200000, 0x000000008b200000| Untracked 
| 179|0x000000008b300000, 0x000000008b300000, 0x000000008b400000|  0%| F|  |TAMS 0x000000008b300000, 0x000000008b300000| Untracked 
| 180|0x000000008b400000, 0x000000008b400000, 0x000000008b500000|  0%| F|  |TAMS 0x000000008b400000, 0x000000008b400000| Untracked 
| 181|0x000000008b500000, 0x000000008b500000, 0x000000008b600000|  0%| F|  |TAMS 0x000000008b500000, 0x000000008b500000| Untracked 
| 182|0x000000008b600000, 0x000000008b600000, 0x000000008b700000|  0%| F|  |TAMS 0x000000008b600000, 0x000000008b600000| Untracked 
| 183|0x000000008b700000, 0x000000008b700000, 0x000000008b800000|  0%| F|  |TAMS 0x000000008b700000, 0x000000008b700000| Untracked 
| 184|0x000000008b800000, 0x000000008b800000, 0x000000008b900000|  0%| F|  |TAMS 0x000000008b800000, 0x000000008b800000| Untracked 
| 185|0x000000008b900000, 0x000000008b900000, 0x000000008ba00000|  0%| F|  |TAMS 0x000000008b900000, 0x000000008b900000| Untracked 
| 186|0x000000008ba00000, 0x000000008ba00000, 0x000000008bb00000|  0%| F|  |TAMS 0x000000008ba00000, 0x000000008ba00000| Untracked 
| 187|0x000000008bb00000, 0x000000008bb00000, 0x000000008bc00000|  0%| F|  |TAMS 0x000000008bb00000, 0x000000008bb00000| Untracked 
| 188|0x000000008bc00000, 0x000000008bc00000, 0x000000008bd00000|  0%| F|  |TAMS 0x000000008bc00000, 0x000000008bc00000| Untracked 
| 189|0x000000008bd00000, 0x000000008bd00000, 0x000000008be00000|  0%| F|  |TAMS 0x000000008bd00000, 0x000000008bd00000| Untracked 
| 190|0x000000008be00000, 0x000000008be00000, 0x000000008bf00000|  0%| F|  |TAMS 0x000000008be00000, 0x000000008be00000| Untracked 
| 191|0x000000008bf00000, 0x000000008bf00000, 0x000000008c000000|  0%| F|  |TAMS 0x000000008bf00000, 0x000000008bf00000| Untracked 
| 192|0x000000008c000000, 0x000000008c000000, 0x000000008c100000|  0%| F|  |TAMS 0x000000008c000000, 0x000000008c000000| Untracked 
| 193|0x000000008c100000, 0x000000008c100000, 0x000000008c200000|  0%| F|  |TAMS 0x000000008c100000, 0x000000008c100000| Untracked 
| 194|0x000000008c200000, 0x000000008c200000, 0x000000008c300000|  0%| F|  |TAMS 0x000000008c200000, 0x000000008c200000| Untracked 
| 195|0x000000008c300000, 0x000000008c300000, 0x000000008c400000|  0%| F|  |TAMS 0x000000008c300000, 0x000000008c300000| Untracked 
| 196|0x000000008c400000, 0x000000008c400000, 0x000000008c500000|  0%| F|  |TAMS 0x000000008c400000, 0x000000008c400000| Untracked 
| 197|0x000000008c500000, 0x000000008c500000, 0x000000008c600000|  0%| F|  |TAMS 0x000000008c500000, 0x000000008c500000| Untracked 
| 198|0x000000008c600000, 0x000000008c600000, 0x000000008c700000|  0%| F|  |TAMS 0x000000008c600000, 0x000000008c600000| Untracked 
| 199|0x000000008c700000, 0x000000008c700000, 0x000000008c800000|  0%| F|  |TAMS 0x000000008c700000, 0x000000008c700000| Untracked 
| 200|0x000000008c800000, 0x000000008c800000, 0x000000008c900000|  0%| F|  |TAMS 0x000000008c800000, 0x000000008c800000| Untracked 
| 201|0x000000008c900000, 0x000000008c900000, 0x000000008ca00000|  0%| F|  |TAMS 0x000000008c900000, 0x000000008c900000| Untracked 
| 202|0x000000008ca00000, 0x000000008ca00000, 0x000000008cb00000|  0%| F|  |TAMS 0x000000008ca00000, 0x000000008ca00000| Untracked 
| 203|0x000000008cb00000, 0x000000008cb00000, 0x000000008cc00000|  0%| F|  |TAMS 0x000000008cb00000, 0x000000008cb00000| Untracked 
| 204|0x000000008cc00000, 0x000000008cc00000, 0x000000008cd00000|  0%| F|  |TAMS 0x000000008cc00000, 0x000000008cc00000| Untracked 
| 205|0x000000008cd00000, 0x000000008cd00000, 0x000000008ce00000|  0%| F|  |TAMS 0x000000008cd00000, 0x000000008cd00000| Untracked 
| 206|0x000000008ce00000, 0x000000008ce00000, 0x000000008cf00000|  0%| F|  |TAMS 0x000000008ce00000, 0x000000008ce00000| Untracked 
| 207|0x000000008cf00000, 0x000000008cf00000, 0x000000008d000000|  0%| F|  |TAMS 0x000000008cf00000, 0x000000008cf00000| Untracked 
| 208|0x000000008d000000, 0x000000008d000000, 0x000000008d100000|  0%| F|  |TAMS 0x000000008d000000, 0x000000008d000000| Untracked 
| 209|0x000000008d100000, 0x000000008d100000, 0x000000008d200000|  0%| F|  |TAMS 0x000000008d100000, 0x000000008d100000| Untracked 
| 210|0x000000008d200000, 0x000000008d200000, 0x000000008d300000|  0%| F|  |TAMS 0x000000008d200000, 0x000000008d200000| Untracked 
| 211|0x000000008d300000, 0x000000008d300000, 0x000000008d400000|  0%| F|  |TAMS 0x000000008d300000, 0x000000008d300000| Untracked 
| 212|0x000000008d400000, 0x000000008d400000, 0x000000008d500000|  0%| F|  |TAMS 0x000000008d400000, 0x000000008d400000| Untracked 
| 213|0x000000008d500000, 0x000000008d500000, 0x000000008d600000|  0%| F|  |TAMS 0x000000008d500000, 0x000000008d500000| Untracked 
| 214|0x000000008d600000, 0x000000008d600000, 0x000000008d700000|  0%| F|  |TAMS 0x000000008d600000, 0x000000008d600000| Untracked 
| 215|0x000000008d700000, 0x000000008d700000, 0x000000008d800000|  0%| F|  |TAMS 0x000000008d700000, 0x000000008d700000| Untracked 
| 216|0x000000008d800000, 0x000000008d800000, 0x000000008d900000|  0%| F|  |TAMS 0x000000008d800000, 0x000000008d800000| Untracked 
| 217|0x000000008d900000, 0x000000008d900000, 0x000000008da00000|  0%| F|  |TAMS 0x000000008d900000, 0x000000008d900000| Untracked 
| 218|0x000000008da00000, 0x000000008da00000, 0x000000008db00000|  0%| F|  |TAMS 0x000000008da00000, 0x000000008da00000| Untracked 
| 219|0x000000008db00000, 0x000000008db00000, 0x000000008dc00000|  0%| F|  |TAMS 0x000000008db00000, 0x000000008db00000| Untracked 
| 220|0x000000008dc00000, 0x000000008dc00000, 0x000000008dd00000|  0%| F|  |TAMS 0x000000008dc00000, 0x000000008dc00000| Untracked 
| 221|0x000000008dd00000, 0x000000008dd00000, 0x000000008de00000|  0%| F|  |TAMS 0x000000008dd00000, 0x000000008dd00000| Untracked 
| 222|0x000000008de00000, 0x000000008de00000, 0x000000008df00000|  0%| F|  |TAMS 0x000000008de00000, 0x000000008de00000| Untracked 
| 223|0x000000008df00000, 0x000000008df00000, 0x000000008e000000|  0%| F|  |TAMS 0x000000008df00000, 0x000000008df00000| Untracked 
| 224|0x000000008e000000, 0x000000008e000000, 0x000000008e100000|  0%| F|  |TAMS 0x000000008e000000, 0x000000008e000000| Untracked 
| 225|0x000000008e100000, 0x000000008e100000, 0x000000008e200000|  0%| F|  |TAMS 0x000000008e100000, 0x000000008e100000| Untracked 
| 226|0x000000008e200000, 0x000000008e200000, 0x000000008e300000|  0%| F|  |TAMS 0x000000008e200000, 0x000000008e200000| Untracked 
| 227|0x000000008e300000, 0x000000008e300000, 0x000000008e400000|  0%| F|  |TAMS 0x000000008e300000, 0x000000008e300000| Untracked 
| 228|0x000000008e400000, 0x000000008e400000, 0x000000008e500000|  0%| F|  |TAMS 0x000000008e400000, 0x000000008e400000| Untracked 
| 229|0x000000008e500000, 0x000000008e500000, 0x000000008e600000|  0%| F|  |TAMS 0x000000008e500000, 0x000000008e500000| Untracked 

Card table byte_map: [0x000001637a6f0000,0x000001637aaf0000] _byte_map_base: 0x000001637a2f0000

Marking Bits (Prev, Next): (CMBitMap*) 0x0000016376510c08, (CMBitMap*) 0x0000016376510c40
 Prev Bits: [0x000001637aef0000, 0x000001637cef0000)
 Next Bits: [0x000001637cef0000, 0x000001637eef0000)

Polling page: 0x0000016375ca0000

Metaspace:

Usage:
  Non-class:     92.31 MB capacity,    90.70 MB ( 98%) used,     1.27 MB (  1%) free+waste,   345.63 KB ( <1%) overhead. 
      Class:     14.54 MB capacity,    13.51 MB ( 93%) used,   895.36 KB (  6%) free+waste,   157.31 KB (  1%) overhead. 
       Both:    106.85 MB capacity,   104.21 MB ( 98%) used,     2.15 MB (  2%) free+waste,   502.94 KB ( <1%) overhead. 

Virtual space:
  Non-class space:       94.00 MB reserved,      92.45 MB ( 98%) committed 
      Class space:        1.00 GB reserved,      14.75 MB (  1%) committed 
             Both:        1.09 GB reserved,     107.20 MB ( 10%) committed 

Chunk freelists:
   Non-Class:  79.00 KB
       Class:  152.00 KB
        Both:  231.00 KB

MaxMetaspaceSize: 17179869184.00 GB
CompressedClassSpaceSize: 1.00 GB

CodeHeap 'non-profiled nmethods': size=120000Kb used=9396Kb max_used=9396Kb free=110604Kb
 bounds [0x0000016307ad0000, 0x0000016308400000, 0x000001630f000000]
CodeHeap 'profiled nmethods': size=120000Kb used=32229Kb max_used=32229Kb free=87770Kb
 bounds [0x00000163005a0000, 0x0000016302520000, 0x0000016307ad0000]
CodeHeap 'non-nmethods': size=5760Kb used=2316Kb max_used=2402Kb free=3443Kb
 bounds [0x0000016300000000, 0x0000016300270000, 0x00000163005a0000]
 total_blobs=15604 nmethods=14676 adapters=838
 compilation: enabled
              stopped_count=0, restarted_count=0
 full_count=0

Compilation events (20 events):
Event: 19.875 Thread 0x000001637f96d800 nmethod 14950 0x0000016302508010 code [0x00000163025081c0, 0x00000163025082f8]
Event: 19.875 Thread 0x000001637f96d800 14944       2       com.android.tools.r8.internal.gB0::add (9 bytes)
Event: 19.875 Thread 0x000001637f96d800 nmethod 14944 0x0000016302508390 code [0x0000016302508540, 0x0000016302508688]
Event: 19.875 Thread 0x000001637f96d800 15018       1       com.android.tools.r8.internal.hf1::B (2 bytes)
Event: 19.875 Thread 0x000001637f96d800 nmethod 15018 0x00000163083fb610 code [0x00000163083fb7c0, 0x00000163083fb878]
Event: 19.875 Thread 0x000001637f96d800 15024       2       com.android.tools.r8.internal.gU0::c (44 bytes)
Event: 19.875 Thread 0x000001637f96d800 nmethod 15024 0x0000016302508790 code [0x0000016302508940, 0x0000016302508aa8]
Event: 19.875 Thread 0x000001637f96d800 15025       2       com.android.tools.r8.internal.TO0::H (2 bytes)
Event: 19.875 Thread 0x000001637f96d800 nmethod 15025 0x0000016302508b90 code [0x0000016302508d40, 0x0000016302508e38]
Event: 19.875 Thread 0x000001637f96d800 14994       2       com.android.tools.r8.internal.Hk1::g (13 bytes)
Event: 19.876 Thread 0x000001637f96d800 nmethod 14994 0x0000016302508f10 code [0x00000163025090c0, 0x00000163025091e8]
Event: 19.876 Thread 0x000001637f96d800 15032       2       com.android.tools.r8.ir.regalloc.b::a (1361 bytes)
Event: 19.884 Thread 0x000001637f96d800 nmethod 15032 0x0000016302509290 code [0x0000016302509b20, 0x000001630250c9e8]
Event: 19.884 Thread 0x000001637f96d800 15045 %     3       com.android.tools.r8.internal.D91::a @ 0 (30 bytes)
Event: 19.885 Thread 0x000001637f96d800 nmethod 15045% 0x000001630250ea90 code [0x000001630250ec80, 0x000001630250f148]
Event: 19.885 Thread 0x000001637f96d800 15034       2       com.android.tools.r8.ir.regalloc.b::a (1824 bytes)
Event: 19.902 Thread 0x000001637f96d800 nmethod 15034 0x000001630250f290 code [0x000001630250ff80, 0x00000163025156c8]
Event: 19.902 Thread 0x000001637f96d800 15060 %     3       com.android.tools.r8.internal.VR0::c @ 654 (1150 bytes)
Event: 19.906 Thread 0x0000016313df9800 nmethod 15009 0x00000163083fb910 code [0x00000163083fbb40, 0x00000163083fc818]
Event: 19.906 Thread 0x0000016313df9800 15048       4       com.android.tools.r8.internal.Kn1::b (682 bytes)

GC Heap History (20 events):
Event: 17.542 GC heap after
{Heap after GC invocations=27 (full 0):
 garbage-first heap   total 183296K, used 96600K [0x0000000080000000, 0x0000000100000000)
  region size 1024K, 10 young (10240K), 10 survivors (10240K)
 Metaspace       used 99043K, capacity 101781K, committed 101964K, reserved 1136640K
  class space    used 12816K, capacity 13886K, committed 13952K, reserved 1048576K
}
Event: 17.766 GC heap before
{Heap before GC invocations=27 (full 0):
 garbage-first heap   total 183296K, used 147800K [0x0000000080000000, 0x0000000100000000)
  region size 1024K, 60 young (61440K), 10 survivors (10240K)
 Metaspace       used 100562K, capacity 103309K, committed 103500K, reserved 1138688K
  class space    used 13041K, capacity 14117K, committed 14208K, reserved 1048576K
}
Event: 17.788 GC heap after
{Heap after GC invocations=28 (full 0):
 garbage-first heap   total 183296K, used 104275K [0x0000000080000000, 0x0000000100000000)
  region size 1024K, 8 young (8192K), 8 survivors (8192K)
 Metaspace       used 100562K, capacity 103309K, committed 103500K, reserved 1138688K
  class space    used 13041K, capacity 14117K, committed 14208K, reserved 1048576K
}
Event: 17.991 GC heap before
{Heap before GC invocations=28 (full 0):
 garbage-first heap   total 183296K, used 147283K [0x0000000080000000, 0x0000000100000000)
  region size 1024K, 51 young (52224K), 8 survivors (8192K)
 Metaspace       used 101299K, capacity 103938K, committed 104652K, reserved 1140736K
  class space    used 13083K, capacity 14134K, committed 14336K, reserved 1048576K
}
Event: 18.008 GC heap after
{Heap after GC invocations=29 (full 0):
 garbage-first heap   total 183296K, used 112824K [0x0000000080000000, 0x0000000100000000)
  region size 1024K, 7 young (7168K), 7 survivors (7168K)
 Metaspace       used 101299K, capacity 103938K, committed 104652K, reserved 1140736K
  class space    used 13083K, capacity 14134K, committed 14336K, reserved 1048576K
}
Event: 18.064 GC heap before
{Heap before GC invocations=30 (full 0):
 garbage-first heap   total 183296K, used 148664K [0x0000000080000000, 0x0000000100000000)
  region size 1024K, 42 young (43008K), 7 survivors (7168K)
 Metaspace       used 101570K, capacity 104229K, committed 104780K, reserved 1140736K
  class space    used 13162K, capacity 14230K, committed 14464K, reserved 1048576K
}
Event: 18.078 GC heap after
{Heap after GC invocations=31 (full 0):
 garbage-first heap   total 183296K, used 120235K [0x0000000080000000, 0x0000000100000000)
  region size 1024K, 6 young (6144K), 6 survivors (6144K)
 Metaspace       used 101570K, capacity 104229K, committed 104780K, reserved 1140736K
  class space    used 13162K, capacity 14230K, committed 14464K, reserved 1048576K
}
Event: 18.131 GC heap before
{Heap before GC invocations=31 (full 0):
 garbage-first heap   total 183296K, used 150955K [0x0000000080000000, 0x0000000100000000)
  region size 1024K, 36 young (36864K), 6 survivors (6144K)
 Metaspace       used 101997K, capacity 104631K, committed 105292K, reserved 1140736K
  class space    used 13219K, capacity 14276K, committed 14464K, reserved 1048576K
}
Event: 18.143 GC heap after
{Heap after GC invocations=32 (full 0):
 garbage-first heap   total 183296K, used 126338K [0x0000000080000000, 0x0000000100000000)
  region size 1024K, 5 young (5120K), 5 survivors (5120K)
 Metaspace       used 101997K, capacity 104631K, committed 105292K, reserved 1140736K
  class space    used 13219K, capacity 14276K, committed 14464K, reserved 1048576K
}
Event: 18.351 GC heap before
{Heap before GC invocations=32 (full 0):
 garbage-first heap   total 183296K, used 150914K [0x0000000080000000, 0x0000000100000000)
  region size 1024K, 31 young (31744K), 5 survivors (5120K)
 Metaspace       used 103035K, capacity 105557K, committed 106572K, reserved 1140736K
  class space    used 13335K, capacity 14322K, committed 14720K, reserved 1048576K
}
Event: 18.364 GC heap after
{Heap after GC invocations=33 (full 0):
 garbage-first heap   total 235520K, used 128812K [0x0000000080000000, 0x0000000100000000)
  region size 1024K, 4 young (4096K), 4 survivors (4096K)
 Metaspace       used 103035K, capacity 105557K, committed 106572K, reserved 1140736K
  class space    used 13335K, capacity 14322K, committed 14720K, reserved 1048576K
}
Event: 18.625 GC heap before
{Heap before GC invocations=34 (full 0):
 garbage-first heap   total 235520K, used 173868K [0x0000000080000000, 0x0000000100000000)
  region size 1024K, 48 young (49152K), 4 survivors (4096K)
 Metaspace       used 104152K, capacity 106727K, committed 107468K, reserved 1142784K
  class space    used 13520K, capacity 14537K, committed 14848K, reserved 1048576K
}
Event: 18.637 GC heap after
{Heap after GC invocations=35 (full 0):
 garbage-first heap   total 235520K, used 134165K [0x0000000080000000, 0x0000000100000000)
  region size 1024K, 6 young (6144K), 6 survivors (6144K)
 Metaspace       used 104152K, capacity 106727K, committed 107468K, reserved 1142784K
  class space    used 13520K, capacity 14537K, committed 14848K, reserved 1048576K
}
Event: 18.946 GC heap before
{Heap before GC invocations=35 (full 0):
 garbage-first heap   total 235520K, used 179221K [0x0000000080000000, 0x0000000100000000)
  region size 1024K, 50 young (51200K), 6 survivors (6144K)
 Metaspace       used 105184K, capacity 107795K, committed 108364K, reserved 1142784K
  class space    used 13669K, capacity 14699K, committed 14976K, reserved 1048576K
}
Event: 18.954 GC heap after
{Heap after GC invocations=36 (full 0):
 garbage-first heap   total 235520K, used 135243K [0x0000000080000000, 0x0000000100000000)
  region size 1024K, 2 young (2048K), 2 survivors (2048K)
 Metaspace       used 105184K, capacity 107795K, committed 108364K, reserved 1142784K
  class space    used 13669K, capacity 14699K, committed 14976K, reserved 1048576K
}
Event: 19.294 GC heap before
{Heap before GC invocations=37 (full 0):
 garbage-first heap   total 235520K, used 182347K [0x0000000080000000, 0x0000000100000000)
  region size 1024K, 48 young (49152K), 2 survivors (2048K)
 Metaspace       used 105848K, capacity 108567K, committed 109260K, reserved 1142784K
  class space    used 13771K, capacity 14826K, committed 15104K, reserved 1048576K
}
Event: 19.298 GC heap after
{Heap after GC invocations=38 (full 0):
 garbage-first heap   total 235520K, used 135205K [0x0000000080000000, 0x0000000100000000)
  region size 1024K, 2 young (2048K), 2 survivors (2048K)
 Metaspace       used 105848K, capacity 108567K, committed 109260K, reserved 1142784K
  class space    used 13771K, capacity 14826K, committed 15104K, reserved 1048576K
}
Event: 19.520 GC heap before
{Heap before GC invocations=38 (full 0):
 garbage-first heap   total 235520K, used 185381K [0x0000000080000000, 0x0000000100000000)
  region size 1024K, 51 young (52224K), 2 survivors (2048K)
 Metaspace       used 106397K, capacity 109096K, committed 109516K, reserved 1144832K
  class space    used 13836K, capacity 14891K, committed 15104K, reserved 1048576K
}
Event: 19.525 GC heap after
{Heap after GC invocations=39 (full 0):
 garbage-first heap   total 235520K, used 135869K [0x0000000080000000, 0x0000000100000000)
  region size 1024K, 2 young (2048K), 2 survivors (2048K)
 Metaspace       used 106397K, capacity 109096K, committed 109516K, reserved 1144832K
  class space    used 13836K, capacity 14891K, committed 15104K, reserved 1048576K
}
Event: 19.907 GC heap before
{Heap before GC invocations=40 (full 0):
 garbage-first heap   total 235520K, used 188093K [0x0000000080000000, 0x0000000100000000)
  region size 1024K, 53 young (54272K), 2 survivors (2048K)
 Metaspace       used 106711K, capacity 109413K, committed 109772K, reserved 1144832K
  class space    used 13835K, capacity 14888K, committed 15104K, reserved 1048576K
}

Deoptimization events (20 events):
Event: 19.507 Thread 0x0000016317616000 DEOPT PACKING pc=0x00000163080b1110 sp=0x000000513a7f9d60
Event: 19.507 Thread 0x0000016317616000 DEOPT UNPACKING pc=0x000001630002662f sp=0x000000513a7f9c98 mode 2
Event: 19.549 Thread 0x00000163161b7000 DEOPT PACKING pc=0x00000163022f0613 sp=0x000000513ccf99a0
Event: 19.549 Thread 0x00000163161b7000 DEOPT UNPACKING pc=0x0000016300026dde sp=0x000000513ccf9260 mode 0
Event: 19.633 Thread 0x0000016317619800 DEOPT PACKING pc=0x0000016302397bff sp=0x000000513a6f9710
Event: 19.633 Thread 0x0000016317619800 DEOPT UNPACKING pc=0x0000016300026dde sp=0x000000513a6f8cd0 mode 0
Event: 19.780 Thread 0x000001637fdcc000 Uncommon trap: trap_request=0xfffffff4 fr.pc=0x00000163083e6c9c relative=0x0000000000000efc
Event: 19.780 Thread 0x000001637fdcc000 Uncommon trap: reason=null_check action=make_not_entrant pc=0x00000163083e6c9c method=com.android.tools.r8.internal.Uz0.a(Lcom/android/tools/r8/internal/Da1;)Lcom/android/tools/r8/internal/lk1; @ 8 c2
Event: 19.780 Thread 0x000001637fdcc000 DEOPT PACKING pc=0x00000163083e6c9c sp=0x000000513c5f91c0
Event: 19.780 Thread 0x000001637fdcc000 DEOPT UNPACKING pc=0x000001630002662f sp=0x000000513c5f9048 mode 2
Event: 19.875 Thread 0x0000016317616000 DEOPT PACKING pc=0x0000016301efeb2c sp=0x000000513a7fc7e0
Event: 19.875 Thread 0x0000016317616000 DEOPT UNPACKING pc=0x0000016300026dde sp=0x000000513a7fbcc8 mode 0
Event: 19.875 Thread 0x0000016317616000 DEOPT PACKING pc=0x00000163019b872c sp=0x000000513a7fc910
Event: 19.875 Thread 0x0000016317616000 DEOPT UNPACKING pc=0x0000016300026dde sp=0x000000513a7fbdd8 mode 0
Event: 19.875 Thread 0x0000016317616000 DEOPT PACKING pc=0x0000016301ef5afc sp=0x000000513a7fce60
Event: 19.875 Thread 0x0000016317616000 DEOPT UNPACKING pc=0x0000016300026dde sp=0x000000513a7fc400 mode 0
Event: 19.876 Thread 0x0000016317616000 DEOPT PACKING pc=0x000001630184cb4c sp=0x000000513a7feb10
Event: 19.876 Thread 0x0000016317616000 DEOPT UNPACKING pc=0x0000016300026dde sp=0x000000513a7fe0e0 mode 0
Event: 19.903 Thread 0x0000016317619800 DEOPT PACKING pc=0x00000163024b1a6f sp=0x000000513a6f9290
Event: 19.903 Thread 0x0000016317619800 DEOPT UNPACKING pc=0x0000016300026dde sp=0x000000513a6f8a40 mode 0

Classes redefined (0 events):
No events

Internal exceptions (20 events):
Event: 17.875 Thread 0x0000016317616000 Exception <a 'java/lang/NoSuchMethodError'{0x000000008a3e7930}: 'java.lang.Object java.lang.invoke.DirectMethodHandle$Holder.invokeStatic(java.lang.Object, int, java.lang.Object, java.lang.Object)'> (0x000000008a3e7930) thrown at [./src/hotspot/share/interpreter/linkResolver.cpp, line 773]
Event: 17.875 Thread 0x00000163161bb000 Exception <a 'java/lang/NoSuchMethodError'{0x000000008a3ce8a0}: 'java.lang.Object java.lang.invoke.DirectMethodHandle$Holder.invokeStatic(java.lang.Object, int, java.lang.Object, java.lang.Object)'> (0x000000008a3ce8a0) thrown at [./src/hotspot/share/interpreter/linkResolver.cpp, line 773]
Event: 17.875 Thread 0x0000016316c93800 Exception <a 'java/lang/NoSuchMethodError'{0x000000008a3c8ff8}: 'java.lang.Object java.lang.invoke.DirectMethodHandle$Holder.invokeStatic(java.lang.Object, int, java.lang.Object, java.lang.Object)'> (0x000000008a3c8ff8) thrown at [./src/hotspot/share/interpreter/linkResolver.cpp, line 773]
Event: 18.148 Thread 0x000001637fdcc000 Exception <a 'java/lang/NoSuchMethodError'{0x000000008b176738}: 'java.lang.Object java.lang.invoke.DirectMethodHandle$Holder.invokeVirtual(java.lang.Object, java.lang.Object, int, java.lang.Object)'> (0x000000008b176738) thrown at [./src/hotspot/share/interpreter/linkResolver.cpp, line 773]
Event: 18.153 Thread 0x0000016316c93800 Exception <a 'java/lang/IncompatibleClassChangeError'{0x000000008b1f0078}: Found class java.lang.Object, but interface was expected> (0x000000008b1f0078) thrown at [./src/hotspot/share/interpreter/linkResolver.cpp, line 839]
Event: 18.154 Thread 0x0000016316c93800 Exception <a 'java/lang/IncompatibleClassChangeError'{0x000000008b006028}: Found class java.lang.Object, but interface was expected> (0x000000008b006028) thrown at [./src/hotspot/share/interpreter/linkResolver.cpp, line 839]
Event: 18.199 Thread 0x00000163161bb000 Exception <a 'java/lang/NoSuchMethodError'{0x000000008a967af8}: 'void java.lang.invoke.DirectMethodHandle$Holder.invokeVirtual(java.lang.Object, java.lang.Object, int, java.lang.Object)'> (0x000000008a967af8) thrown at [./src/hotspot/share/interpreter/linkResolver.cpp, line 773]
Event: 18.350 Thread 0x000001637fdcc000 Exception <a 'java/lang/NoSuchMethodError'{0x000000008b1866c0}: 'java.lang.Object java.lang.invoke.DirectMethodHandle$Holder.newInvokeSpecial(java.lang.Object, int)'> (0x000000008b1866c0) thrown at [./src/hotspot/share/interpreter/linkResolver.cpp, line 773]
Event: 18.350 Thread 0x00000163161bb000 Exception <a 'java/lang/NoSuchMethodError'{0x0000000089911718}: 'java.lang.Object java.lang.invoke.DirectMethodHandle$Holder.newInvokeSpecial(java.lang.Object, int)'> (0x0000000089911718) thrown at [./src/hotspot/share/interpreter/linkResolver.cpp, line 773]
Event: 18.351 Thread 0x0000016317619800 Exception <a 'java/lang/NoSuchMethodError'{0x0000000089af3aa0}: 'java.lang.Object java.lang.invoke.DirectMethodHandle$Holder.newInvokeSpecial(java.lang.Object, int)'> (0x0000000089af3aa0) thrown at [./src/hotspot/share/interpreter/linkResolver.cpp, line 773]
Event: 18.365 Thread 0x000001637fdc5000 Exception <a 'java/lang/NoSuchMethodError'{0x00000000898a6c68}: 'java.lang.Object java.lang.invoke.DirectMethodHandle$Holder.newInvokeSpecial(java.lang.Object, int)'> (0x00000000898a6c68) thrown at [./src/hotspot/share/interpreter/linkResolver.cpp, line 773]
Event: 18.891 Thread 0x0000016316c93800 Exception <a 'java/lang/NoSuchMethodError'{0x000000008c1257e0}: 'java.lang.Object java.lang.invoke.Invokers$Holder.linkToTargetMethod(java.lang.Object, int, java.lang.Object, java.lang.Object, java.lang.Object, java.lang.Object)'> (0x000000008c1257e0) thrown at [./src/hotspot/share/interpreter/linkResolver.cpp, line 773]
Event: 18.899 Thread 0x0000016316c93800 Exception <a 'java/lang/NoSuchMethodError'{0x000000008c0d63d0}: 'java.lang.Object java.lang.invoke.Invokers$Holder.linkToTargetMethod(java.lang.Object, java.lang.Object, java.lang.Object, int, java.lang.Object, java.lang.Object, java.lang.Object)'> (0x000000008c0d63d0) thrown at [./src/hotspot/share/interpreter/linkResolver.cpp, line 773]
Event: 18.904 Thread 0x0000016316c93800 Exception <a 'java/lang/NoSuchMethodError'{0x000000008bf2afd8}: 'void java.lang.invoke.DirectMethodHandle$Holder.invokeStatic(java.lang.Object, java.lang.Object, java.lang.Object, java.lang.Object, java.lang.Object, java.lang.Object, java.lang.Object, java.lang.Object)'> (0x000000008bf2afd8) thrown at [./src/hotspot/share/interpreter/linkResolver.cpp, line 773]
Event: 19.225 Thread 0x0000016316c93800 Exception <a 'java/lang/IncompatibleClassChangeError'{0x000000008c6df0e8}: Found class java.lang.Object, but interface was expected> (0x000000008c6df0e8) thrown at [./src/hotspot/share/interpreter/linkResolver.cpp, line 839]
Event: 19.352 Thread 0x0000016316c93800 Exception <a 'java/lang/NoSuchMethodError'{0x000000008da68fb8}: 'void java.lang.invoke.DirectMethodHandle$Holder.invokeVirtual(java.lang.Object, java.lang.Object, int)'> (0x000000008da68fb8) thrown at [./src/hotspot/share/interpreter/linkResolver.cpp, line 773]
Event: 19.405 Thread 0x0000016316c93800 Exception <a 'sun/nio/fs/WindowsException'{0x000000008cfb5238}> (0x000000008cfb5238) thrown at [./src/hotspot/share/prims/jni.cpp, line 615]
Event: 19.439 Thread 0x000001637fdcc000 Exception <a 'java/lang/NoSuchMethodError'{0x000000008c615830}: 'int java.lang.invoke.DirectMethodHandle$Holder.invokeInterface(java.lang.Object, java.lang.Object, int)'> (0x000000008c615830) thrown at [./src/hotspot/share/interpreter/linkResolver.cpp, line 773]
Event: 19.508 Thread 0x0000016317616000 Exception <a 'sun/nio/fs/WindowsException'{0x000000008b5c4780}> (0x000000008b5c4780) thrown at [./src/hotspot/share/prims/jni.cpp, line 615]
Event: 19.780 Thread 0x000001637fdcc000 Implicit null exception at 0x00000163083e6480 to 0x00000163083e6c8c

Events (20 events):
Event: 19.703 loading class com/android/tools/r8/internal/TE0 done
Event: 19.714 loading class com/android/tools/r8/internal/PE0
Event: 19.714 loading class com/android/tools/r8/internal/PE0 done
Event: 19.714 loading class com/android/tools/r8/internal/RD0
Event: 19.714 loading class com/android/tools/r8/internal/RD0 done
Event: 19.714 loading class com/android/tools/r8/internal/RD0
Event: 19.714 loading class com/android/tools/r8/internal/RD0 done
Event: 19.714 loading class com/android/tools/r8/internal/RD0
Event: 19.714 loading class com/android/tools/r8/internal/RD0 done
Event: 19.714 loading class com/android/tools/r8/internal/RD0
Event: 19.714 loading class com/android/tools/r8/internal/RD0 done
Event: 19.736 Executing VM operation: CGC_Operation
Event: 19.756 Executing VM operation: CGC_Operation done
Event: 19.764 Executing VM operation: ICBufferFull
Event: 19.764 Executing VM operation: ICBufferFull done
Event: 19.783 Executing VM operation: ICBufferFull
Event: 19.784 Executing VM operation: ICBufferFull done
Event: 19.868 Executing VM operation: CGC_Operation
Event: 19.868 Executing VM operation: CGC_Operation done
Event: 19.907 Executing VM operation: G1CollectForAllocation


Dynamic libraries:
0x00007ff78ed40000 - 0x00007ff78ed4a000 	D:\COSMOS\PROGRAM\Android Studio\jre\bin\java.exe
0x00007ffae84a0000 - 0x00007ffae86a9000 	C:\WINDOWS\SYSTEM32\ntdll.dll
0x00007ffae74b0000 - 0x00007ffae756d000 	C:\WINDOWS\System32\KERNEL32.DLL
0x00007ffae5990000 - 0x00007ffae5d04000 	C:\WINDOWS\System32\KERNELBASE.dll
0x00007ffae2f30000 - 0x00007ffae2fc1000 	C:\WINDOWS\SYSTEM32\apphelp.dll
0x00007ffae5fc0000 - 0x00007ffae60d1000 	C:\WINDOWS\System32\ucrtbase.dll
0x00007fface660000 - 0x00007fface679000 	D:\COSMOS\PROGRAM\Android Studio\jre\bin\jli.dll
0x00007fface680000 - 0x00007fface697000 	D:\COSMOS\PROGRAM\Android Studio\jre\bin\VCRUNTIME140.dll
0x00007ffae6490000 - 0x00007ffae663c000 	C:\WINDOWS\System32\USER32.dll
0x00007ffad52a0000 - 0x00007ffad5545000 	C:\WINDOWS\WinSxS\amd64_microsoft.windows.common-controls_6595b64144ccf1df_6.0.22000.120_none_9d947278b86cc467\COMCTL32.dll
0x00007ffae5e30000 - 0x00007ffae5e56000 	C:\WINDOWS\System32\win32u.dll
0x00007ffae73f0000 - 0x00007ffae7493000 	C:\WINDOWS\System32\msvcrt.dll
0x00007ffae8430000 - 0x00007ffae8459000 	C:\WINDOWS\System32\GDI32.dll
0x00007ffae5d10000 - 0x00007ffae5e22000 	C:\WINDOWS\System32\gdi32full.dll
0x00007ffae5f20000 - 0x00007ffae5fbd000 	C:\WINDOWS\System32\msvcp_win.dll
0x00007ffae75e0000 - 0x00007ffae7611000 	C:\WINDOWS\System32\IMM32.DLL
0x00007ffab6960000 - 0x00007ffab69fd000 	D:\COSMOS\PROGRAM\Android Studio\jre\bin\msvcp140.dll
0x00007ffa96b10000 - 0x00007ffa975e5000 	D:\COSMOS\PROGRAM\Android Studio\jre\bin\server\jvm.dll
0x00007ffae7620000 - 0x00007ffae76ce000 	C:\WINDOWS\System32\ADVAPI32.dll
0x00007ffae7790000 - 0x00007ffae782e000 	C:\WINDOWS\System32\sechost.dll
0x00007ffae6370000 - 0x00007ffae6490000 	C:\WINDOWS\System32\RPCRT4.dll
0x00007ffae74a0000 - 0x00007ffae74a8000 	C:\WINDOWS\System32\PSAPI.DLL
0x00007ffae04d0000 - 0x00007ffae0503000 	C:\WINDOWS\SYSTEM32\WINMM.dll
0x00007ffad6a40000 - 0x00007ffad6a49000 	C:\WINDOWS\SYSTEM32\WSOCK32.dll
0x00007ffadd640000 - 0x00007ffadd64a000 	C:\WINDOWS\SYSTEM32\VERSION.dll
0x00007ffae7570000 - 0x00007ffae75df000 	C:\WINDOWS\System32\WS2_32.dll
0x00007ffae4a90000 - 0x00007ffae4aa8000 	C:\WINDOWS\SYSTEM32\kernel.appcore.dll
0x00007ffaced80000 - 0x00007ffaced91000 	D:\COSMOS\PROGRAM\Android Studio\jre\bin\verify.dll
0x00007ffade310000 - 0x00007ffade531000 	C:\WINDOWS\SYSTEM32\DBGHELP.DLL
0x00007ffad6940000 - 0x00007ffad6971000 	C:\WINDOWS\SYSTEM32\dbgcore.DLL
0x00007ffae62c0000 - 0x00007ffae633f000 	C:\WINDOWS\System32\bcryptPrimitives.dll
0x00007ffacc9c0000 - 0x00007ffacc9e9000 	D:\COSMOS\PROGRAM\Android Studio\jre\bin\java.dll
0x00007ffae25a0000 - 0x00007ffae25ab000 	D:\COSMOS\PROGRAM\Android Studio\jre\bin\jimage.dll
0x00007fface770000 - 0x00007fface788000 	D:\COSMOS\PROGRAM\Android Studio\jre\bin\zip.dll
0x00007ffae6640000 - 0x00007ffae6dee000 	C:\WINDOWS\System32\SHELL32.dll
0x00007ffae3b00000 - 0x00007ffae4367000 	C:\WINDOWS\SYSTEM32\windows.storage.dll
0x00007ffae7070000 - 0x00007ffae73e8000 	C:\WINDOWS\System32\combase.dll
0x00007ffae3990000 - 0x00007ffae3af6000 	C:\WINDOWS\SYSTEM32\wintypes.dll
0x00007ffae8340000 - 0x00007ffae842a000 	C:\WINDOWS\System32\SHCORE.dll
0x00007ffae76d0000 - 0x00007ffae772d000 	C:\WINDOWS\System32\shlwapi.dll
0x00007ffae58c0000 - 0x00007ffae58e1000 	C:\WINDOWS\SYSTEM32\profapi.dll
0x00007ffacc9a0000 - 0x00007ffacc9ba000 	D:\COSMOS\PROGRAM\Android Studio\jre\bin\net.dll
0x00007ffae0940000 - 0x00007ffae0a4c000 	C:\WINDOWS\SYSTEM32\WINHTTP.dll
0x00007ffae4f30000 - 0x00007ffae4f97000 	C:\WINDOWS\system32\mswsock.dll
0x00007ffacc980000 - 0x00007ffacc994000 	D:\COSMOS\PROGRAM\Android Studio\jre\bin\nio.dll
0x00007ffacf220000 - 0x00007ffacf247000 	C:\Users\ADMIN\.gradle\native\e1d6ef7f7dcc3fd88c89a11ec53ec762bb8ba0a96d01ffa2cd45eb1d1d8dd5c5\windows-amd64\native-platform.dll
0x00007ffab3aa0000 - 0x00007ffab3be4000 	C:\Users\ADMIN\.gradle\native\5664cfc778a61ccfe75a443a1ab52a65af34e5dc3c78e0209fed803814484fcb\windows-amd64\native-platform-file-events.dll
0x00007ffad5820000 - 0x00007ffad582a000 	D:\COSMOS\PROGRAM\Android Studio\jre\bin\management.dll
0x00007ffacf5c0000 - 0x00007ffacf5cd000 	D:\COSMOS\PROGRAM\Android Studio\jre\bin\management_ext.dll
0x00007ffae5180000 - 0x00007ffae5198000 	C:\WINDOWS\SYSTEM32\CRYPTSP.dll
0x00007ffae49f0000 - 0x00007ffae4a25000 	C:\WINDOWS\system32\rsaenh.dll
0x00007ffae5020000 - 0x00007ffae5049000 	C:\WINDOWS\SYSTEM32\USERENV.dll
0x00007ffae52f0000 - 0x00007ffae5317000 	C:\WINDOWS\SYSTEM32\bcrypt.dll
0x00007ffae5170000 - 0x00007ffae517c000 	C:\WINDOWS\SYSTEM32\CRYPTBASE.dll
0x00007ffae45c0000 - 0x00007ffae45ed000 	C:\WINDOWS\SYSTEM32\IPHLPAPI.DLL
0x00007ffae8240000 - 0x00007ffae8249000 	C:\WINDOWS\System32\NSI.dll
0x00007ffae0920000 - 0x00007ffae0939000 	C:\WINDOWS\SYSTEM32\dhcpcsvc6.DLL
0x00007ffae0dd0000 - 0x00007ffae0dee000 	C:\WINDOWS\SYSTEM32\dhcpcsvc.DLL
0x00007ffae45f0000 - 0x00007ffae46d7000 	C:\WINDOWS\SYSTEM32\DNSAPI.dll

dbghelp: loaded successfully - version: 4.0.5 - missing functions: none
symbol engine: initialized successfully - sym options: 0x614 - pdb path: .;D:\COSMOS\PROGRAM\Android Studio\jre\bin;C:\WINDOWS\SYSTEM32;C:\WINDOWS\WinSxS\amd64_microsoft.windows.common-controls_6595b64144ccf1df_6.0.22000.120_none_9d947278b86cc467;D:\COSMOS\PROGRAM\Android Studio\jre\bin\server;C:\Users\ADMIN\.gradle\native\e1d6ef7f7dcc3fd88c89a11ec53ec762bb8ba0a96d01ffa2cd45eb1d1d8dd5c5\windows-amd64;C:\Users\ADMIN\.gradle\native\5664cfc778a61ccfe75a443a1ab52a65af34e5dc3c78e0209fed803814484fcb\windows-amd64

VM Arguments:
jvm_args: --add-opens=java.base/java.util=ALL-UNNAMED --add-opens=java.base/java.lang=ALL-UNNAMED --add-opens=java.base/java.lang.invoke=ALL-UNNAMED --add-opens=java.base/java.util=ALL-UNNAMED --add-opens=java.prefs/java.util.prefs=ALL-UNNAMED --add-opens=java.prefs/java.util.prefs=ALL-UNNAMED --add-opens=java.base/java.nio.charset=ALL-UNNAMED --add-opens=java.base/java.net=ALL-UNNAMED --add-opens=java.base/java.util.concurrent.atomic=ALL-UNNAMED -Xmx2048m -Dfile.encoding=UTF-8 -Duser.country=US -Duser.language=en -Duser.variant 
java_command: org.gradle.launcher.daemon.bootstrap.GradleDaemon 7.2
java_class_path (initial): C:\Users\ADMIN\.gradle\wrapper\dists\gradle-7.2-bin\2dnblmf4td7x66yl1d74lt32g\gradle-7.2\lib\gradle-launcher-7.2.jar
Launcher Type: SUN_STANDARD

[Global flags]
     intx CICompilerCount                          = 4                                         {product} {ergonomic}
     uint ConcGCThreads                            = 2                                         {product} {ergonomic}
     uint G1ConcRefinementThreads                  = 8                                         {product} {ergonomic}
   size_t G1HeapRegionSize                         = 1048576                                   {product} {ergonomic}
    uintx GCDrainStackTargetSize                   = 64                                        {product} {ergonomic}
   size_t InitialHeapSize                          = 130023424                                 {product} {ergonomic}
   size_t MarkStackSize                            = 4194304                                   {product} {ergonomic}
   size_t MaxHeapSize                              = 2147483648                                {product} {command line}
   size_t MaxNewSize                               = 1287651328                                {product} {ergonomic}
   size_t MinHeapDeltaBytes                        = 1048576                                   {product} {ergonomic}
    uintx NonNMethodCodeHeapSize                   = 5836300                                {pd product} {ergonomic}
    uintx NonProfiledCodeHeapSize                  = 122910970                              {pd product} {ergonomic}
    uintx ProfiledCodeHeapSize                     = 122910970                              {pd product} {ergonomic}
    uintx ReservedCodeCacheSize                    = 251658240                              {pd product} {ergonomic}
     bool SegmentedCodeCache                       = true                                      {product} {ergonomic}
     bool UseCompressedClassPointers               = true                                 {lp64_product} {ergonomic}
     bool UseCompressedOops                        = true                                 {lp64_product} {ergonomic}
     bool UseG1GC                                  = true                                      {product} {ergonomic}
     bool UseLargePagesIndividualAllocation        = false                                  {pd product} {ergonomic}

Logging:
Log output configuration:
 #0: stdout all=warning uptime,level,tags
 #1: stderr all=off uptime,level,tags

Environment Variables:
PATH=C:\Users\ADMIN\AppData\Local\Packages\PythonSoftwareFoundation.Python.3.9_qbz5n2kfra8p0\LocalCache\local-packages\Python39;C:\Users\ADMIN\AppData\Local\Packages\PythonSoftwareFoundation.Python.3.9_qbz5n2kfra8p0\LocalCache\local-packages\Python39\Scripts;C:\Program Files\Common Files\Oracle\Java\javapath;C:\WINDOWS\system32;C:\WINDOWS;C:\WINDOWS\System32\Wbem;C:\WINDOWS\System32\WindowsPowerShell\v1.0\;C:\WINDOWS\System32\OpenSSH\;C:\Program Files\dotnet\;C:\Program Files\Git\cmd;C:\Program Files\Microsoft SQL Server\Client SDK\ODBC\170\Tools\Binn\;C:\Program Files (x86)\Microsoft SQL Server\150\Tools\Binn\;C:\Program Files\Microsoft SQL Server\150\Tools\Binn\;C:\Program Files\Microsoft SQL Server\150\DTS\Binn\;D:\COSMOS\PROGRAM\Matlab\runtime\win64;D:\COSMOS\PROGRAM\Matlab\bin;C:\Program Files\nodejs\;C:\ProgramData\chocolatey\bin;C:\Users\ADMIN\AppData\Local\Microsoft\WindowsApps\PythonSoftwareFoundation.Python.3.9_qbz5n2kfra8p0;C:\Users\ADMIN\AppData\Local\Microsoft\WindowsApps;C:\Users\ADMIN\.dotnet\tools;C:\Users\ADMIN\AppData\Local\Programs\Microsoft VS Code\bin;C:\Users\ADMIN\AppData\Local\GitHubDesktop\bin;C:\Program Files\Azure Data Studio\bin;C:\Users\ADMIN\AppData\Roaming\npm;
USERNAME=Lolicon
OS=Windows_NT
PROCESSOR_IDENTIFIER=AMD64 Family 23 Model 24 Stepping 1, AuthenticAMD



---------------  S Y S T E M  ---------------

OS: Windows 10 , 64 bit Build 22000 (10.0.22000.434)
OS uptime: 0 days 3:48 hours

CPU:total 8 (initial active 8) (8 cores per cpu, 2 threads per core) family 23 model 24 stepping 1 microcode 0x0, cmov, cx8, fxsr, mmx, sse, sse2, sse3, ssse3, sse4.1, sse4.2, popcnt, avx, avx2, aes, clmul, mmxext, 3dnowpref, lzcnt, sse4a, ht, tsc, tscinvbit, tscinv, bmi1, bmi2, adx, s

Memory: 4k page, system-wide physical 7874M (538M free)
TotalPageFile size 11970M (AvailPageFile size 42M)
current process WorkingSet (physical memory assigned to process): 598M, peak: 601M
current process commit charge ("private bytes"): 658M, peak: 707M

vm_info: OpenJDK 64-Bit Server VM (11.0.11+9-b60-7590822) for windows-amd64 JRE (11.0.11+9-b60-7590822), built on Jul 29 2021 21:43:44 by "builder" with MS VC++ 14.0 (VS2015)

END.
